CRITICAL - 2022-06-15 00:08:33 --> Undefined property: App\Controllers\Lab::$load
#0 C:\xampp\htdocs\ktb-lab\app\Controllers\Lab.php(12): CodeIgniter\Debug\Exceptions->errorHandler(8, 'Undefined prope...', 'C:\\xampp\\htdocs...', 12, Array)
#1 C:\xampp\htdocs\ktb-lab\system\CodeIgniter.php(809): App\Controllers\Lab->__construct()
#2 C:\xampp\htdocs\ktb-lab\system\CodeIgniter.php(410): CodeIgniter\CodeIgniter->createController()
#3 C:\xampp\htdocs\ktb-lab\system\CodeIgniter.php(326): CodeIgniter\CodeIgniter->handleRequest(NULL, Object(Config\Cache), false)
#4 C:\xampp\htdocs\ktb-lab\public\index.php(37): CodeIgniter\CodeIgniter->run()
#5 C:\xampp\htdocs\ktb-lab\system\Commands\Server\rewrite.php(43): require_once('C:\\xampp\\htdocs...')
#6 {main}
CRITICAL - 2022-06-15 00:08:33 --> Undefined property: App\Controllers\Lab::$load
#0 C:\xampp\htdocs\ktb-lab\app\Controllers\Lab.php(12): CodeIgniter\Debug\Exceptions->errorHandler(8, 'Undefined prope...', 'C:\\xampp\\htdocs...', 12, Array)
#1 C:\xampp\htdocs\ktb-lab\system\CodeIgniter.php(809): App\Controllers\Lab->__construct()
#2 C:\xampp\htdocs\ktb-lab\system\CodeIgniter.php(410): CodeIgniter\CodeIgniter->createController()
#3 C:\xampp\htdocs\ktb-lab\system\CodeIgniter.php(326): CodeIgniter\CodeIgniter->handleRequest(NULL, Object(Config\Cache), false)
#4 C:\xampp\htdocs\ktb-lab\public\index.php(37): CodeIgniter\CodeIgniter->run()
#5 C:\xampp\htdocs\ktb-lab\system\Commands\Server\rewrite.php(43): require_once('C:\\xampp\\htdocs...')
#6 {main}
CRITICAL - 2022-06-15 00:09:06 --> Undefined property: App\Controllers\Lab::$load
#0 C:\xampp\htdocs\ktb-lab\app\Controllers\Lab.php(12): CodeIgniter\Debug\Exceptions->errorHandler(8, 'Undefined prope...', 'C:\\xampp\\htdocs...', 12, Array)
#1 C:\xampp\htdocs\ktb-lab\system\CodeIgniter.php(809): App\Controllers\Lab->__construct()
#2 C:\xampp\htdocs\ktb-lab\system\CodeIgniter.php(410): CodeIgniter\CodeIgniter->createController()
#3 C:\xampp\htdocs\ktb-lab\system\CodeIgniter.php(326): CodeIgniter\CodeIgniter->handleRequest(NULL, Object(Config\Cache), false)
#4 C:\xampp\htdocs\ktb-lab\public\index.php(37): CodeIgniter\CodeIgniter->run()
#5 C:\xampp\htdocs\ktb-lab\system\Commands\Server\rewrite.php(43): require_once('C:\\xampp\\htdocs...')
#6 {main}
CRITICAL - 2022-06-15 00:11:02 --> Class 'App\Controllers\modelLab' not found
#0 C:\xampp\htdocs\ktb-lab\system\CodeIgniter.php(809): App\Controllers\Lab->__construct()
#1 C:\xampp\htdocs\ktb-lab\system\CodeIgniter.php(410): CodeIgniter\CodeIgniter->createController()
#2 C:\xampp\htdocs\ktb-lab\system\CodeIgniter.php(326): CodeIgniter\CodeIgniter->handleRequest(NULL, Object(Config\Cache), false)
#3 C:\xampp\htdocs\ktb-lab\public\index.php(37): CodeIgniter\CodeIgniter->run()
#4 C:\xampp\htdocs\ktb-lab\system\Commands\Server\rewrite.php(43): require_once('C:\\xampp\\htdocs...')
#5 {main}
CRITICAL - 2022-06-15 00:12:05 --> Undefined property: App\Controllers\Lab::$model_lab
#0 C:\xampp\htdocs\ktb-lab\app\Controllers\Lab.php(18): CodeIgniter\Debug\Exceptions->errorHandler(8, 'Undefined prope...', 'C:\\xampp\\htdocs...', 18, Array)
#1 C:\xampp\htdocs\ktb-lab\system\CodeIgniter.php(832): App\Controllers\Lab->rpl()
#2 C:\xampp\htdocs\ktb-lab\system\CodeIgniter.php(419): CodeIgniter\CodeIgniter->runController(Object(App\Controllers\Lab))
#3 C:\xampp\htdocs\ktb-lab\system\CodeIgniter.php(326): CodeIgniter\CodeIgniter->handleRequest(NULL, Object(Config\Cache), false)
#4 C:\xampp\htdocs\ktb-lab\public\index.php(37): CodeIgniter\CodeIgniter->run()
#5 C:\xampp\htdocs\ktb-lab\system\Commands\Server\rewrite.php(43): require_once('C:\\xampp\\htdocs...')
#6 {main}
ERROR - 2022-06-15 00:13:20 --> Error connecting to the database: Access denied for user ''@'localhost' (using password: NO)
CRITICAL - 2022-06-15 00:13:20 --> Unable to connect to the database.
Main connection [MySQLi]: Access denied for user ''@'localhost' (using password: NO)
#0 C:\xampp\htdocs\ktb-lab\system\Database\BaseConnection.php(577): CodeIgniter\Database\BaseConnection->initialize()
#1 C:\xampp\htdocs\ktb-lab\system\Database\BaseBuilder.php(1455): CodeIgniter\Database\BaseConnection->query('SELECT *\nFROM `...', Array, false)
#2 C:\xampp\htdocs\ktb-lab\app\Models\modelLab.php(49): CodeIgniter\Database\BaseBuilder->get()
#3 C:\xampp\htdocs\ktb-lab\app\Controllers\Lab.php(26): App\Models\modelLab->TampilLabRPL()
#4 C:\xampp\htdocs\ktb-lab\system\CodeIgniter.php(832): App\Controllers\Lab->rpl()
#5 C:\xampp\htdocs\ktb-lab\system\CodeIgniter.php(419): CodeIgniter\CodeIgniter->runController(Object(App\Controllers\Lab))
#6 C:\xampp\htdocs\ktb-lab\system\CodeIgniter.php(326): CodeIgniter\CodeIgniter->handleRequest(NULL, Object(Config\Cache), false)
#7 C:\xampp\htdocs\ktb-lab\public\index.php(37): CodeIgniter\CodeIgniter->run()
#8 C:\xampp\htdocs\ktb-lab\system\Commands\Server\rewrite.php(43): require_once('C:\\xampp\\htdocs...')
#9 {main}
ERROR - 2022-06-15 00:14:01 --> Error connecting to the database: Unknown database 'ktb-lab'
CRITICAL - 2022-06-15 00:14:01 --> Unable to connect to the database.
Main connection [MySQLi]: Unknown database 'ktb-lab'
#0 C:\xampp\htdocs\ktb-lab\system\Database\BaseConnection.php(577): CodeIgniter\Database\BaseConnection->initialize()
#1 C:\xampp\htdocs\ktb-lab\system\Database\BaseBuilder.php(1455): CodeIgniter\Database\BaseConnection->query('SELECT *\nFROM `...', Array, false)
#2 C:\xampp\htdocs\ktb-lab\app\Models\modelLab.php(49): CodeIgniter\Database\BaseBuilder->get()
#3 C:\xampp\htdocs\ktb-lab\app\Controllers\Lab.php(26): App\Models\modelLab->TampilLabRPL()
#4 C:\xampp\htdocs\ktb-lab\system\CodeIgniter.php(832): App\Controllers\Lab->rpl()
#5 C:\xampp\htdocs\ktb-lab\system\CodeIgniter.php(419): CodeIgniter\CodeIgniter->runController(Object(App\Controllers\Lab))
#6 C:\xampp\htdocs\ktb-lab\system\CodeIgniter.php(326): CodeIgniter\CodeIgniter->handleRequest(NULL, Object(Config\Cache), false)
#7 C:\xampp\htdocs\ktb-lab\public\index.php(37): CodeIgniter\CodeIgniter->run()
#8 C:\xampp\htdocs\ktb-lab\system\Commands\Server\rewrite.php(43): require_once('C:\\xampp\\htdocs...')
#9 {main}
ERROR - 2022-06-15 00:14:11 --> Unknown column 'userid' in 'where clause'
CRITICAL - 2022-06-15 00:14:11 --> Unknown column 'userid' in 'where clause'
#0 C:\xampp\htdocs\ktb-lab\system\Database\MySQLi\Connection.php(292): mysqli->query('SELECT *\nFROM `...', 0)
#1 C:\xampp\htdocs\ktb-lab\system\Database\BaseConnection.php(670): CodeIgniter\Database\MySQLi\Connection->execute('SELECT *\nFROM `...')
#2 C:\xampp\htdocs\ktb-lab\system\Database\BaseConnection.php(598): CodeIgniter\Database\BaseConnection->simpleQuery('SELECT *\nFROM `...')
#3 C:\xampp\htdocs\ktb-lab\system\Database\BaseBuilder.php(1455): CodeIgniter\Database\BaseConnection->query('SELECT *\nFROM `...', Array, false)
#4 C:\xampp\htdocs\ktb-lab\app\Models\modelLab.php(49): CodeIgniter\Database\BaseBuilder->get()
#5 C:\xampp\htdocs\ktb-lab\app\Controllers\Lab.php(26): App\Models\modelLab->TampilLabRPL()
#6 C:\xampp\htdocs\ktb-lab\system\CodeIgniter.php(832): App\Controllers\Lab->rpl()
#7 C:\xampp\htdocs\ktb-lab\system\CodeIgniter.php(419): CodeIgniter\CodeIgniter->runController(Object(App\Controllers\Lab))
#8 C:\xampp\htdocs\ktb-lab\system\CodeIgniter.php(326): CodeIgniter\CodeIgniter->handleRequest(NULL, Object(Config\Cache), false)
#9 C:\xampp\htdocs\ktb-lab\public\index.php(37): CodeIgniter\CodeIgniter->run()
#10 C:\xampp\htdocs\ktb-lab\system\Commands\Server\rewrite.php(43): require_once('C:\\xampp\\htdocs...')
#11 {main}
CRITICAL - 2022-06-15 00:14:41 --> Trying to access array offset on value of type null
#0 C:\xampp\htdocs\ktb-lab\app\Views\laboratorium\rpl.php(18): CodeIgniter\Debug\Exceptions->errorHandler(8, 'Trying to acces...', 'C:\\xampp\\htdocs...', 18, Array)
#1 C:\xampp\htdocs\ktb-lab\system\View\View.php(210): include('C:\\xampp\\htdocs...')
#2 C:\xampp\htdocs\ktb-lab\system\View\View.php(213): CodeIgniter\View\View->CodeIgniter\View\{closure}()
#3 C:\xampp\htdocs\ktb-lab\system\Common.php(1089): CodeIgniter\View\View->render('laboratorium/rp...', Array, true)
#4 C:\xampp\htdocs\ktb-lab\app\Controllers\Lab.php(28): view('laboratorium/rp...', Array)
#5 C:\xampp\htdocs\ktb-lab\system\CodeIgniter.php(832): App\Controllers\Lab->rpl()
#6 C:\xampp\htdocs\ktb-lab\system\CodeIgniter.php(419): CodeIgniter\CodeIgniter->runController(Object(App\Controllers\Lab))
#7 C:\xampp\htdocs\ktb-lab\system\CodeIgniter.php(326): CodeIgniter\CodeIgniter->handleRequest(NULL, Object(Config\Cache), false)
#8 C:\xampp\htdocs\ktb-lab\public\index.php(37): CodeIgniter\CodeIgniter->run()
#9 C:\xampp\htdocs\ktb-lab\system\Commands\Server\rewrite.php(43): require_once('C:\\xampp\\htdocs...')
#10 {main}
CRITICAL - 2022-06-15 00:15:04 --> Cannot use object of type CodeIgniter\Database\MySQLi\Result as array
#0 C:\xampp\htdocs\ktb-lab\system\View\View.php(210): include()
#1 C:\xampp\htdocs\ktb-lab\system\View\View.php(213): CodeIgniter\View\View->CodeIgniter\View\{closure}()
#2 C:\xampp\htdocs\ktb-lab\system\Common.php(1089): CodeIgniter\View\View->render('laboratorium/rp...', Array, true)
#3 C:\xampp\htdocs\ktb-lab\app\Controllers\Lab.php(28): view('laboratorium/rp...', Array)
#4 C:\xampp\htdocs\ktb-lab\system\CodeIgniter.php(832): App\Controllers\Lab->rpl()
#5 C:\xampp\htdocs\ktb-lab\system\CodeIgniter.php(419): CodeIgniter\CodeIgniter->runController(Object(App\Controllers\Lab))
#6 C:\xampp\htdocs\ktb-lab\system\CodeIgniter.php(326): CodeIgniter\CodeIgniter->handleRequest(NULL, Object(Config\Cache), false)
#7 C:\xampp\htdocs\ktb-lab\public\index.php(37): CodeIgniter\CodeIgniter->run()
#8 C:\xampp\htdocs\ktb-lab\system\Commands\Server\rewrite.php(43): require_once('C:\\xampp\\htdocs...')
#9 {main}
CRITICAL - 2022-06-15 00:15:29 --> Cannot use object of type CodeIgniter\Database\MySQLi\Result as array
#0 C:\xampp\htdocs\ktb-lab\system\View\View.php(210): include()
#1 C:\xampp\htdocs\ktb-lab\system\View\View.php(213): CodeIgniter\View\View->CodeIgniter\View\{closure}()
#2 C:\xampp\htdocs\ktb-lab\system\Common.php(1089): CodeIgniter\View\View->render('laboratorium/rp...', Array, true)
#3 C:\xampp\htdocs\ktb-lab\app\Controllers\Lab.php(28): view('laboratorium/rp...', Array)
#4 C:\xampp\htdocs\ktb-lab\system\CodeIgniter.php(832): App\Controllers\Lab->rpl()
#5 C:\xampp\htdocs\ktb-lab\system\CodeIgniter.php(419): CodeIgniter\CodeIgniter->runController(Object(App\Controllers\Lab))
#6 C:\xampp\htdocs\ktb-lab\system\CodeIgniter.php(326): CodeIgniter\CodeIgniter->handleRequest(NULL, Object(Config\Cache), false)
#7 C:\xampp\htdocs\ktb-lab\public\index.php(37): CodeIgniter\CodeIgniter->run()
#8 C:\xampp\htdocs\ktb-lab\system\Commands\Server\rewrite.php(43): require_once('C:\\xampp\\htdocs...')
#9 {main}
CRITICAL - 2022-06-15 00:16:26 --> Undefined property: App\Controllers\Lab::$usermodel
#0 C:\xampp\htdocs\ktb-lab\app\Controllers\Lab.php(27): CodeIgniter\Debug\Exceptions->errorHandler(8, 'Undefined prope...', 'C:\\xampp\\htdocs...', 27, Array)
#1 C:\xampp\htdocs\ktb-lab\system\CodeIgniter.php(832): App\Controllers\Lab->rpl()
#2 C:\xampp\htdocs\ktb-lab\system\CodeIgniter.php(419): CodeIgniter\CodeIgniter->runController(Object(App\Controllers\Lab))
#3 C:\xampp\htdocs\ktb-lab\system\CodeIgniter.php(326): CodeIgniter\CodeIgniter->handleRequest(NULL, Object(Config\Cache), false)
#4 C:\xampp\htdocs\ktb-lab\public\index.php(37): CodeIgniter\CodeIgniter->run()
#5 C:\xampp\htdocs\ktb-lab\system\Commands\Server\rewrite.php(43): require_once('C:\\xampp\\htdocs...')
#6 {main}
