CRITICAL - 2022-06-22 00:41:34 --> Trying to access array offset on value of type null
#0 D:\Belajar\Framework\ktb-lab\ktb-lab\app\Views\laboratorium\rpl.php(58): CodeIgniter\Debug\Exceptions->errorHandler(2, 'Trying to acces...', 'D:\\Belajar\\Fram...', 58)
#1 D:\Belajar\Framework\ktb-lab\ktb-lab\system\View\View.php(210): include('D:\\Belajar\\Fram...')
#2 D:\Belajar\Framework\ktb-lab\ktb-lab\system\View\View.php(213): CodeIgniter\View\View->CodeIgniter\View\{closure}()
#3 D:\Belajar\Framework\ktb-lab\ktb-lab\system\Common.php(1089): CodeIgniter\View\View->render('laboratorium/rp...', Array, true)
#4 D:\Belajar\Framework\ktb-lab\ktb-lab\app\Controllers\Lab.php(33): view('laboratorium/rp...', Array)
#5 D:\Belajar\Framework\ktb-lab\ktb-lab\system\CodeIgniter.php(832): App\Controllers\Lab->rpl()
#6 D:\Belajar\Framework\ktb-lab\ktb-lab\system\CodeIgniter.php(419): CodeIgniter\CodeIgniter->runController(Object(App\Controllers\Lab))
#7 D:\Belajar\Framework\ktb-lab\ktb-lab\system\CodeIgniter.php(326): CodeIgniter\CodeIgniter->handleRequest(NULL, Object(Config\Cache), false)
#8 D:\Belajar\Framework\ktb-lab\ktb-lab\public\index.php(37): CodeIgniter\CodeIgniter->run()
#9 D:\Belajar\Framework\ktb-lab\ktb-lab\system\Commands\Server\rewrite.php(43): require_once('D:\\Belajar\\Fram...')
#10 {main}
CRITICAL - 2022-06-22 00:42:14 --> Undefined constant "nama_ruangan"
#0 D:\Belajar\Framework\ktb-lab\ktb-lab\system\View\View.php(210): include()
#1 D:\Belajar\Framework\ktb-lab\ktb-lab\system\View\View.php(213): CodeIgniter\View\View->CodeIgniter\View\{closure}()
#2 D:\Belajar\Framework\ktb-lab\ktb-lab\system\Common.php(1089): CodeIgniter\View\View->render('laboratorium/rp...', Array, true)
#3 D:\Belajar\Framework\ktb-lab\ktb-lab\app\Controllers\Lab.php(33): view('laboratorium/rp...', Array)
#4 D:\Belajar\Framework\ktb-lab\ktb-lab\system\CodeIgniter.php(832): App\Controllers\Lab->rpl()
#5 D:\Belajar\Framework\ktb-lab\ktb-lab\system\CodeIgniter.php(419): CodeIgniter\CodeIgniter->runController(Object(App\Controllers\Lab))
#6 D:\Belajar\Framework\ktb-lab\ktb-lab\system\CodeIgniter.php(326): CodeIgniter\CodeIgniter->handleRequest(NULL, Object(Config\Cache), false)
#7 D:\Belajar\Framework\ktb-lab\ktb-lab\public\index.php(37): CodeIgniter\CodeIgniter->run()
#8 D:\Belajar\Framework\ktb-lab\ktb-lab\system\Commands\Server\rewrite.php(43): require_once('D:\\Belajar\\Fram...')
#9 {main}
CRITICAL - 2022-06-22 00:42:22 --> Trying to access array offset on value of type null
#0 D:\Belajar\Framework\ktb-lab\ktb-lab\app\Views\laboratorium\rpl.php(58): CodeIgniter\Debug\Exceptions->errorHandler(2, 'Trying to acces...', 'D:\\Belajar\\Fram...', 58)
#1 D:\Belajar\Framework\ktb-lab\ktb-lab\system\View\View.php(210): include('D:\\Belajar\\Fram...')
#2 D:\Belajar\Framework\ktb-lab\ktb-lab\system\View\View.php(213): CodeIgniter\View\View->CodeIgniter\View\{closure}()
#3 D:\Belajar\Framework\ktb-lab\ktb-lab\system\Common.php(1089): CodeIgniter\View\View->render('laboratorium/rp...', Array, true)
#4 D:\Belajar\Framework\ktb-lab\ktb-lab\app\Controllers\Lab.php(33): view('laboratorium/rp...', Array)
#5 D:\Belajar\Framework\ktb-lab\ktb-lab\system\CodeIgniter.php(832): App\Controllers\Lab->rpl()
#6 D:\Belajar\Framework\ktb-lab\ktb-lab\system\CodeIgniter.php(419): CodeIgniter\CodeIgniter->runController(Object(App\Controllers\Lab))
#7 D:\Belajar\Framework\ktb-lab\ktb-lab\system\CodeIgniter.php(326): CodeIgniter\CodeIgniter->handleRequest(NULL, Object(Config\Cache), false)
#8 D:\Belajar\Framework\ktb-lab\ktb-lab\public\index.php(37): CodeIgniter\CodeIgniter->run()
#9 D:\Belajar\Framework\ktb-lab\ktb-lab\system\Commands\Server\rewrite.php(43): require_once('D:\\Belajar\\Fram...')
#10 {main}
CRITICAL - 2022-06-22 00:43:23 --> Trying to access array offset on value of type null
#0 D:\Belajar\Framework\ktb-lab\ktb-lab\app\Views\laboratorium\rpl.php(61): CodeIgniter\Debug\Exceptions->errorHandler(2, 'Trying to acces...', 'D:\\Belajar\\Fram...', 61)
#1 D:\Belajar\Framework\ktb-lab\ktb-lab\system\View\View.php(210): include('D:\\Belajar\\Fram...')
#2 D:\Belajar\Framework\ktb-lab\ktb-lab\system\View\View.php(213): CodeIgniter\View\View->CodeIgniter\View\{closure}()
#3 D:\Belajar\Framework\ktb-lab\ktb-lab\system\Common.php(1089): CodeIgniter\View\View->render('laboratorium/rp...', Array, true)
#4 D:\Belajar\Framework\ktb-lab\ktb-lab\app\Controllers\Lab.php(33): view('laboratorium/rp...', Array)
#5 D:\Belajar\Framework\ktb-lab\ktb-lab\system\CodeIgniter.php(832): App\Controllers\Lab->rpl()
#6 D:\Belajar\Framework\ktb-lab\ktb-lab\system\CodeIgniter.php(419): CodeIgniter\CodeIgniter->runController(Object(App\Controllers\Lab))
#7 D:\Belajar\Framework\ktb-lab\ktb-lab\system\CodeIgniter.php(326): CodeIgniter\CodeIgniter->handleRequest(NULL, Object(Config\Cache), false)
#8 D:\Belajar\Framework\ktb-lab\ktb-lab\public\index.php(37): CodeIgniter\CodeIgniter->run()
#9 D:\Belajar\Framework\ktb-lab\ktb-lab\system\Commands\Server\rewrite.php(43): require_once('D:\\Belajar\\Fram...')
#10 {main}
CRITICAL - 2022-06-22 00:44:47 --> Trying to access array offset on value of type null
#0 D:\Belajar\Framework\ktb-lab\ktb-lab\app\Views\laboratorium\rpl.php(56): CodeIgniter\Debug\Exceptions->errorHandler(2, 'Trying to acces...', 'D:\\Belajar\\Fram...', 56)
#1 D:\Belajar\Framework\ktb-lab\ktb-lab\system\View\View.php(210): include('D:\\Belajar\\Fram...')
#2 D:\Belajar\Framework\ktb-lab\ktb-lab\system\View\View.php(213): CodeIgniter\View\View->CodeIgniter\View\{closure}()
#3 D:\Belajar\Framework\ktb-lab\ktb-lab\system\Common.php(1089): CodeIgniter\View\View->render('laboratorium/rp...', Array, true)
#4 D:\Belajar\Framework\ktb-lab\ktb-lab\app\Controllers\Lab.php(33): view('laboratorium/rp...', Array)
#5 D:\Belajar\Framework\ktb-lab\ktb-lab\system\CodeIgniter.php(832): App\Controllers\Lab->rpl()
#6 D:\Belajar\Framework\ktb-lab\ktb-lab\system\CodeIgniter.php(419): CodeIgniter\CodeIgniter->runController(Object(App\Controllers\Lab))
#7 D:\Belajar\Framework\ktb-lab\ktb-lab\system\CodeIgniter.php(326): CodeIgniter\CodeIgniter->handleRequest(NULL, Object(Config\Cache), false)
#8 D:\Belajar\Framework\ktb-lab\ktb-lab\public\index.php(37): CodeIgniter\CodeIgniter->run()
#9 D:\Belajar\Framework\ktb-lab\ktb-lab\system\Commands\Server\rewrite.php(43): require_once('D:\\Belajar\\Fram...')
#10 {main}
CRITICAL - 2022-06-22 00:46:08 --> Trying to access array offset on value of type null
#0 D:\Belajar\Framework\ktb-lab\ktb-lab\app\Views\laboratorium\rpl.php(56): CodeIgniter\Debug\Exceptions->errorHandler(2, 'Trying to acces...', 'D:\\Belajar\\Fram...', 56)
#1 D:\Belajar\Framework\ktb-lab\ktb-lab\system\View\View.php(210): include('D:\\Belajar\\Fram...')
#2 D:\Belajar\Framework\ktb-lab\ktb-lab\system\View\View.php(213): CodeIgniter\View\View->CodeIgniter\View\{closure}()
#3 D:\Belajar\Framework\ktb-lab\ktb-lab\system\Common.php(1089): CodeIgniter\View\View->render('laboratorium/rp...', Array, true)
#4 D:\Belajar\Framework\ktb-lab\ktb-lab\app\Controllers\Lab.php(33): view('laboratorium/rp...', Array)
#5 D:\Belajar\Framework\ktb-lab\ktb-lab\system\CodeIgniter.php(832): App\Controllers\Lab->rpl()
#6 D:\Belajar\Framework\ktb-lab\ktb-lab\system\CodeIgniter.php(419): CodeIgniter\CodeIgniter->runController(Object(App\Controllers\Lab))
#7 D:\Belajar\Framework\ktb-lab\ktb-lab\system\CodeIgniter.php(326): CodeIgniter\CodeIgniter->handleRequest(NULL, Object(Config\Cache), false)
#8 D:\Belajar\Framework\ktb-lab\ktb-lab\public\index.php(37): CodeIgniter\CodeIgniter->run()
#9 D:\Belajar\Framework\ktb-lab\ktb-lab\system\Commands\Server\rewrite.php(43): require_once('D:\\Belajar\\Fram...')
#10 {main}
CRITICAL - 2022-06-22 00:46:21 --> Trying to access array offset on value of type null
#0 D:\Belajar\Framework\ktb-lab\ktb-lab\app\Views\laboratorium\rpl.php(56): CodeIgniter\Debug\Exceptions->errorHandler(2, 'Trying to acces...', 'D:\\Belajar\\Fram...', 56)
#1 D:\Belajar\Framework\ktb-lab\ktb-lab\system\View\View.php(210): include('D:\\Belajar\\Fram...')
#2 D:\Belajar\Framework\ktb-lab\ktb-lab\system\View\View.php(213): CodeIgniter\View\View->CodeIgniter\View\{closure}()
#3 D:\Belajar\Framework\ktb-lab\ktb-lab\system\Common.php(1089): CodeIgniter\View\View->render('laboratorium/rp...', Array, true)
#4 D:\Belajar\Framework\ktb-lab\ktb-lab\app\Controllers\Lab.php(33): view('laboratorium/rp...', Array)
#5 D:\Belajar\Framework\ktb-lab\ktb-lab\system\CodeIgniter.php(832): App\Controllers\Lab->rpl()
#6 D:\Belajar\Framework\ktb-lab\ktb-lab\system\CodeIgniter.php(419): CodeIgniter\CodeIgniter->runController(Object(App\Controllers\Lab))
#7 D:\Belajar\Framework\ktb-lab\ktb-lab\system\CodeIgniter.php(326): CodeIgniter\CodeIgniter->handleRequest(NULL, Object(Config\Cache), false)
#8 D:\Belajar\Framework\ktb-lab\ktb-lab\public\index.php(37): CodeIgniter\CodeIgniter->run()
#9 D:\Belajar\Framework\ktb-lab\ktb-lab\system\Commands\Server\rewrite.php(43): require_once('D:\\Belajar\\Fram...')
#10 {main}
CRITICAL - 2022-06-22 01:31:34 --> Undefined variable $email
#0 D:\Belajar\Framework\ktb-lab\ktb-lab\app\Views\log\log_register.php(23): CodeIgniter\Debug\Exceptions->errorHandler(2, 'Undefined varia...', 'D:\\Belajar\\Fram...', 23)
#1 D:\Belajar\Framework\ktb-lab\ktb-lab\system\View\View.php(210): include('D:\\Belajar\\Fram...')
#2 D:\Belajar\Framework\ktb-lab\ktb-lab\system\View\View.php(213): CodeIgniter\View\View->CodeIgniter\View\{closure}()
#3 D:\Belajar\Framework\ktb-lab\ktb-lab\system\Common.php(1089): CodeIgniter\View\View->render('log/log_registe...', Array, true)
#4 D:\Belajar\Framework\ktb-lab\ktb-lab\app\Controllers\Lab.php(89): view('log/log_registe...', Array)
#5 D:\Belajar\Framework\ktb-lab\ktb-lab\system\CodeIgniter.php(832): App\Controllers\Lab->l_register()
#6 D:\Belajar\Framework\ktb-lab\ktb-lab\system\CodeIgniter.php(419): CodeIgniter\CodeIgniter->runController(Object(App\Controllers\Lab))
#7 D:\Belajar\Framework\ktb-lab\ktb-lab\system\CodeIgniter.php(326): CodeIgniter\CodeIgniter->handleRequest(NULL, Object(Config\Cache), false)
#8 D:\Belajar\Framework\ktb-lab\ktb-lab\public\index.php(37): CodeIgniter\CodeIgniter->run()
#9 D:\Belajar\Framework\ktb-lab\ktb-lab\system\Commands\Server\rewrite.php(43): require_once('D:\\Belajar\\Fram...')
#10 {main}
