CRITICAL - 2022-06-28 13:09:33 --> Undefined property: App\Controllers\Admin::$AdminUser
#0 C:\xampp\htdocs\ktb-lab\app\Controllers\Admin.php(194): CodeIgniter\Debug\Exceptions->errorHandler(8, 'Undefined prope...', 'C:\\xampp\\htdocs...', 194, Array)
#1 C:\xampp\htdocs\ktb-lab\system\CodeIgniter.php(832): App\Controllers\Admin->user()
#2 C:\xampp\htdocs\ktb-lab\system\CodeIgniter.php(419): CodeIgniter\CodeIgniter->runController(Object(App\Controllers\Admin))
#3 C:\xampp\htdocs\ktb-lab\system\CodeIgniter.php(326): CodeIgniter\CodeIgniter->handleRequest(NULL, Object(Config\Cache), false)
#4 C:\xampp\htdocs\ktb-lab\public\index.php(37): CodeIgniter\CodeIgniter->run()
#5 C:\xampp\htdocs\ktb-lab\system\Commands\Server\rewrite.php(43): require_once('C:\\xampp\\htdocs...')
#6 {main}
CRITICAL - 2022-06-28 23:21:03 --> syntax error, unexpected end of file
#0 C:\xampp\htdocs\ktb-lab\system\View\View.php(213): CodeIgniter\View\View->CodeIgniter\View\{closure}()
#1 C:\xampp\htdocs\ktb-lab\system\Common.php(1089): CodeIgniter\View\View->render('admin/user', Array, true)
#2 C:\xampp\htdocs\ktb-lab\app\Controllers\Admin.php(198): view('admin/user', Array)
#3 C:\xampp\htdocs\ktb-lab\system\CodeIgniter.php(832): App\Controllers\Admin->user()
#4 C:\xampp\htdocs\ktb-lab\system\CodeIgniter.php(419): CodeIgniter\CodeIgniter->runController(Object(App\Controllers\Admin))
#5 C:\xampp\htdocs\ktb-lab\system\CodeIgniter.php(326): CodeIgniter\CodeIgniter->handleRequest(NULL, Object(Config\Cache), false)
#6 C:\xampp\htdocs\ktb-lab\public\index.php(37): CodeIgniter\CodeIgniter->run()
#7 C:\xampp\htdocs\ktb-lab\system\Commands\Server\rewrite.php(43): require_once('C:\\xampp\\htdocs...')
#8 {main}
CRITICAL - 2022-06-28 23:23:58 --> Undefined index: id
#0 C:\xampp\htdocs\ktb-lab\app\Views\admin\user.php(50): CodeIgniter\Debug\Exceptions->errorHandler(8, 'Undefined index...', 'C:\\xampp\\htdocs...', 50, Array)
#1 C:\xampp\htdocs\ktb-lab\system\View\View.php(210): include('C:\\xampp\\htdocs...')
#2 C:\xampp\htdocs\ktb-lab\system\View\View.php(213): CodeIgniter\View\View->CodeIgniter\View\{closure}()
#3 C:\xampp\htdocs\ktb-lab\system\Common.php(1089): CodeIgniter\View\View->render('admin/user', Array, true)
#4 C:\xampp\htdocs\ktb-lab\app\Controllers\Admin.php(198): view('admin/user', Array)
#5 C:\xampp\htdocs\ktb-lab\system\CodeIgniter.php(832): App\Controllers\Admin->user()
#6 C:\xampp\htdocs\ktb-lab\system\CodeIgniter.php(419): CodeIgniter\CodeIgniter->runController(Object(App\Controllers\Admin))
#7 C:\xampp\htdocs\ktb-lab\system\CodeIgniter.php(326): CodeIgniter\CodeIgniter->handleRequest(NULL, Object(Config\Cache), false)
#8 C:\xampp\htdocs\ktb-lab\public\index.php(37): CodeIgniter\CodeIgniter->run()
#9 C:\xampp\htdocs\ktb-lab\system\Commands\Server\rewrite.php(43): require_once('C:\\xampp\\htdocs...')
#10 {main}
CRITICAL - 2022-06-28 23:55:10 --> Cannot redeclare App\Controllers\Admin::simpanFasilitas()
#0 [internal function]: CodeIgniter\Debug\Exceptions->shutdownHandler()
#1 {main}
