ERROR - 2022-06-23 09:15:53 --> Error connecting to the database: Unknown database 'uaswf'
CRITICAL - 2022-06-23 09:15:53 --> Unable to connect to the database.
Main connection [MySQLi]: Unknown database 'uaswf'
#0 C:\xampp\htdocs\ktb-lab\system\Database\BaseConnection.php(577): CodeIgniter\Database\BaseConnection->initialize()
#1 C:\xampp\htdocs\ktb-lab\system\Database\BaseBuilder.php(1455): CodeIgniter\Database\BaseConnection->query('SELECT *\nFROM `...', Array, false)
#2 C:\xampp\htdocs\ktb-lab\system\Model.php(210): CodeIgniter\Database\BaseBuilder->get()
#3 C:\xampp\htdocs\ktb-lab\system\BaseModel.php(622): CodeIgniter\Model->doFirst()
#4 C:\xampp\htdocs\ktb-lab\app\Controllers\Lab.php(31): CodeIgniter\BaseModel->first()
#5 C:\xampp\htdocs\ktb-lab\system\CodeIgniter.php(832): App\Controllers\Lab->rpl()
#6 C:\xampp\htdocs\ktb-lab\system\CodeIgniter.php(419): CodeIgniter\CodeIgniter->runController(Object(App\Controllers\Lab))
#7 C:\xampp\htdocs\ktb-lab\system\CodeIgniter.php(326): CodeIgniter\CodeIgniter->handleRequest(NULL, Object(Config\Cache), false)
#8 C:\xampp\htdocs\ktb-lab\public\index.php(37): CodeIgniter\CodeIgniter->run()
#9 C:\xampp\htdocs\ktb-lab\system\Commands\Server\rewrite.php(43): require_once('C:\\xampp\\htdocs...')
#10 {main}
CRITICAL - 2022-06-23 09:16:56 --> Undefined variable: email
#0 C:\xampp\htdocs\ktb-lab\app\Views\log\log_register.php(23): CodeIgniter\Debug\Exceptions->errorHandler(8, 'Undefined varia...', 'C:\\xampp\\htdocs...', 23, Array)
#1 C:\xampp\htdocs\ktb-lab\system\View\View.php(210): include('C:\\xampp\\htdocs...')
#2 C:\xampp\htdocs\ktb-lab\system\View\View.php(213): CodeIgniter\View\View->CodeIgniter\View\{closure}()
#3 C:\xampp\htdocs\ktb-lab\system\Common.php(1089): CodeIgniter\View\View->render('log/log_registe...', Array, true)
#4 C:\xampp\htdocs\ktb-lab\app\Controllers\Lab.php(89): view('log/log_registe...', Array)
#5 C:\xampp\htdocs\ktb-lab\system\CodeIgniter.php(832): App\Controllers\Lab->l_register()
#6 C:\xampp\htdocs\ktb-lab\system\CodeIgniter.php(419): CodeIgniter\CodeIgniter->runController(Object(App\Controllers\Lab))
#7 C:\xampp\htdocs\ktb-lab\system\CodeIgniter.php(326): CodeIgniter\CodeIgniter->handleRequest(NULL, Object(Config\Cache), false)
#8 C:\xampp\htdocs\ktb-lab\public\index.php(37): CodeIgniter\CodeIgniter->run()
#9 C:\xampp\htdocs\ktb-lab\system\Commands\Server\rewrite.php(43): require_once('C:\\xampp\\htdocs...')
#10 {main}
CRITICAL - 2022-06-23 09:18:01 --> Undefined variable: email
#0 C:\xampp\htdocs\ktb-lab\app\Views\log\log_register.php(23): CodeIgniter\Debug\Exceptions->errorHandler(8, 'Undefined varia...', 'C:\\xampp\\htdocs...', 23, Array)
#1 C:\xampp\htdocs\ktb-lab\system\View\View.php(210): include('C:\\xampp\\htdocs...')
#2 C:\xampp\htdocs\ktb-lab\system\View\View.php(213): CodeIgniter\View\View->CodeIgniter\View\{closure}()
#3 C:\xampp\htdocs\ktb-lab\system\Common.php(1089): CodeIgniter\View\View->render('log/log_registe...', Array, true)
#4 C:\xampp\htdocs\ktb-lab\app\Controllers\Lab.php(89): view('log/log_registe...', Array)
#5 C:\xampp\htdocs\ktb-lab\system\CodeIgniter.php(832): App\Controllers\Lab->l_register()
#6 C:\xampp\htdocs\ktb-lab\system\CodeIgniter.php(419): CodeIgniter\CodeIgniter->runController(Object(App\Controllers\Lab))
#7 C:\xampp\htdocs\ktb-lab\system\CodeIgniter.php(326): CodeIgniter\CodeIgniter->handleRequest(NULL, Object(Config\Cache), false)
#8 C:\xampp\htdocs\ktb-lab\public\index.php(37): CodeIgniter\CodeIgniter->run()
#9 C:\xampp\htdocs\ktb-lab\system\Commands\Server\rewrite.php(43): require_once('C:\\xampp\\htdocs...')
#10 {main}
CRITICAL - 2022-06-23 09:20:43 --> Undefined variable: email
#0 C:\xampp\htdocs\ktb-lab\app\Views\log\log_register.php(23): CodeIgniter\Debug\Exceptions->errorHandler(8, 'Undefined varia...', 'C:\\xampp\\htdocs...', 23, Array)
#1 C:\xampp\htdocs\ktb-lab\system\View\View.php(210): include('C:\\xampp\\htdocs...')
#2 C:\xampp\htdocs\ktb-lab\system\View\View.php(213): CodeIgniter\View\View->CodeIgniter\View\{closure}()
#3 C:\xampp\htdocs\ktb-lab\system\Common.php(1089): CodeIgniter\View\View->render('log/log_registe...', Array, true)
#4 C:\xampp\htdocs\ktb-lab\app\Controllers\Lab.php(89): view('log/log_registe...', Array)
#5 C:\xampp\htdocs\ktb-lab\system\CodeIgniter.php(832): App\Controllers\Lab->l_register()
#6 C:\xampp\htdocs\ktb-lab\system\CodeIgniter.php(419): CodeIgniter\CodeIgniter->runController(Object(App\Controllers\Lab))
#7 C:\xampp\htdocs\ktb-lab\system\CodeIgniter.php(326): CodeIgniter\CodeIgniter->handleRequest(NULL, Object(Config\Cache), false)
#8 C:\xampp\htdocs\ktb-lab\public\index.php(37): CodeIgniter\CodeIgniter->run()
#9 C:\xampp\htdocs\ktb-lab\system\Commands\Server\rewrite.php(43): require_once('C:\\xampp\\htdocs...')
#10 {main}
