CRITICAL - 2022-06-25 08:30:30 --> Invalid file: partials/title-meta.php
#0 C:\xampp\htdocs\ktb-lab\system\View\View.php(198): CodeIgniter\Exceptions\FrameworkException::forInvalidFile('partials/title-...')
#1 C:\xampp\htdocs\ktb-lab\system\Common.php(1089): CodeIgniter\View\View->render('partials/title-...', Array, true)
#2 C:\xampp\htdocs\ktb-lab\app\Controllers\Admin.php(12): view('partials/title-...', Array)
#3 C:\xampp\htdocs\ktb-lab\system\CodeIgniter.php(832): App\Controllers\Admin->index()
#4 C:\xampp\htdocs\ktb-lab\system\CodeIgniter.php(419): CodeIgniter\CodeIgniter->runController(Object(App\Controllers\Admin))
#5 C:\xampp\htdocs\ktb-lab\system\CodeIgniter.php(326): CodeIgniter\CodeIgniter->handleRequest(NULL, Object(Config\Cache), false)
#6 C:\xampp\htdocs\ktb-lab\public\index.php(37): CodeIgniter\CodeIgniter->run()
#7 C:\xampp\htdocs\ktb-lab\system\Commands\Server\rewrite.php(43): require_once('C:\\xampp\\htdocs...')
#8 {main}
CRITICAL - 2022-06-25 08:31:35 --> Invalid file: partials/title-meta.php
#0 C:\xampp\htdocs\ktb-lab\system\View\View.php(198): CodeIgniter\Exceptions\FrameworkException::forInvalidFile('partials/title-...')
#1 C:\xampp\htdocs\ktb-lab\system\Common.php(1089): CodeIgniter\View\View->render('partials/title-...', Array, true)
#2 C:\xampp\htdocs\ktb-lab\app\Controllers\Admin.php(12): view('partials/title-...', Array)
#3 C:\xampp\htdocs\ktb-lab\system\CodeIgniter.php(832): App\Controllers\Admin->index()
#4 C:\xampp\htdocs\ktb-lab\system\CodeIgniter.php(419): CodeIgniter\CodeIgniter->runController(Object(App\Controllers\Admin))
#5 C:\xampp\htdocs\ktb-lab\system\CodeIgniter.php(326): CodeIgniter\CodeIgniter->handleRequest(NULL, Object(Config\Cache), false)
#6 C:\xampp\htdocs\ktb-lab\public\index.php(37): CodeIgniter\CodeIgniter->run()
#7 C:\xampp\htdocs\ktb-lab\system\Commands\Server\rewrite.php(43): require_once('C:\\xampp\\htdocs...')
#8 {main}
CRITICAL - 2022-06-25 08:32:19 --> Invalid file: partials/title-meta.php
#0 C:\xampp\htdocs\ktb-lab\system\View\View.php(198): CodeIgniter\Exceptions\FrameworkException::forInvalidFile('partials/title-...')
#1 C:\xampp\htdocs\ktb-lab\system\Common.php(1089): CodeIgniter\View\View->render('partials/title-...', Array, true)
#2 C:\xampp\htdocs\ktb-lab\app\Controllers\Admin.php(12): view('partials/title-...', Array)
#3 C:\xampp\htdocs\ktb-lab\system\CodeIgniter.php(832): App\Controllers\Admin->index()
#4 C:\xampp\htdocs\ktb-lab\system\CodeIgniter.php(419): CodeIgniter\CodeIgniter->runController(Object(App\Controllers\Admin))
#5 C:\xampp\htdocs\ktb-lab\system\CodeIgniter.php(326): CodeIgniter\CodeIgniter->handleRequest(NULL, Object(Config\Cache), false)
#6 C:\xampp\htdocs\ktb-lab\public\index.php(37): CodeIgniter\CodeIgniter->run()
#7 C:\xampp\htdocs\ktb-lab\system\Commands\Server\rewrite.php(43): require_once('C:\\xampp\\htdocs...')
#8 {main}
CRITICAL - 2022-06-25 08:32:47 --> Invalid file: index.php
#0 C:\xampp\htdocs\ktb-lab\system\View\View.php(198): CodeIgniter\Exceptions\FrameworkException::forInvalidFile('index.php')
#1 C:\xampp\htdocs\ktb-lab\system\Common.php(1089): CodeIgniter\View\View->render('index', Array, true)
#2 C:\xampp\htdocs\ktb-lab\app\Controllers\Admin.php(15): view('index', Array)
#3 C:\xampp\htdocs\ktb-lab\system\CodeIgniter.php(832): App\Controllers\Admin->index()
#4 C:\xampp\htdocs\ktb-lab\system\CodeIgniter.php(419): CodeIgniter\CodeIgniter->runController(Object(App\Controllers\Admin))
#5 C:\xampp\htdocs\ktb-lab\system\CodeIgniter.php(326): CodeIgniter\CodeIgniter->handleRequest(NULL, Object(Config\Cache), false)
#6 C:\xampp\htdocs\ktb-lab\public\index.php(37): CodeIgniter\CodeIgniter->run()
#7 C:\xampp\htdocs\ktb-lab\system\Commands\Server\rewrite.php(43): require_once('C:\\xampp\\htdocs...')
#8 {main}
CRITICAL - 2022-06-25 08:33:06 --> Invalid file: partials/main.php
#0 C:\xampp\htdocs\ktb-lab\system\View\View.php(198): CodeIgniter\Exceptions\FrameworkException::forInvalidFile('partials/main.p...')
#1 C:\xampp\htdocs\ktb-lab\system\View\View.php(424): CodeIgniter\View\View->render('partials/main', NULL, true)
#2 C:\xampp\htdocs\ktb-lab\app\Views\admin\index.php(1): CodeIgniter\View\View->include('partials/main')
#3 C:\xampp\htdocs\ktb-lab\system\View\View.php(210): include('C:\\xampp\\htdocs...')
#4 C:\xampp\htdocs\ktb-lab\system\View\View.php(213): CodeIgniter\View\View->CodeIgniter\View\{closure}()
#5 C:\xampp\htdocs\ktb-lab\system\Common.php(1089): CodeIgniter\View\View->render('admin/index', Array, true)
#6 C:\xampp\htdocs\ktb-lab\app\Controllers\Admin.php(15): view('admin/index', Array)
#7 C:\xampp\htdocs\ktb-lab\system\CodeIgniter.php(832): App\Controllers\Admin->index()
#8 C:\xampp\htdocs\ktb-lab\system\CodeIgniter.php(419): CodeIgniter\CodeIgniter->runController(Object(App\Controllers\Admin))
#9 C:\xampp\htdocs\ktb-lab\system\CodeIgniter.php(326): CodeIgniter\CodeIgniter->handleRequest(NULL, Object(Config\Cache), false)
#10 C:\xampp\htdocs\ktb-lab\public\index.php(37): CodeIgniter\CodeIgniter->run()
#11 C:\xampp\htdocs\ktb-lab\system\Commands\Server\rewrite.php(43): require_once('C:\\xampp\\htdocs...')
#12 {main}
CRITICAL - 2022-06-25 08:34:08 --> Invalid file: partials/main.php
#0 C:\xampp\htdocs\ktb-lab\system\View\View.php(198): CodeIgniter\Exceptions\FrameworkException::forInvalidFile('partials/main.p...')
#1 C:\xampp\htdocs\ktb-lab\system\View\View.php(424): CodeIgniter\View\View->render('partials/main', NULL, true)
#2 C:\xampp\htdocs\ktb-lab\app\Views\admin\index.php(1): CodeIgniter\View\View->include('partials/main')
#3 C:\xampp\htdocs\ktb-lab\system\View\View.php(210): include('C:\\xampp\\htdocs...')
#4 C:\xampp\htdocs\ktb-lab\system\View\View.php(213): CodeIgniter\View\View->CodeIgniter\View\{closure}()
#5 C:\xampp\htdocs\ktb-lab\system\Common.php(1089): CodeIgniter\View\View->render('admin/index', Array, true)
#6 C:\xampp\htdocs\ktb-lab\app\Controllers\Admin.php(15): view('admin/index', Array)
#7 C:\xampp\htdocs\ktb-lab\system\CodeIgniter.php(832): App\Controllers\Admin->index()
#8 C:\xampp\htdocs\ktb-lab\system\CodeIgniter.php(419): CodeIgniter\CodeIgniter->runController(Object(App\Controllers\Admin))
#9 C:\xampp\htdocs\ktb-lab\system\CodeIgniter.php(326): CodeIgniter\CodeIgniter->handleRequest(NULL, Object(Config\Cache), false)
#10 C:\xampp\htdocs\ktb-lab\public\index.php(37): CodeIgniter\CodeIgniter->run()
#11 C:\xampp\htdocs\ktb-lab\system\Commands\Server\rewrite.php(43): require_once('C:\\xampp\\htdocs...')
#12 {main}
CRITICAL - 2022-06-25 08:41:05 --> Invalid file: partials/head-css.php
#0 C:\xampp\htdocs\ktb-lab\system\View\View.php(198): CodeIgniter\Exceptions\FrameworkException::forInvalidFile('partials/head-c...')
#1 C:\xampp\htdocs\ktb-lab\system\View\View.php(424): CodeIgniter\View\View->render('partials/head-c...', NULL, true)
#2 C:\xampp\htdocs\ktb-lab\app\Views\admin\index.php(9): CodeIgniter\View\View->include('partials/head-c...')
#3 C:\xampp\htdocs\ktb-lab\system\View\View.php(210): include('C:\\xampp\\htdocs...')
#4 C:\xampp\htdocs\ktb-lab\system\View\View.php(213): CodeIgniter\View\View->CodeIgniter\View\{closure}()
#5 C:\xampp\htdocs\ktb-lab\system\Common.php(1089): CodeIgniter\View\View->render('admin/index', Array, true)
#6 C:\xampp\htdocs\ktb-lab\app\Controllers\Admin.php(15): view('admin/index', Array)
#7 C:\xampp\htdocs\ktb-lab\system\CodeIgniter.php(832): App\Controllers\Admin->index()
#8 C:\xampp\htdocs\ktb-lab\system\CodeIgniter.php(419): CodeIgniter\CodeIgniter->runController(Object(App\Controllers\Admin))
#9 C:\xampp\htdocs\ktb-lab\system\CodeIgniter.php(326): CodeIgniter\CodeIgniter->handleRequest(NULL, Object(Config\Cache), false)
#10 C:\xampp\htdocs\ktb-lab\public\index.php(37): CodeIgniter\CodeIgniter->run()
#11 C:\xampp\htdocs\ktb-lab\system\Commands\Server\rewrite.php(43): require_once('C:\\xampp\\htdocs...')
#12 {main}
CRITICAL - 2022-06-25 08:41:23 --> Invalid file: partials/topbar.php
#0 C:\xampp\htdocs\ktb-lab\system\View\View.php(198): CodeIgniter\Exceptions\FrameworkException::forInvalidFile('partials/topbar...')
#1 C:\xampp\htdocs\ktb-lab\system\View\View.php(424): CodeIgniter\View\View->render('partials/topbar', NULL, true)
#2 C:\xampp\htdocs\ktb-lab\app\Views\admin\partials\menu.php(1): CodeIgniter\View\View->include('partials/topbar')
#3 C:\xampp\htdocs\ktb-lab\system\View\View.php(210): include('C:\\xampp\\htdocs...')
#4 C:\xampp\htdocs\ktb-lab\system\View\View.php(213): CodeIgniter\View\View->CodeIgniter\View\{closure}()
#5 C:\xampp\htdocs\ktb-lab\system\View\View.php(424): CodeIgniter\View\View->render('admin/partials/...', NULL, true)
#6 C:\xampp\htdocs\ktb-lab\app\Views\admin\index.php(19): CodeIgniter\View\View->include('admin/partials/...')
#7 C:\xampp\htdocs\ktb-lab\system\View\View.php(210): include('C:\\xampp\\htdocs...')
#8 C:\xampp\htdocs\ktb-lab\system\View\View.php(213): CodeIgniter\View\View->CodeIgniter\View\{closure}()
#9 C:\xampp\htdocs\ktb-lab\system\Common.php(1089): CodeIgniter\View\View->render('admin/index', Array, true)
#10 C:\xampp\htdocs\ktb-lab\app\Controllers\Admin.php(15): view('admin/index', Array)
#11 C:\xampp\htdocs\ktb-lab\system\CodeIgniter.php(832): App\Controllers\Admin->index()
#12 C:\xampp\htdocs\ktb-lab\system\CodeIgniter.php(419): CodeIgniter\CodeIgniter->runController(Object(App\Controllers\Admin))
#13 C:\xampp\htdocs\ktb-lab\system\CodeIgniter.php(326): CodeIgniter\CodeIgniter->handleRequest(NULL, Object(Config\Cache), false)
#14 C:\xampp\htdocs\ktb-lab\public\index.php(37): CodeIgniter\CodeIgniter->run()
#15 C:\xampp\htdocs\ktb-lab\system\Commands\Server\rewrite.php(43): require_once('C:\\xampp\\htdocs...')
#16 {main}
CRITICAL - 2022-06-25 09:26:46 --> Invalid file: admin_layout.php
#0 C:\xampp\htdocs\ktb-lab\system\View\View.php(198): CodeIgniter\Exceptions\FrameworkException::forInvalidFile('admin_layout.ph...')
#1 C:\xampp\htdocs\ktb-lab\system\View\View.php(226): CodeIgniter\View\View->render('admin_layout', Array, true)
#2 C:\xampp\htdocs\ktb-lab\system\Common.php(1089): CodeIgniter\View\View->render('admin/index', Array, true)
#3 C:\xampp\htdocs\ktb-lab\app\Controllers\Admin.php(17): view('admin/index', Array)
#4 C:\xampp\htdocs\ktb-lab\system\CodeIgniter.php(832): App\Controllers\Admin->index()
#5 C:\xampp\htdocs\ktb-lab\system\CodeIgniter.php(419): CodeIgniter\CodeIgniter->runController(Object(App\Controllers\Admin))
#6 C:\xampp\htdocs\ktb-lab\system\CodeIgniter.php(326): CodeIgniter\CodeIgniter->handleRequest(NULL, Object(Config\Cache), false)
#7 C:\xampp\htdocs\ktb-lab\public\index.php(37): CodeIgniter\CodeIgniter->run()
#8 C:\xampp\htdocs\ktb-lab\system\Commands\Server\rewrite.php(43): require_once('C:\\xampp\\htdocs...')
#9 {main}
CRITICAL - 2022-06-25 09:27:14 --> Invalid file: admin_layout.php
#0 C:\xampp\htdocs\ktb-lab\system\View\View.php(198): CodeIgniter\Exceptions\FrameworkException::forInvalidFile('admin_layout.ph...')
#1 C:\xampp\htdocs\ktb-lab\system\View\View.php(226): CodeIgniter\View\View->render('admin_layout', Array, true)
#2 C:\xampp\htdocs\ktb-lab\system\Common.php(1089): CodeIgniter\View\View->render('admin/index', Array, true)
#3 C:\xampp\htdocs\ktb-lab\app\Controllers\Admin.php(17): view('admin/index', Array)
#4 C:\xampp\htdocs\ktb-lab\system\CodeIgniter.php(832): App\Controllers\Admin->index()
#5 C:\xampp\htdocs\ktb-lab\system\CodeIgniter.php(419): CodeIgniter\CodeIgniter->runController(Object(App\Controllers\Admin))
#6 C:\xampp\htdocs\ktb-lab\system\CodeIgniter.php(326): CodeIgniter\CodeIgniter->handleRequest(NULL, Object(Config\Cache), false)
#7 C:\xampp\htdocs\ktb-lab\public\index.php(37): CodeIgniter\CodeIgniter->run()
#8 C:\xampp\htdocs\ktb-lab\system\Commands\Server\rewrite.php(43): require_once('C:\\xampp\\htdocs...')
#9 {main}
CRITICAL - 2022-06-25 09:29:49 --> Invalid file: admin_layout.php
#0 C:\xampp\htdocs\ktb-lab\system\View\View.php(198): CodeIgniter\Exceptions\FrameworkException::forInvalidFile('admin_layout.ph...')
#1 C:\xampp\htdocs\ktb-lab\system\View\View.php(226): CodeIgniter\View\View->render('admin_layout', Array, true)
#2 C:\xampp\htdocs\ktb-lab\system\Common.php(1089): CodeIgniter\View\View->render('admin/index', Array, true)
#3 C:\xampp\htdocs\ktb-lab\app\Controllers\Admin.php(17): view('admin/index', Array)
#4 C:\xampp\htdocs\ktb-lab\system\CodeIgniter.php(832): App\Controllers\Admin->index()
#5 C:\xampp\htdocs\ktb-lab\system\CodeIgniter.php(419): CodeIgniter\CodeIgniter->runController(Object(App\Controllers\Admin))
#6 C:\xampp\htdocs\ktb-lab\system\CodeIgniter.php(326): CodeIgniter\CodeIgniter->handleRequest(NULL, Object(Config\Cache), false)
#7 C:\xampp\htdocs\ktb-lab\public\index.php(37): CodeIgniter\CodeIgniter->run()
#8 C:\xampp\htdocs\ktb-lab\system\Commands\Server\rewrite.php(43): require_once('C:\\xampp\\htdocs...')
#9 {main}
CRITICAL - 2022-06-25 09:30:20 --> Invalid file: admin_layout.php
#0 C:\xampp\htdocs\ktb-lab\system\View\View.php(198): CodeIgniter\Exceptions\FrameworkException::forInvalidFile('admin_layout.ph...')
#1 C:\xampp\htdocs\ktb-lab\system\View\View.php(226): CodeIgniter\View\View->render('admin_layout', Array, true)
#2 C:\xampp\htdocs\ktb-lab\system\Common.php(1089): CodeIgniter\View\View->render('admin/index', Array, true)
#3 C:\xampp\htdocs\ktb-lab\app\Controllers\Admin.php(17): view('admin/index', Array)
#4 C:\xampp\htdocs\ktb-lab\system\CodeIgniter.php(832): App\Controllers\Admin->index()
#5 C:\xampp\htdocs\ktb-lab\system\CodeIgniter.php(419): CodeIgniter\CodeIgniter->runController(Object(App\Controllers\Admin))
#6 C:\xampp\htdocs\ktb-lab\system\CodeIgniter.php(326): CodeIgniter\CodeIgniter->handleRequest(NULL, Object(Config\Cache), false)
#7 C:\xampp\htdocs\ktb-lab\public\index.php(37): CodeIgniter\CodeIgniter->run()
#8 C:\xampp\htdocs\ktb-lab\system\Commands\Server\rewrite.php(43): require_once('C:\\xampp\\htdocs...')
#9 {main}
CRITICAL - 2022-06-25 09:40:55 --> Invalid file: admin_layout.php
#0 C:\xampp\htdocs\ktb-lab\system\View\View.php(198): CodeIgniter\Exceptions\FrameworkException::forInvalidFile('admin_layout.ph...')
#1 C:\xampp\htdocs\ktb-lab\system\View\View.php(226): CodeIgniter\View\View->render('admin_layout', Array, true)
#2 C:\xampp\htdocs\ktb-lab\system\Common.php(1089): CodeIgniter\View\View->render('admin/index', Array, true)
#3 C:\xampp\htdocs\ktb-lab\app\Controllers\Admin.php(18): view('admin/index', Array)
#4 C:\xampp\htdocs\ktb-lab\system\CodeIgniter.php(832): App\Controllers\Admin->index()
#5 C:\xampp\htdocs\ktb-lab\system\CodeIgniter.php(419): CodeIgniter\CodeIgniter->runController(Object(App\Controllers\Admin))
#6 C:\xampp\htdocs\ktb-lab\system\CodeIgniter.php(326): CodeIgniter\CodeIgniter->handleRequest(NULL, Object(Config\Cache), false)
#7 C:\xampp\htdocs\ktb-lab\public\index.php(37): CodeIgniter\CodeIgniter->run()
#8 C:\xampp\htdocs\ktb-lab\system\Commands\Server\rewrite.php(43): require_once('C:\\xampp\\htdocs...')
#9 {main}
