CRITICAL - 2022-06-29 00:24:06 --> Allowed fields must be specified for model: App\Models\AdminUser
#0 C:\xampp\htdocs\ktb-lab\system\BaseModel.php(1138): CodeIgniter\Database\Exceptions\DataException::forInvalidAllowedFields('App\\Models\\Admi...')
#1 C:\xampp\htdocs\ktb-lab\system\BaseModel.php(713): CodeIgniter\BaseModel->doProtectFields(Array)
#2 C:\xampp\htdocs\ktb-lab\system\Model.php(625): CodeIgniter\BaseModel->insert(Array, true)
#3 C:\xampp\htdocs\ktb-lab\app\Controllers\Admin.php(253): CodeIgniter\Model->insert(Array)
#4 C:\xampp\htdocs\ktb-lab\system\CodeIgniter.php(832): App\Controllers\Admin->simpanUser()
#5 C:\xampp\htdocs\ktb-lab\system\CodeIgniter.php(419): CodeIgniter\CodeIgniter->runController(Object(App\Controllers\Admin))
#6 C:\xampp\htdocs\ktb-lab\system\CodeIgniter.php(326): CodeIgniter\CodeIgniter->handleRequest(NULL, Object(Config\Cache), false)
#7 C:\xampp\htdocs\ktb-lab\public\index.php(37): CodeIgniter\CodeIgniter->run()
#8 C:\xampp\htdocs\ktb-lab\system\Commands\Server\rewrite.php(43): require_once('C:\\xampp\\htdocs...')
#9 {main}
ERROR - 2022-06-29 00:24:59 --> Column 'username' cannot be null
CRITICAL - 2022-06-29 00:24:59 --> Column 'username' cannot be null
#0 C:\xampp\htdocs\ktb-lab\system\Database\MySQLi\Connection.php(292): mysqli->query('INSERT INTO `us...', 0)
#1 C:\xampp\htdocs\ktb-lab\system\Database\BaseConnection.php(670): CodeIgniter\Database\MySQLi\Connection->execute('INSERT INTO `us...')
#2 C:\xampp\htdocs\ktb-lab\system\Database\BaseConnection.php(598): CodeIgniter\Database\BaseConnection->simpleQuery('INSERT INTO `us...')
#3 C:\xampp\htdocs\ktb-lab\system\Database\BaseBuilder.php(1771): CodeIgniter\Database\BaseConnection->query('INSERT INTO `us...', Array, false)
#4 C:\xampp\htdocs\ktb-lab\system\Model.php(239): CodeIgniter\Database\BaseBuilder->insert()
#5 C:\xampp\htdocs\ktb-lab\system\BaseModel.php(738): CodeIgniter\Model->doInsert(Array)
#6 C:\xampp\htdocs\ktb-lab\system\Model.php(625): CodeIgniter\BaseModel->insert(Array, true)
#7 C:\xampp\htdocs\ktb-lab\app\Controllers\Admin.php(253): CodeIgniter\Model->insert(Array)
#8 C:\xampp\htdocs\ktb-lab\system\CodeIgniter.php(832): App\Controllers\Admin->simpanUser()
#9 C:\xampp\htdocs\ktb-lab\system\CodeIgniter.php(419): CodeIgniter\CodeIgniter->runController(Object(App\Controllers\Admin))
#10 C:\xampp\htdocs\ktb-lab\system\CodeIgniter.php(326): CodeIgniter\CodeIgniter->handleRequest(NULL, Object(Config\Cache), false)
#11 C:\xampp\htdocs\ktb-lab\public\index.php(37): CodeIgniter\CodeIgniter->run()
#12 C:\xampp\htdocs\ktb-lab\system\Commands\Server\rewrite.php(43): require_once('C:\\xampp\\htdocs...')
#13 {main}
CRITICAL - 2022-06-29 00:35:06 --> Undefined variable: isi
#0 C:\xampp\htdocs\ktb-lab\app\Views\admin\user.php(63): CodeIgniter\Debug\Exceptions->errorHandler(8, 'Undefined varia...', 'C:\\xampp\\htdocs...', 63, Array)
#1 C:\xampp\htdocs\ktb-lab\system\View\View.php(210): include('C:\\xampp\\htdocs...')
#2 C:\xampp\htdocs\ktb-lab\system\View\View.php(213): CodeIgniter\View\View->CodeIgniter\View\{closure}()
#3 C:\xampp\htdocs\ktb-lab\system\Common.php(1089): CodeIgniter\View\View->render('admin/user', Array, true)
#4 C:\xampp\htdocs\ktb-lab\app\Controllers\Admin.php(198): view('admin/user', Array)
#5 C:\xampp\htdocs\ktb-lab\system\CodeIgniter.php(832): App\Controllers\Admin->user()
#6 C:\xampp\htdocs\ktb-lab\system\CodeIgniter.php(419): CodeIgniter\CodeIgniter->runController(Object(App\Controllers\Admin))
#7 C:\xampp\htdocs\ktb-lab\system\CodeIgniter.php(326): CodeIgniter\CodeIgniter->handleRequest(NULL, Object(Config\Cache), false)
#8 C:\xampp\htdocs\ktb-lab\public\index.php(37): CodeIgniter\CodeIgniter->run()
#9 C:\xampp\htdocs\ktb-lab\system\Commands\Server\rewrite.php(43): require_once('C:\\xampp\\htdocs...')
#10 {main}
CRITICAL - 2022-06-29 01:01:23 --> Undefined variable: isi
#0 C:\xampp\htdocs\ktb-lab\app\Views\admin\user.php(80): CodeIgniter\Debug\Exceptions->errorHandler(8, 'Undefined varia...', 'C:\\xampp\\htdocs...', 80, Array)
#1 C:\xampp\htdocs\ktb-lab\system\View\View.php(210): include('C:\\xampp\\htdocs...')
#2 C:\xampp\htdocs\ktb-lab\system\View\View.php(213): CodeIgniter\View\View->CodeIgniter\View\{closure}()
#3 C:\xampp\htdocs\ktb-lab\system\Common.php(1089): CodeIgniter\View\View->render('admin/user', Array, true)
#4 C:\xampp\htdocs\ktb-lab\app\Controllers\Admin.php(198): view('admin/user', Array)
#5 C:\xampp\htdocs\ktb-lab\system\CodeIgniter.php(832): App\Controllers\Admin->user()
#6 C:\xampp\htdocs\ktb-lab\system\CodeIgniter.php(419): CodeIgniter\CodeIgniter->runController(Object(App\Controllers\Admin))
#7 C:\xampp\htdocs\ktb-lab\system\CodeIgniter.php(326): CodeIgniter\CodeIgniter->handleRequest(NULL, Object(Config\Cache), false)
#8 C:\xampp\htdocs\ktb-lab\public\index.php(37): CodeIgniter\CodeIgniter->run()
#9 C:\xampp\htdocs\ktb-lab\system\Commands\Server\rewrite.php(43): require_once('C:\\xampp\\htdocs...')
#10 {main}
CRITICAL - 2022-06-29 01:01:29 --> Undefined index: id
#0 C:\xampp\htdocs\ktb-lab\app\Views\admin\user.php(80): CodeIgniter\Debug\Exceptions->errorHandler(8, 'Undefined index...', 'C:\\xampp\\htdocs...', 80, Array)
#1 C:\xampp\htdocs\ktb-lab\system\View\View.php(210): include('C:\\xampp\\htdocs...')
#2 C:\xampp\htdocs\ktb-lab\system\View\View.php(213): CodeIgniter\View\View->CodeIgniter\View\{closure}()
#3 C:\xampp\htdocs\ktb-lab\system\Common.php(1089): CodeIgniter\View\View->render('admin/user', Array, true)
#4 C:\xampp\htdocs\ktb-lab\app\Controllers\Admin.php(198): view('admin/user', Array)
#5 C:\xampp\htdocs\ktb-lab\system\CodeIgniter.php(832): App\Controllers\Admin->user()
#6 C:\xampp\htdocs\ktb-lab\system\CodeIgniter.php(419): CodeIgniter\CodeIgniter->runController(Object(App\Controllers\Admin))
#7 C:\xampp\htdocs\ktb-lab\system\CodeIgniter.php(326): CodeIgniter\CodeIgniter->handleRequest(NULL, Object(Config\Cache), false)
#8 C:\xampp\htdocs\ktb-lab\public\index.php(37): CodeIgniter\CodeIgniter->run()
#9 C:\xampp\htdocs\ktb-lab\system\Commands\Server\rewrite.php(43): require_once('C:\\xampp\\htdocs...')
#10 {main}
CRITICAL - 2022-06-29 01:22:16 --> Undefined variable: level
#0 C:\xampp\htdocs\ktb-lab\app\Views\layout.php(1): CodeIgniter\Debug\Exceptions->errorHandler(8, 'Undefined varia...', 'C:\\xampp\\htdocs...', 1, Array)
#1 C:\xampp\htdocs\ktb-lab\system\View\View.php(210): include('C:\\xampp\\htdocs...')
#2 C:\xampp\htdocs\ktb-lab\system\View\View.php(213): CodeIgniter\View\View->CodeIgniter\View\{closure}()
#3 C:\xampp\htdocs\ktb-lab\system\View\View.php(226): CodeIgniter\View\View->render('layout', Array, true)
#4 C:\xampp\htdocs\ktb-lab\system\Common.php(1089): CodeIgniter\View\View->render('laboratorium/rp...', Array, true)
#5 C:\xampp\htdocs\ktb-lab\app\Controllers\Lab.php(33): view('laboratorium/rp...', Array)
#6 C:\xampp\htdocs\ktb-lab\system\CodeIgniter.php(832): App\Controllers\Lab->rpl()
#7 C:\xampp\htdocs\ktb-lab\system\CodeIgniter.php(419): CodeIgniter\CodeIgniter->runController(Object(App\Controllers\Lab))
#8 C:\xampp\htdocs\ktb-lab\system\CodeIgniter.php(326): CodeIgniter\CodeIgniter->handleRequest(NULL, Object(Config\Cache), false)
#9 C:\xampp\htdocs\ktb-lab\public\index.php(37): CodeIgniter\CodeIgniter->run()
#10 C:\xampp\htdocs\ktb-lab\system\Commands\Server\rewrite.php(43): require_once('C:\\xampp\\htdocs...')
#11 {main}
CRITICAL - 2022-06-29 01:24:17 --> Undefined variable: level
#0 C:\xampp\htdocs\ktb-lab\app\Views\layout.php(1): CodeIgniter\Debug\Exceptions->errorHandler(8, 'Undefined varia...', 'C:\\xampp\\htdocs...', 1, Array)
#1 C:\xampp\htdocs\ktb-lab\system\View\View.php(210): include('C:\\xampp\\htdocs...')
#2 C:\xampp\htdocs\ktb-lab\system\View\View.php(213): CodeIgniter\View\View->CodeIgniter\View\{closure}()
#3 C:\xampp\htdocs\ktb-lab\system\View\View.php(226): CodeIgniter\View\View->render('layout', Array, true)
#4 C:\xampp\htdocs\ktb-lab\system\Common.php(1089): CodeIgniter\View\View->render('fasilitas/fasil...', Array, true)
#5 C:\xampp\htdocs\ktb-lab\app\Controllers\Lab.php(75): view('fasilitas/fasil...', Array)
#6 C:\xampp\htdocs\ktb-lab\system\CodeIgniter.php(832): App\Controllers\Lab->fac_rpl()
#7 C:\xampp\htdocs\ktb-lab\system\CodeIgniter.php(419): CodeIgniter\CodeIgniter->runController(Object(App\Controllers\Lab))
#8 C:\xampp\htdocs\ktb-lab\system\CodeIgniter.php(326): CodeIgniter\CodeIgniter->handleRequest(NULL, Object(Config\Cache), false)
#9 C:\xampp\htdocs\ktb-lab\public\index.php(37): CodeIgniter\CodeIgniter->run()
#10 C:\xampp\htdocs\ktb-lab\system\Commands\Server\rewrite.php(43): require_once('C:\\xampp\\htdocs...')
#11 {main}
CRITICAL - 2022-06-29 01:36:00 --> Undefined variable: data
#0 C:\xampp\htdocs\ktb-lab\app\Views\admin\lab.php(70): CodeIgniter\Debug\Exceptions->errorHandler(8, 'Undefined varia...', 'C:\\xampp\\htdocs...', 70, Array)
#1 C:\xampp\htdocs\ktb-lab\system\View\View.php(210): include('C:\\xampp\\htdocs...')
#2 C:\xampp\htdocs\ktb-lab\system\View\View.php(213): CodeIgniter\View\View->CodeIgniter\View\{closure}()
#3 C:\xampp\htdocs\ktb-lab\system\Common.php(1089): CodeIgniter\View\View->render('admin/lab', Array, true)
#4 C:\xampp\htdocs\ktb-lab\app\Controllers\Admin.php(59): view('admin/lab', Array)
#5 C:\xampp\htdocs\ktb-lab\system\CodeIgniter.php(832): App\Controllers\Admin->hal_lab()
#6 C:\xampp\htdocs\ktb-lab\system\CodeIgniter.php(419): CodeIgniter\CodeIgniter->runController(Object(App\Controllers\Admin))
#7 C:\xampp\htdocs\ktb-lab\system\CodeIgniter.php(326): CodeIgniter\CodeIgniter->handleRequest(NULL, Object(Config\Cache), false)
#8 C:\xampp\htdocs\ktb-lab\public\index.php(37): CodeIgniter\CodeIgniter->run()
#9 C:\xampp\htdocs\ktb-lab\system\Commands\Server\rewrite.php(43): require_once('C:\\xampp\\htdocs...')
#10 {main}
CRITICAL - 2022-06-29 04:28:36 --> Undefined variable $level
#0 D:\Belajar\Framework\ktb-lab\ktb-lab\app\Views\layout.php(1): CodeIgniter\Debug\Exceptions->errorHandler(2, 'Undefined varia...', 'D:\\Belajar\\Fram...', 1)
#1 D:\Belajar\Framework\ktb-lab\ktb-lab\system\View\View.php(210): include('D:\\Belajar\\Fram...')
#2 D:\Belajar\Framework\ktb-lab\ktb-lab\system\View\View.php(213): CodeIgniter\View\View->CodeIgniter\View\{closure}()
#3 D:\Belajar\Framework\ktb-lab\ktb-lab\system\View\View.php(226): CodeIgniter\View\View->render('layout', Array, true)
#4 D:\Belajar\Framework\ktb-lab\ktb-lab\system\Common.php(1089): CodeIgniter\View\View->render('log/log_login', Array, true)
#5 D:\Belajar\Framework\ktb-lab\ktb-lab\app\Controllers\Auth.php(22): view('log/log_login', Array)
#6 D:\Belajar\Framework\ktb-lab\ktb-lab\system\CodeIgniter.php(832): App\Controllers\Auth->index()
#7 D:\Belajar\Framework\ktb-lab\ktb-lab\system\CodeIgniter.php(419): CodeIgniter\CodeIgniter->runController(Object(App\Controllers\Auth))
#8 D:\Belajar\Framework\ktb-lab\ktb-lab\system\CodeIgniter.php(326): CodeIgniter\CodeIgniter->handleRequest(NULL, Object(Config\Cache), false)
#9 D:\Belajar\Framework\ktb-lab\ktb-lab\public\index.php(37): CodeIgniter\CodeIgniter->run()
#10 D:\Belajar\Framework\ktb-lab\ktb-lab\system\Commands\Server\rewrite.php(43): require_once('D:\\Belajar\\Fram...')
#11 {main}
CRITICAL - 2022-06-29 04:30:40 --> Undefined variable $level
#0 D:\Belajar\Framework\ktb-lab\ktb-lab\app\Views\layout.php(1): CodeIgniter\Debug\Exceptions->errorHandler(2, 'Undefined varia...', 'D:\\Belajar\\Fram...', 1)
#1 D:\Belajar\Framework\ktb-lab\ktb-lab\system\View\View.php(210): include('D:\\Belajar\\Fram...')
#2 D:\Belajar\Framework\ktb-lab\ktb-lab\system\View\View.php(213): CodeIgniter\View\View->CodeIgniter\View\{closure}()
#3 D:\Belajar\Framework\ktb-lab\ktb-lab\system\View\View.php(226): CodeIgniter\View\View->render('layout', Array, true)
#4 D:\Belajar\Framework\ktb-lab\ktb-lab\system\Common.php(1089): CodeIgniter\View\View->render('log/log_login', Array, true)
#5 D:\Belajar\Framework\ktb-lab\ktb-lab\app\Controllers\Auth.php(22): view('log/log_login', Array)
#6 D:\Belajar\Framework\ktb-lab\ktb-lab\system\CodeIgniter.php(832): App\Controllers\Auth->index()
#7 D:\Belajar\Framework\ktb-lab\ktb-lab\system\CodeIgniter.php(419): CodeIgniter\CodeIgniter->runController(Object(App\Controllers\Auth))
#8 D:\Belajar\Framework\ktb-lab\ktb-lab\system\CodeIgniter.php(326): CodeIgniter\CodeIgniter->handleRequest(NULL, Object(Config\Cache), false)
#9 D:\Belajar\Framework\ktb-lab\ktb-lab\public\index.php(37): CodeIgniter\CodeIgniter->run()
#10 D:\Belajar\Framework\ktb-lab\ktb-lab\system\Commands\Server\rewrite.php(43): require_once('D:\\Belajar\\Fram...')
#11 {main}
ERROR - 2022-06-29 04:35:49 --> Unknown column 'name' in 'where clause'
CRITICAL - 2022-06-29 04:35:49 --> Unknown column 'name' in 'where clause'
#0 D:\Belajar\Framework\ktb-lab\ktb-lab\system\Database\MySQLi\Connection.php(292): mysqli->query('SELECT 1\nFROM `...', 0)
#1 D:\Belajar\Framework\ktb-lab\ktb-lab\system\Database\BaseConnection.php(670): CodeIgniter\Database\MySQLi\Connection->execute('SELECT 1\nFROM `...')
#2 D:\Belajar\Framework\ktb-lab\ktb-lab\system\Database\BaseConnection.php(598): CodeIgniter\Database\BaseConnection->simpleQuery('SELECT 1\nFROM `...')
#3 D:\Belajar\Framework\ktb-lab\ktb-lab\system\Database\BaseBuilder.php(1455): CodeIgniter\Database\BaseConnection->query('SELECT 1\nFROM `...', Array, false)
#4 D:\Belajar\Framework\ktb-lab\ktb-lab\system\Validation\Rules.php(142): CodeIgniter\Database\BaseBuilder->get()
#5 D:\Belajar\Framework\ktb-lab\ktb-lab\system\Validation\Validation.php(292): CodeIgniter\Validation\Rules->is_unique(NULL, 'name', Array, NULL)
#6 D:\Belajar\Framework\ktb-lab\ktb-lab\system\Validation\Validation.php(157): CodeIgniter\Validation\Validation->processRules('name', 'Username', NULL, Array, Array)
#7 D:\Belajar\Framework\ktb-lab\ktb-lab\system\Controller.php(160): CodeIgniter\Validation\Validation->run()
#8 D:\Belajar\Framework\ktb-lab\ktb-lab\app\Controllers\Auth.php(64): CodeIgniter\Controller->validate(Array)
#9 D:\Belajar\Framework\ktb-lab\ktb-lab\system\CodeIgniter.php(832): App\Controllers\Auth->registerUser()
#10 D:\Belajar\Framework\ktb-lab\ktb-lab\system\CodeIgniter.php(419): CodeIgniter\CodeIgniter->runController(Object(App\Controllers\Auth))
#11 D:\Belajar\Framework\ktb-lab\ktb-lab\system\CodeIgniter.php(326): CodeIgniter\CodeIgniter->handleRequest(NULL, Object(Config\Cache), false)
#12 D:\Belajar\Framework\ktb-lab\ktb-lab\public\index.php(37): CodeIgniter\CodeIgniter->run()
#13 D:\Belajar\Framework\ktb-lab\ktb-lab\system\Commands\Server\rewrite.php(43): require_once('D:\\Belajar\\Fram...')
#14 {main}
ERROR - 2022-06-29 06:51:27 --> Unknown column 'name' in 'where clause'
CRITICAL - 2022-06-29 06:51:27 --> Unknown column 'name' in 'where clause'
#0 D:\4. KULIAH\SMT 6\PEMROGRAMAN FRAMEWORK\paling mendem\system\Database\MySQLi\Connection.php(292): mysqli->query('SELECT 1\nFROM `...', 0)
#1 D:\4. KULIAH\SMT 6\PEMROGRAMAN FRAMEWORK\paling mendem\system\Database\BaseConnection.php(670): CodeIgniter\Database\MySQLi\Connection->execute('SELECT 1\nFROM `...')
#2 D:\4. KULIAH\SMT 6\PEMROGRAMAN FRAMEWORK\paling mendem\system\Database\BaseConnection.php(598): CodeIgniter\Database\BaseConnection->simpleQuery('SELECT 1\nFROM `...')
#3 D:\4. KULIAH\SMT 6\PEMROGRAMAN FRAMEWORK\paling mendem\system\Database\BaseBuilder.php(1455): CodeIgniter\Database\BaseConnection->query('SELECT 1\nFROM `...', Array, false)
#4 D:\4. KULIAH\SMT 6\PEMROGRAMAN FRAMEWORK\paling mendem\system\Validation\Rules.php(142): CodeIgniter\Database\BaseBuilder->get()
#5 D:\4. KULIAH\SMT 6\PEMROGRAMAN FRAMEWORK\paling mendem\system\Validation\Validation.php(292): CodeIgniter\Validation\Rules->is_unique(NULL, 'name', Array, NULL)
#6 D:\4. KULIAH\SMT 6\PEMROGRAMAN FRAMEWORK\paling mendem\system\Validation\Validation.php(157): CodeIgniter\Validation\Validation->processRules('name', 'Username', NULL, Array, Array)
#7 D:\4. KULIAH\SMT 6\PEMROGRAMAN FRAMEWORK\paling mendem\system\Controller.php(160): CodeIgniter\Validation\Validation->run()
#8 D:\4. KULIAH\SMT 6\PEMROGRAMAN FRAMEWORK\paling mendem\app\Controllers\Auth.php(64): CodeIgniter\Controller->validate(Array)
#9 D:\4. KULIAH\SMT 6\PEMROGRAMAN FRAMEWORK\paling mendem\system\CodeIgniter.php(832): App\Controllers\Auth->registerUser()
#10 D:\4. KULIAH\SMT 6\PEMROGRAMAN FRAMEWORK\paling mendem\system\CodeIgniter.php(419): CodeIgniter\CodeIgniter->runController(Object(App\Controllers\Auth))
#11 D:\4. KULIAH\SMT 6\PEMROGRAMAN FRAMEWORK\paling mendem\system\CodeIgniter.php(326): CodeIgniter\CodeIgniter->handleRequest(NULL, Object(Config\Cache), false)
#12 D:\4. KULIAH\SMT 6\PEMROGRAMAN FRAMEWORK\paling mendem\public\index.php(37): CodeIgniter\CodeIgniter->run()
#13 D:\4. KULIAH\SMT 6\PEMROGRAMAN FRAMEWORK\paling mendem\system\Commands\Server\rewrite.php(43): require_once('D:\\4. KULIAH\\SM...')
#14 {main}
ERROR - 2022-06-29 06:54:30 --> Unknown column 'name' in 'where clause'
CRITICAL - 2022-06-29 06:54:30 --> Unknown column 'name' in 'where clause'
#0 D:\4. KULIAH\SMT 6\PEMROGRAMAN FRAMEWORK\paling mendem\system\Database\MySQLi\Connection.php(292): mysqli->query('SELECT 1\nFROM `...', 0)
#1 D:\4. KULIAH\SMT 6\PEMROGRAMAN FRAMEWORK\paling mendem\system\Database\BaseConnection.php(670): CodeIgniter\Database\MySQLi\Connection->execute('SELECT 1\nFROM `...')
#2 D:\4. KULIAH\SMT 6\PEMROGRAMAN FRAMEWORK\paling mendem\system\Database\BaseConnection.php(598): CodeIgniter\Database\BaseConnection->simpleQuery('SELECT 1\nFROM `...')
#3 D:\4. KULIAH\SMT 6\PEMROGRAMAN FRAMEWORK\paling mendem\system\Database\BaseBuilder.php(1455): CodeIgniter\Database\BaseConnection->query('SELECT 1\nFROM `...', Array, false)
#4 D:\4. KULIAH\SMT 6\PEMROGRAMAN FRAMEWORK\paling mendem\system\Validation\Rules.php(142): CodeIgniter\Database\BaseBuilder->get()
#5 D:\4. KULIAH\SMT 6\PEMROGRAMAN FRAMEWORK\paling mendem\system\Validation\Validation.php(292): CodeIgniter\Validation\Rules->is_unique(NULL, 'name', Array, NULL)
#6 D:\4. KULIAH\SMT 6\PEMROGRAMAN FRAMEWORK\paling mendem\system\Validation\Validation.php(157): CodeIgniter\Validation\Validation->processRules('name', 'Username', NULL, Array, Array)
#7 D:\4. KULIAH\SMT 6\PEMROGRAMAN FRAMEWORK\paling mendem\system\Controller.php(160): CodeIgniter\Validation\Validation->run()
#8 D:\4. KULIAH\SMT 6\PEMROGRAMAN FRAMEWORK\paling mendem\app\Controllers\Auth.php(64): CodeIgniter\Controller->validate(Array)
#9 D:\4. KULIAH\SMT 6\PEMROGRAMAN FRAMEWORK\paling mendem\system\CodeIgniter.php(832): App\Controllers\Auth->registerUser()
#10 D:\4. KULIAH\SMT 6\PEMROGRAMAN FRAMEWORK\paling mendem\system\CodeIgniter.php(419): CodeIgniter\CodeIgniter->runController(Object(App\Controllers\Auth))
#11 D:\4. KULIAH\SMT 6\PEMROGRAMAN FRAMEWORK\paling mendem\system\CodeIgniter.php(326): CodeIgniter\CodeIgniter->handleRequest(NULL, Object(Config\Cache), false)
#12 D:\4. KULIAH\SMT 6\PEMROGRAMAN FRAMEWORK\paling mendem\public\index.php(37): CodeIgniter\CodeIgniter->run()
#13 D:\4. KULIAH\SMT 6\PEMROGRAMAN FRAMEWORK\paling mendem\system\Commands\Server\rewrite.php(43): require_once('D:\\4. KULIAH\\SM...')
#14 {main}
ERROR - 2022-06-29 06:54:31 --> Unknown column 'name' in 'where clause'
CRITICAL - 2022-06-29 06:54:31 --> Unknown column 'name' in 'where clause'
#0 D:\4. KULIAH\SMT 6\PEMROGRAMAN FRAMEWORK\paling mendem\system\Database\MySQLi\Connection.php(292): mysqli->query('SELECT 1\nFROM `...', 0)
#1 D:\4. KULIAH\SMT 6\PEMROGRAMAN FRAMEWORK\paling mendem\system\Database\BaseConnection.php(670): CodeIgniter\Database\MySQLi\Connection->execute('SELECT 1\nFROM `...')
#2 D:\4. KULIAH\SMT 6\PEMROGRAMAN FRAMEWORK\paling mendem\system\Database\BaseConnection.php(598): CodeIgniter\Database\BaseConnection->simpleQuery('SELECT 1\nFROM `...')
#3 D:\4. KULIAH\SMT 6\PEMROGRAMAN FRAMEWORK\paling mendem\system\Database\BaseBuilder.php(1455): CodeIgniter\Database\BaseConnection->query('SELECT 1\nFROM `...', Array, false)
#4 D:\4. KULIAH\SMT 6\PEMROGRAMAN FRAMEWORK\paling mendem\system\Validation\Rules.php(142): CodeIgniter\Database\BaseBuilder->get()
#5 D:\4. KULIAH\SMT 6\PEMROGRAMAN FRAMEWORK\paling mendem\system\Validation\Validation.php(292): CodeIgniter\Validation\Rules->is_unique(NULL, 'name', Array, NULL)
#6 D:\4. KULIAH\SMT 6\PEMROGRAMAN FRAMEWORK\paling mendem\system\Validation\Validation.php(157): CodeIgniter\Validation\Validation->processRules('name', 'Username', NULL, Array, Array)
#7 D:\4. KULIAH\SMT 6\PEMROGRAMAN FRAMEWORK\paling mendem\system\Controller.php(160): CodeIgniter\Validation\Validation->run()
#8 D:\4. KULIAH\SMT 6\PEMROGRAMAN FRAMEWORK\paling mendem\app\Controllers\Auth.php(64): CodeIgniter\Controller->validate(Array)
#9 D:\4. KULIAH\SMT 6\PEMROGRAMAN FRAMEWORK\paling mendem\system\CodeIgniter.php(832): App\Controllers\Auth->registerUser()
#10 D:\4. KULIAH\SMT 6\PEMROGRAMAN FRAMEWORK\paling mendem\system\CodeIgniter.php(419): CodeIgniter\CodeIgniter->runController(Object(App\Controllers\Auth))
#11 D:\4. KULIAH\SMT 6\PEMROGRAMAN FRAMEWORK\paling mendem\system\CodeIgniter.php(326): CodeIgniter\CodeIgniter->handleRequest(NULL, Object(Config\Cache), false)
#12 D:\4. KULIAH\SMT 6\PEMROGRAMAN FRAMEWORK\paling mendem\public\index.php(37): CodeIgniter\CodeIgniter->run()
#13 D:\4. KULIAH\SMT 6\PEMROGRAMAN FRAMEWORK\paling mendem\system\Commands\Server\rewrite.php(43): require_once('D:\\4. KULIAH\\SM...')
#14 {main}
ERROR - 2022-06-29 06:54:32 --> Unknown column 'name' in 'where clause'
CRITICAL - 2022-06-29 06:54:32 --> Unknown column 'name' in 'where clause'
#0 D:\4. KULIAH\SMT 6\PEMROGRAMAN FRAMEWORK\paling mendem\system\Database\MySQLi\Connection.php(292): mysqli->query('SELECT 1\nFROM `...', 0)
#1 D:\4. KULIAH\SMT 6\PEMROGRAMAN FRAMEWORK\paling mendem\system\Database\BaseConnection.php(670): CodeIgniter\Database\MySQLi\Connection->execute('SELECT 1\nFROM `...')
#2 D:\4. KULIAH\SMT 6\PEMROGRAMAN FRAMEWORK\paling mendem\system\Database\BaseConnection.php(598): CodeIgniter\Database\BaseConnection->simpleQuery('SELECT 1\nFROM `...')
#3 D:\4. KULIAH\SMT 6\PEMROGRAMAN FRAMEWORK\paling mendem\system\Database\BaseBuilder.php(1455): CodeIgniter\Database\BaseConnection->query('SELECT 1\nFROM `...', Array, false)
#4 D:\4. KULIAH\SMT 6\PEMROGRAMAN FRAMEWORK\paling mendem\system\Validation\Rules.php(142): CodeIgniter\Database\BaseBuilder->get()
#5 D:\4. KULIAH\SMT 6\PEMROGRAMAN FRAMEWORK\paling mendem\system\Validation\Validation.php(292): CodeIgniter\Validation\Rules->is_unique(NULL, 'name', Array, NULL)
#6 D:\4. KULIAH\SMT 6\PEMROGRAMAN FRAMEWORK\paling mendem\system\Validation\Validation.php(157): CodeIgniter\Validation\Validation->processRules('name', 'Username', NULL, Array, Array)
#7 D:\4. KULIAH\SMT 6\PEMROGRAMAN FRAMEWORK\paling mendem\system\Controller.php(160): CodeIgniter\Validation\Validation->run()
#8 D:\4. KULIAH\SMT 6\PEMROGRAMAN FRAMEWORK\paling mendem\app\Controllers\Auth.php(64): CodeIgniter\Controller->validate(Array)
#9 D:\4. KULIAH\SMT 6\PEMROGRAMAN FRAMEWORK\paling mendem\system\CodeIgniter.php(832): App\Controllers\Auth->registerUser()
#10 D:\4. KULIAH\SMT 6\PEMROGRAMAN FRAMEWORK\paling mendem\system\CodeIgniter.php(419): CodeIgniter\CodeIgniter->runController(Object(App\Controllers\Auth))
#11 D:\4. KULIAH\SMT 6\PEMROGRAMAN FRAMEWORK\paling mendem\system\CodeIgniter.php(326): CodeIgniter\CodeIgniter->handleRequest(NULL, Object(Config\Cache), false)
#12 D:\4. KULIAH\SMT 6\PEMROGRAMAN FRAMEWORK\paling mendem\public\index.php(37): CodeIgniter\CodeIgniter->run()
#13 D:\4. KULIAH\SMT 6\PEMROGRAMAN FRAMEWORK\paling mendem\system\Commands\Server\rewrite.php(43): require_once('D:\\4. KULIAH\\SM...')
#14 {main}
ERROR - 2022-06-29 06:54:32 --> Unknown column 'name' in 'where clause'
CRITICAL - 2022-06-29 06:54:32 --> Unknown column 'name' in 'where clause'
#0 D:\4. KULIAH\SMT 6\PEMROGRAMAN FRAMEWORK\paling mendem\system\Database\MySQLi\Connection.php(292): mysqli->query('SELECT 1\nFROM `...', 0)
#1 D:\4. KULIAH\SMT 6\PEMROGRAMAN FRAMEWORK\paling mendem\system\Database\BaseConnection.php(670): CodeIgniter\Database\MySQLi\Connection->execute('SELECT 1\nFROM `...')
#2 D:\4. KULIAH\SMT 6\PEMROGRAMAN FRAMEWORK\paling mendem\system\Database\BaseConnection.php(598): CodeIgniter\Database\BaseConnection->simpleQuery('SELECT 1\nFROM `...')
#3 D:\4. KULIAH\SMT 6\PEMROGRAMAN FRAMEWORK\paling mendem\system\Database\BaseBuilder.php(1455): CodeIgniter\Database\BaseConnection->query('SELECT 1\nFROM `...', Array, false)
#4 D:\4. KULIAH\SMT 6\PEMROGRAMAN FRAMEWORK\paling mendem\system\Validation\Rules.php(142): CodeIgniter\Database\BaseBuilder->get()
#5 D:\4. KULIAH\SMT 6\PEMROGRAMAN FRAMEWORK\paling mendem\system\Validation\Validation.php(292): CodeIgniter\Validation\Rules->is_unique(NULL, 'name', Array, NULL)
#6 D:\4. KULIAH\SMT 6\PEMROGRAMAN FRAMEWORK\paling mendem\system\Validation\Validation.php(157): CodeIgniter\Validation\Validation->processRules('name', 'Username', NULL, Array, Array)
#7 D:\4. KULIAH\SMT 6\PEMROGRAMAN FRAMEWORK\paling mendem\system\Controller.php(160): CodeIgniter\Validation\Validation->run()
#8 D:\4. KULIAH\SMT 6\PEMROGRAMAN FRAMEWORK\paling mendem\app\Controllers\Auth.php(64): CodeIgniter\Controller->validate(Array)
#9 D:\4. KULIAH\SMT 6\PEMROGRAMAN FRAMEWORK\paling mendem\system\CodeIgniter.php(832): App\Controllers\Auth->registerUser()
#10 D:\4. KULIAH\SMT 6\PEMROGRAMAN FRAMEWORK\paling mendem\system\CodeIgniter.php(419): CodeIgniter\CodeIgniter->runController(Object(App\Controllers\Auth))
#11 D:\4. KULIAH\SMT 6\PEMROGRAMAN FRAMEWORK\paling mendem\system\CodeIgniter.php(326): CodeIgniter\CodeIgniter->handleRequest(NULL, Object(Config\Cache), false)
#12 D:\4. KULIAH\SMT 6\PEMROGRAMAN FRAMEWORK\paling mendem\public\index.php(37): CodeIgniter\CodeIgniter->run()
#13 D:\4. KULIAH\SMT 6\PEMROGRAMAN FRAMEWORK\paling mendem\system\Commands\Server\rewrite.php(43): require_once('D:\\4. KULIAH\\SM...')
#14 {main}
ERROR - 2022-06-29 06:54:33 --> Unknown column 'name' in 'where clause'
CRITICAL - 2022-06-29 06:54:33 --> Unknown column 'name' in 'where clause'
#0 D:\4. KULIAH\SMT 6\PEMROGRAMAN FRAMEWORK\paling mendem\system\Database\MySQLi\Connection.php(292): mysqli->query('SELECT 1\nFROM `...', 0)
#1 D:\4. KULIAH\SMT 6\PEMROGRAMAN FRAMEWORK\paling mendem\system\Database\BaseConnection.php(670): CodeIgniter\Database\MySQLi\Connection->execute('SELECT 1\nFROM `...')
#2 D:\4. KULIAH\SMT 6\PEMROGRAMAN FRAMEWORK\paling mendem\system\Database\BaseConnection.php(598): CodeIgniter\Database\BaseConnection->simpleQuery('SELECT 1\nFROM `...')
#3 D:\4. KULIAH\SMT 6\PEMROGRAMAN FRAMEWORK\paling mendem\system\Database\BaseBuilder.php(1455): CodeIgniter\Database\BaseConnection->query('SELECT 1\nFROM `...', Array, false)
#4 D:\4. KULIAH\SMT 6\PEMROGRAMAN FRAMEWORK\paling mendem\system\Validation\Rules.php(142): CodeIgniter\Database\BaseBuilder->get()
#5 D:\4. KULIAH\SMT 6\PEMROGRAMAN FRAMEWORK\paling mendem\system\Validation\Validation.php(292): CodeIgniter\Validation\Rules->is_unique(NULL, 'name', Array, NULL)
#6 D:\4. KULIAH\SMT 6\PEMROGRAMAN FRAMEWORK\paling mendem\system\Validation\Validation.php(157): CodeIgniter\Validation\Validation->processRules('name', 'Username', NULL, Array, Array)
#7 D:\4. KULIAH\SMT 6\PEMROGRAMAN FRAMEWORK\paling mendem\system\Controller.php(160): CodeIgniter\Validation\Validation->run()
#8 D:\4. KULIAH\SMT 6\PEMROGRAMAN FRAMEWORK\paling mendem\app\Controllers\Auth.php(64): CodeIgniter\Controller->validate(Array)
#9 D:\4. KULIAH\SMT 6\PEMROGRAMAN FRAMEWORK\paling mendem\system\CodeIgniter.php(832): App\Controllers\Auth->registerUser()
#10 D:\4. KULIAH\SMT 6\PEMROGRAMAN FRAMEWORK\paling mendem\system\CodeIgniter.php(419): CodeIgniter\CodeIgniter->runController(Object(App\Controllers\Auth))
#11 D:\4. KULIAH\SMT 6\PEMROGRAMAN FRAMEWORK\paling mendem\system\CodeIgniter.php(326): CodeIgniter\CodeIgniter->handleRequest(NULL, Object(Config\Cache), false)
#12 D:\4. KULIAH\SMT 6\PEMROGRAMAN FRAMEWORK\paling mendem\public\index.php(37): CodeIgniter\CodeIgniter->run()
#13 D:\4. KULIAH\SMT 6\PEMROGRAMAN FRAMEWORK\paling mendem\system\Commands\Server\rewrite.php(43): require_once('D:\\4. KULIAH\\SM...')
#14 {main}
ERROR - 2022-06-29 06:54:33 --> Unknown column 'name' in 'where clause'
CRITICAL - 2022-06-29 06:54:33 --> Unknown column 'name' in 'where clause'
#0 D:\4. KULIAH\SMT 6\PEMROGRAMAN FRAMEWORK\paling mendem\system\Database\MySQLi\Connection.php(292): mysqli->query('SELECT 1\nFROM `...', 0)
#1 D:\4. KULIAH\SMT 6\PEMROGRAMAN FRAMEWORK\paling mendem\system\Database\BaseConnection.php(670): CodeIgniter\Database\MySQLi\Connection->execute('SELECT 1\nFROM `...')
#2 D:\4. KULIAH\SMT 6\PEMROGRAMAN FRAMEWORK\paling mendem\system\Database\BaseConnection.php(598): CodeIgniter\Database\BaseConnection->simpleQuery('SELECT 1\nFROM `...')
#3 D:\4. KULIAH\SMT 6\PEMROGRAMAN FRAMEWORK\paling mendem\system\Database\BaseBuilder.php(1455): CodeIgniter\Database\BaseConnection->query('SELECT 1\nFROM `...', Array, false)
#4 D:\4. KULIAH\SMT 6\PEMROGRAMAN FRAMEWORK\paling mendem\system\Validation\Rules.php(142): CodeIgniter\Database\BaseBuilder->get()
#5 D:\4. KULIAH\SMT 6\PEMROGRAMAN FRAMEWORK\paling mendem\system\Validation\Validation.php(292): CodeIgniter\Validation\Rules->is_unique(NULL, 'name', Array, NULL)
#6 D:\4. KULIAH\SMT 6\PEMROGRAMAN FRAMEWORK\paling mendem\system\Validation\Validation.php(157): CodeIgniter\Validation\Validation->processRules('name', 'Username', NULL, Array, Array)
#7 D:\4. KULIAH\SMT 6\PEMROGRAMAN FRAMEWORK\paling mendem\system\Controller.php(160): CodeIgniter\Validation\Validation->run()
#8 D:\4. KULIAH\SMT 6\PEMROGRAMAN FRAMEWORK\paling mendem\app\Controllers\Auth.php(64): CodeIgniter\Controller->validate(Array)
#9 D:\4. KULIAH\SMT 6\PEMROGRAMAN FRAMEWORK\paling mendem\system\CodeIgniter.php(832): App\Controllers\Auth->registerUser()
#10 D:\4. KULIAH\SMT 6\PEMROGRAMAN FRAMEWORK\paling mendem\system\CodeIgniter.php(419): CodeIgniter\CodeIgniter->runController(Object(App\Controllers\Auth))
#11 D:\4. KULIAH\SMT 6\PEMROGRAMAN FRAMEWORK\paling mendem\system\CodeIgniter.php(326): CodeIgniter\CodeIgniter->handleRequest(NULL, Object(Config\Cache), false)
#12 D:\4. KULIAH\SMT 6\PEMROGRAMAN FRAMEWORK\paling mendem\public\index.php(37): CodeIgniter\CodeIgniter->run()
#13 D:\4. KULIAH\SMT 6\PEMROGRAMAN FRAMEWORK\paling mendem\system\Commands\Server\rewrite.php(43): require_once('D:\\4. KULIAH\\SM...')
#14 {main}
ERROR - 2022-06-29 06:54:34 --> Unknown column 'name' in 'where clause'
CRITICAL - 2022-06-29 06:54:34 --> Unknown column 'name' in 'where clause'
#0 D:\4. KULIAH\SMT 6\PEMROGRAMAN FRAMEWORK\paling mendem\system\Database\MySQLi\Connection.php(292): mysqli->query('SELECT 1\nFROM `...', 0)
#1 D:\4. KULIAH\SMT 6\PEMROGRAMAN FRAMEWORK\paling mendem\system\Database\BaseConnection.php(670): CodeIgniter\Database\MySQLi\Connection->execute('SELECT 1\nFROM `...')
#2 D:\4. KULIAH\SMT 6\PEMROGRAMAN FRAMEWORK\paling mendem\system\Database\BaseConnection.php(598): CodeIgniter\Database\BaseConnection->simpleQuery('SELECT 1\nFROM `...')
#3 D:\4. KULIAH\SMT 6\PEMROGRAMAN FRAMEWORK\paling mendem\system\Database\BaseBuilder.php(1455): CodeIgniter\Database\BaseConnection->query('SELECT 1\nFROM `...', Array, false)
#4 D:\4. KULIAH\SMT 6\PEMROGRAMAN FRAMEWORK\paling mendem\system\Validation\Rules.php(142): CodeIgniter\Database\BaseBuilder->get()
#5 D:\4. KULIAH\SMT 6\PEMROGRAMAN FRAMEWORK\paling mendem\system\Validation\Validation.php(292): CodeIgniter\Validation\Rules->is_unique(NULL, 'name', Array, NULL)
#6 D:\4. KULIAH\SMT 6\PEMROGRAMAN FRAMEWORK\paling mendem\system\Validation\Validation.php(157): CodeIgniter\Validation\Validation->processRules('name', 'Username', NULL, Array, Array)
#7 D:\4. KULIAH\SMT 6\PEMROGRAMAN FRAMEWORK\paling mendem\system\Controller.php(160): CodeIgniter\Validation\Validation->run()
#8 D:\4. KULIAH\SMT 6\PEMROGRAMAN FRAMEWORK\paling mendem\app\Controllers\Auth.php(64): CodeIgniter\Controller->validate(Array)
#9 D:\4. KULIAH\SMT 6\PEMROGRAMAN FRAMEWORK\paling mendem\system\CodeIgniter.php(832): App\Controllers\Auth->registerUser()
#10 D:\4. KULIAH\SMT 6\PEMROGRAMAN FRAMEWORK\paling mendem\system\CodeIgniter.php(419): CodeIgniter\CodeIgniter->runController(Object(App\Controllers\Auth))
#11 D:\4. KULIAH\SMT 6\PEMROGRAMAN FRAMEWORK\paling mendem\system\CodeIgniter.php(326): CodeIgniter\CodeIgniter->handleRequest(NULL, Object(Config\Cache), false)
#12 D:\4. KULIAH\SMT 6\PEMROGRAMAN FRAMEWORK\paling mendem\public\index.php(37): CodeIgniter\CodeIgniter->run()
#13 D:\4. KULIAH\SMT 6\PEMROGRAMAN FRAMEWORK\paling mendem\system\Commands\Server\rewrite.php(43): require_once('D:\\4. KULIAH\\SM...')
#14 {main}
ERROR - 2022-06-29 06:54:34 --> Unknown column 'name' in 'where clause'
CRITICAL - 2022-06-29 06:54:34 --> Unknown column 'name' in 'where clause'
#0 D:\4. KULIAH\SMT 6\PEMROGRAMAN FRAMEWORK\paling mendem\system\Database\MySQLi\Connection.php(292): mysqli->query('SELECT 1\nFROM `...', 0)
#1 D:\4. KULIAH\SMT 6\PEMROGRAMAN FRAMEWORK\paling mendem\system\Database\BaseConnection.php(670): CodeIgniter\Database\MySQLi\Connection->execute('SELECT 1\nFROM `...')
#2 D:\4. KULIAH\SMT 6\PEMROGRAMAN FRAMEWORK\paling mendem\system\Database\BaseConnection.php(598): CodeIgniter\Database\BaseConnection->simpleQuery('SELECT 1\nFROM `...')
#3 D:\4. KULIAH\SMT 6\PEMROGRAMAN FRAMEWORK\paling mendem\system\Database\BaseBuilder.php(1455): CodeIgniter\Database\BaseConnection->query('SELECT 1\nFROM `...', Array, false)
#4 D:\4. KULIAH\SMT 6\PEMROGRAMAN FRAMEWORK\paling mendem\system\Validation\Rules.php(142): CodeIgniter\Database\BaseBuilder->get()
#5 D:\4. KULIAH\SMT 6\PEMROGRAMAN FRAMEWORK\paling mendem\system\Validation\Validation.php(292): CodeIgniter\Validation\Rules->is_unique(NULL, 'name', Array, NULL)
#6 D:\4. KULIAH\SMT 6\PEMROGRAMAN FRAMEWORK\paling mendem\system\Validation\Validation.php(157): CodeIgniter\Validation\Validation->processRules('name', 'Username', NULL, Array, Array)
#7 D:\4. KULIAH\SMT 6\PEMROGRAMAN FRAMEWORK\paling mendem\system\Controller.php(160): CodeIgniter\Validation\Validation->run()
#8 D:\4. KULIAH\SMT 6\PEMROGRAMAN FRAMEWORK\paling mendem\app\Controllers\Auth.php(64): CodeIgniter\Controller->validate(Array)
#9 D:\4. KULIAH\SMT 6\PEMROGRAMAN FRAMEWORK\paling mendem\system\CodeIgniter.php(832): App\Controllers\Auth->registerUser()
#10 D:\4. KULIAH\SMT 6\PEMROGRAMAN FRAMEWORK\paling mendem\system\CodeIgniter.php(419): CodeIgniter\CodeIgniter->runController(Object(App\Controllers\Auth))
#11 D:\4. KULIAH\SMT 6\PEMROGRAMAN FRAMEWORK\paling mendem\system\CodeIgniter.php(326): CodeIgniter\CodeIgniter->handleRequest(NULL, Object(Config\Cache), false)
#12 D:\4. KULIAH\SMT 6\PEMROGRAMAN FRAMEWORK\paling mendem\public\index.php(37): CodeIgniter\CodeIgniter->run()
#13 D:\4. KULIAH\SMT 6\PEMROGRAMAN FRAMEWORK\paling mendem\system\Commands\Server\rewrite.php(43): require_once('D:\\4. KULIAH\\SM...')
#14 {main}
ERROR - 2022-06-29 06:54:35 --> Unknown column 'name' in 'where clause'
CRITICAL - 2022-06-29 06:54:35 --> Unknown column 'name' in 'where clause'
#0 D:\4. KULIAH\SMT 6\PEMROGRAMAN FRAMEWORK\paling mendem\system\Database\MySQLi\Connection.php(292): mysqli->query('SELECT 1\nFROM `...', 0)
#1 D:\4. KULIAH\SMT 6\PEMROGRAMAN FRAMEWORK\paling mendem\system\Database\BaseConnection.php(670): CodeIgniter\Database\MySQLi\Connection->execute('SELECT 1\nFROM `...')
#2 D:\4. KULIAH\SMT 6\PEMROGRAMAN FRAMEWORK\paling mendem\system\Database\BaseConnection.php(598): CodeIgniter\Database\BaseConnection->simpleQuery('SELECT 1\nFROM `...')
#3 D:\4. KULIAH\SMT 6\PEMROGRAMAN FRAMEWORK\paling mendem\system\Database\BaseBuilder.php(1455): CodeIgniter\Database\BaseConnection->query('SELECT 1\nFROM `...', Array, false)
#4 D:\4. KULIAH\SMT 6\PEMROGRAMAN FRAMEWORK\paling mendem\system\Validation\Rules.php(142): CodeIgniter\Database\BaseBuilder->get()
#5 D:\4. KULIAH\SMT 6\PEMROGRAMAN FRAMEWORK\paling mendem\system\Validation\Validation.php(292): CodeIgniter\Validation\Rules->is_unique(NULL, 'name', Array, NULL)
#6 D:\4. KULIAH\SMT 6\PEMROGRAMAN FRAMEWORK\paling mendem\system\Validation\Validation.php(157): CodeIgniter\Validation\Validation->processRules('name', 'Username', NULL, Array, Array)
#7 D:\4. KULIAH\SMT 6\PEMROGRAMAN FRAMEWORK\paling mendem\system\Controller.php(160): CodeIgniter\Validation\Validation->run()
#8 D:\4. KULIAH\SMT 6\PEMROGRAMAN FRAMEWORK\paling mendem\app\Controllers\Auth.php(64): CodeIgniter\Controller->validate(Array)
#9 D:\4. KULIAH\SMT 6\PEMROGRAMAN FRAMEWORK\paling mendem\system\CodeIgniter.php(832): App\Controllers\Auth->registerUser()
#10 D:\4. KULIAH\SMT 6\PEMROGRAMAN FRAMEWORK\paling mendem\system\CodeIgniter.php(419): CodeIgniter\CodeIgniter->runController(Object(App\Controllers\Auth))
#11 D:\4. KULIAH\SMT 6\PEMROGRAMAN FRAMEWORK\paling mendem\system\CodeIgniter.php(326): CodeIgniter\CodeIgniter->handleRequest(NULL, Object(Config\Cache), false)
#12 D:\4. KULIAH\SMT 6\PEMROGRAMAN FRAMEWORK\paling mendem\public\index.php(37): CodeIgniter\CodeIgniter->run()
#13 D:\4. KULIAH\SMT 6\PEMROGRAMAN FRAMEWORK\paling mendem\system\Commands\Server\rewrite.php(43): require_once('D:\\4. KULIAH\\SM...')
#14 {main}
ERROR - 2022-06-29 06:54:35 --> Unknown column 'name' in 'where clause'
CRITICAL - 2022-06-29 06:54:35 --> Unknown column 'name' in 'where clause'
#0 D:\4. KULIAH\SMT 6\PEMROGRAMAN FRAMEWORK\paling mendem\system\Database\MySQLi\Connection.php(292): mysqli->query('SELECT 1\nFROM `...', 0)
#1 D:\4. KULIAH\SMT 6\PEMROGRAMAN FRAMEWORK\paling mendem\system\Database\BaseConnection.php(670): CodeIgniter\Database\MySQLi\Connection->execute('SELECT 1\nFROM `...')
#2 D:\4. KULIAH\SMT 6\PEMROGRAMAN FRAMEWORK\paling mendem\system\Database\BaseConnection.php(598): CodeIgniter\Database\BaseConnection->simpleQuery('SELECT 1\nFROM `...')
#3 D:\4. KULIAH\SMT 6\PEMROGRAMAN FRAMEWORK\paling mendem\system\Database\BaseBuilder.php(1455): CodeIgniter\Database\BaseConnection->query('SELECT 1\nFROM `...', Array, false)
#4 D:\4. KULIAH\SMT 6\PEMROGRAMAN FRAMEWORK\paling mendem\system\Validation\Rules.php(142): CodeIgniter\Database\BaseBuilder->get()
#5 D:\4. KULIAH\SMT 6\PEMROGRAMAN FRAMEWORK\paling mendem\system\Validation\Validation.php(292): CodeIgniter\Validation\Rules->is_unique(NULL, 'name', Array, NULL)
#6 D:\4. KULIAH\SMT 6\PEMROGRAMAN FRAMEWORK\paling mendem\system\Validation\Validation.php(157): CodeIgniter\Validation\Validation->processRules('name', 'Username', NULL, Array, Array)
#7 D:\4. KULIAH\SMT 6\PEMROGRAMAN FRAMEWORK\paling mendem\system\Controller.php(160): CodeIgniter\Validation\Validation->run()
#8 D:\4. KULIAH\SMT 6\PEMROGRAMAN FRAMEWORK\paling mendem\app\Controllers\Auth.php(64): CodeIgniter\Controller->validate(Array)
#9 D:\4. KULIAH\SMT 6\PEMROGRAMAN FRAMEWORK\paling mendem\system\CodeIgniter.php(832): App\Controllers\Auth->registerUser()
#10 D:\4. KULIAH\SMT 6\PEMROGRAMAN FRAMEWORK\paling mendem\system\CodeIgniter.php(419): CodeIgniter\CodeIgniter->runController(Object(App\Controllers\Auth))
#11 D:\4. KULIAH\SMT 6\PEMROGRAMAN FRAMEWORK\paling mendem\system\CodeIgniter.php(326): CodeIgniter\CodeIgniter->handleRequest(NULL, Object(Config\Cache), false)
#12 D:\4. KULIAH\SMT 6\PEMROGRAMAN FRAMEWORK\paling mendem\public\index.php(37): CodeIgniter\CodeIgniter->run()
#13 D:\4. KULIAH\SMT 6\PEMROGRAMAN FRAMEWORK\paling mendem\system\Commands\Server\rewrite.php(43): require_once('D:\\4. KULIAH\\SM...')
#14 {main}
ERROR - 2022-06-29 06:56:28 --> Unknown column 'name' in 'where clause'
CRITICAL - 2022-06-29 06:56:28 --> Unknown column 'name' in 'where clause'
#0 D:\4. KULIAH\SMT 6\PEMROGRAMAN FRAMEWORK\paling mendem\system\Database\MySQLi\Connection.php(292): mysqli->query('SELECT 1\nFROM `...', 0)
#1 D:\4. KULIAH\SMT 6\PEMROGRAMAN FRAMEWORK\paling mendem\system\Database\BaseConnection.php(670): CodeIgniter\Database\MySQLi\Connection->execute('SELECT 1\nFROM `...')
#2 D:\4. KULIAH\SMT 6\PEMROGRAMAN FRAMEWORK\paling mendem\system\Database\BaseConnection.php(598): CodeIgniter\Database\BaseConnection->simpleQuery('SELECT 1\nFROM `...')
#3 D:\4. KULIAH\SMT 6\PEMROGRAMAN FRAMEWORK\paling mendem\system\Database\BaseBuilder.php(1455): CodeIgniter\Database\BaseConnection->query('SELECT 1\nFROM `...', Array, false)
#4 D:\4. KULIAH\SMT 6\PEMROGRAMAN FRAMEWORK\paling mendem\system\Validation\Rules.php(142): CodeIgniter\Database\BaseBuilder->get()
#5 D:\4. KULIAH\SMT 6\PEMROGRAMAN FRAMEWORK\paling mendem\system\Validation\Validation.php(292): CodeIgniter\Validation\Rules->is_unique(NULL, 'name', Array, NULL)
#6 D:\4. KULIAH\SMT 6\PEMROGRAMAN FRAMEWORK\paling mendem\system\Validation\Validation.php(157): CodeIgniter\Validation\Validation->processRules('name', 'Username', NULL, Array, Array)
#7 D:\4. KULIAH\SMT 6\PEMROGRAMAN FRAMEWORK\paling mendem\system\Controller.php(160): CodeIgniter\Validation\Validation->run()
#8 D:\4. KULIAH\SMT 6\PEMROGRAMAN FRAMEWORK\paling mendem\app\Controllers\Auth.php(64): CodeIgniter\Controller->validate(Array)
#9 D:\4. KULIAH\SMT 6\PEMROGRAMAN FRAMEWORK\paling mendem\system\CodeIgniter.php(832): App\Controllers\Auth->registerUser()
#10 D:\4. KULIAH\SMT 6\PEMROGRAMAN FRAMEWORK\paling mendem\system\CodeIgniter.php(419): CodeIgniter\CodeIgniter->runController(Object(App\Controllers\Auth))
#11 D:\4. KULIAH\SMT 6\PEMROGRAMAN FRAMEWORK\paling mendem\system\CodeIgniter.php(326): CodeIgniter\CodeIgniter->handleRequest(NULL, Object(Config\Cache), false)
#12 D:\4. KULIAH\SMT 6\PEMROGRAMAN FRAMEWORK\paling mendem\public\index.php(37): CodeIgniter\CodeIgniter->run()
#13 D:\4. KULIAH\SMT 6\PEMROGRAMAN FRAMEWORK\paling mendem\system\Commands\Server\rewrite.php(43): require_once('D:\\4. KULIAH\\SM...')
#14 {main}
ERROR - 2022-06-29 06:58:36 --> Unknown column 'name' in 'where clause'
CRITICAL - 2022-06-29 06:58:36 --> Unknown column 'name' in 'where clause'
#0 D:\4. KULIAH\SMT 6\PEMROGRAMAN FRAMEWORK\paling mendem\system\Database\MySQLi\Connection.php(292): mysqli->query('SELECT 1\nFROM `...', 0)
#1 D:\4. KULIAH\SMT 6\PEMROGRAMAN FRAMEWORK\paling mendem\system\Database\BaseConnection.php(670): CodeIgniter\Database\MySQLi\Connection->execute('SELECT 1\nFROM `...')
#2 D:\4. KULIAH\SMT 6\PEMROGRAMAN FRAMEWORK\paling mendem\system\Database\BaseConnection.php(598): CodeIgniter\Database\BaseConnection->simpleQuery('SELECT 1\nFROM `...')
#3 D:\4. KULIAH\SMT 6\PEMROGRAMAN FRAMEWORK\paling mendem\system\Database\BaseBuilder.php(1455): CodeIgniter\Database\BaseConnection->query('SELECT 1\nFROM `...', Array, false)
#4 D:\4. KULIAH\SMT 6\PEMROGRAMAN FRAMEWORK\paling mendem\system\Validation\Rules.php(142): CodeIgniter\Database\BaseBuilder->get()
#5 D:\4. KULIAH\SMT 6\PEMROGRAMAN FRAMEWORK\paling mendem\system\Validation\Validation.php(292): CodeIgniter\Validation\Rules->is_unique(NULL, 'name', Array, NULL)
#6 D:\4. KULIAH\SMT 6\PEMROGRAMAN FRAMEWORK\paling mendem\system\Validation\Validation.php(157): CodeIgniter\Validation\Validation->processRules('name', 'Username', NULL, Array, Array)
#7 D:\4. KULIAH\SMT 6\PEMROGRAMAN FRAMEWORK\paling mendem\system\Controller.php(160): CodeIgniter\Validation\Validation->run()
#8 D:\4. KULIAH\SMT 6\PEMROGRAMAN FRAMEWORK\paling mendem\app\Controllers\Auth.php(64): CodeIgniter\Controller->validate(Array)
#9 D:\4. KULIAH\SMT 6\PEMROGRAMAN FRAMEWORK\paling mendem\system\CodeIgniter.php(832): App\Controllers\Auth->registerUser()
#10 D:\4. KULIAH\SMT 6\PEMROGRAMAN FRAMEWORK\paling mendem\system\CodeIgniter.php(419): CodeIgniter\CodeIgniter->runController(Object(App\Controllers\Auth))
#11 D:\4. KULIAH\SMT 6\PEMROGRAMAN FRAMEWORK\paling mendem\system\CodeIgniter.php(326): CodeIgniter\CodeIgniter->handleRequest(NULL, Object(Config\Cache), false)
#12 D:\4. KULIAH\SMT 6\PEMROGRAMAN FRAMEWORK\paling mendem\public\index.php(37): CodeIgniter\CodeIgniter->run()
#13 D:\4. KULIAH\SMT 6\PEMROGRAMAN FRAMEWORK\paling mendem\system\Commands\Server\rewrite.php(43): require_once('D:\\4. KULIAH\\SM...')
#14 {main}
CRITICAL - 2022-06-29 07:02:25 --> password_verify() expects exactly 2 arguments, 3 given
#0 D:\4. KULIAH\SMT 6\PEMROGRAMAN FRAMEWORK\paling mendem\app\Controllers\Auth.php(80): password_verify('d8578edf8458ce0...', 'd8578edf8458ce0...', '2y')
#1 D:\4. KULIAH\SMT 6\PEMROGRAMAN FRAMEWORK\paling mendem\system\CodeIgniter.php(832): App\Controllers\Auth->login()
#2 D:\4. KULIAH\SMT 6\PEMROGRAMAN FRAMEWORK\paling mendem\system\CodeIgniter.php(419): CodeIgniter\CodeIgniter->runController(Object(App\Controllers\Auth))
#3 D:\4. KULIAH\SMT 6\PEMROGRAMAN FRAMEWORK\paling mendem\system\CodeIgniter.php(326): CodeIgniter\CodeIgniter->handleRequest(NULL, Object(Config\Cache), false)
#4 D:\4. KULIAH\SMT 6\PEMROGRAMAN FRAMEWORK\paling mendem\public\index.php(37): CodeIgniter\CodeIgniter->run()
#5 D:\4. KULIAH\SMT 6\PEMROGRAMAN FRAMEWORK\paling mendem\system\Commands\Server\rewrite.php(43): require_once('D:\\4. KULIAH\\SM...')
#6 {main}
CRITICAL - 2022-06-29 07:23:33 --> Undefined property: App\Controllers\Auth::$session
#0 D:\4. KULIAH\SMT 6\PEMROGRAMAN FRAMEWORK\paling mendem\app\Controllers\Auth.php(87): CodeIgniter\Debug\Exceptions->errorHandler(2, 'Undefined prope...', 'D:\\4. KULIAH\\SM...', 87)
#1 D:\4. KULIAH\SMT 6\PEMROGRAMAN FRAMEWORK\paling mendem\system\CodeIgniter.php(832): App\Controllers\Auth->login()
#2 D:\4. KULIAH\SMT 6\PEMROGRAMAN FRAMEWORK\paling mendem\system\CodeIgniter.php(419): CodeIgniter\CodeIgniter->runController(Object(App\Controllers\Auth))
#3 D:\4. KULIAH\SMT 6\PEMROGRAMAN FRAMEWORK\paling mendem\system\CodeIgniter.php(326): CodeIgniter\CodeIgniter->handleRequest(NULL, Object(Config\Cache), false)
#4 D:\4. KULIAH\SMT 6\PEMROGRAMAN FRAMEWORK\paling mendem\public\index.php(37): CodeIgniter\CodeIgniter->run()
#5 D:\4. KULIAH\SMT 6\PEMROGRAMAN FRAMEWORK\paling mendem\system\Commands\Server\rewrite.php(43): require_once('D:\\4. KULIAH\\SM...')
#6 {main}
CRITICAL - 2022-06-29 07:24:05 --> Undefined property: App\Controllers\Auth::$session
#0 D:\4. KULIAH\SMT 6\PEMROGRAMAN FRAMEWORK\paling mendem\app\Controllers\Auth.php(87): CodeIgniter\Debug\Exceptions->errorHandler(2, 'Undefined prope...', 'D:\\4. KULIAH\\SM...', 87)
#1 D:\4. KULIAH\SMT 6\PEMROGRAMAN FRAMEWORK\paling mendem\system\CodeIgniter.php(832): App\Controllers\Auth->login()
#2 D:\4. KULIAH\SMT 6\PEMROGRAMAN FRAMEWORK\paling mendem\system\CodeIgniter.php(419): CodeIgniter\CodeIgniter->runController(Object(App\Controllers\Auth))
#3 D:\4. KULIAH\SMT 6\PEMROGRAMAN FRAMEWORK\paling mendem\system\CodeIgniter.php(326): CodeIgniter\CodeIgniter->handleRequest(NULL, Object(Config\Cache), false)
#4 D:\4. KULIAH\SMT 6\PEMROGRAMAN FRAMEWORK\paling mendem\public\index.php(37): CodeIgniter\CodeIgniter->run()
#5 D:\4. KULIAH\SMT 6\PEMROGRAMAN FRAMEWORK\paling mendem\system\Commands\Server\rewrite.php(43): require_once('D:\\4. KULIAH\\SM...')
#6 {main}
ERROR - 2022-06-29 09:11:47 --> Unknown column 'user' in 'where clause'
CRITICAL - 2022-06-29 09:11:47 --> Unknown column 'user' in 'where clause'
#0 D:\4. KULIAH\SMT 6\PEMROGRAMAN FRAMEWORK\paling mendem\system\Database\MySQLi\Connection.php(292): mysqli->query('SELECT *\nFROM `...', 0)
#1 D:\4. KULIAH\SMT 6\PEMROGRAMAN FRAMEWORK\paling mendem\system\Database\BaseConnection.php(670): CodeIgniter\Database\MySQLi\Connection->execute('SELECT *\nFROM `...')
#2 D:\4. KULIAH\SMT 6\PEMROGRAMAN FRAMEWORK\paling mendem\system\Database\BaseConnection.php(598): CodeIgniter\Database\BaseConnection->simpleQuery('SELECT *\nFROM `...')
#3 D:\4. KULIAH\SMT 6\PEMROGRAMAN FRAMEWORK\paling mendem\system\Database\BaseBuilder.php(1455): CodeIgniter\Database\BaseConnection->query('SELECT *\nFROM `...', Array, false)
#4 D:\4. KULIAH\SMT 6\PEMROGRAMAN FRAMEWORK\paling mendem\system\Model.php(210): CodeIgniter\Database\BaseBuilder->get()
#5 D:\4. KULIAH\SMT 6\PEMROGRAMAN FRAMEWORK\paling mendem\system\BaseModel.php(622): CodeIgniter\Model->doFirst()
#6 D:\4. KULIAH\SMT 6\PEMROGRAMAN FRAMEWORK\paling mendem\app\Controllers\Auth.php(87): CodeIgniter\BaseModel->first()
#7 D:\4. KULIAH\SMT 6\PEMROGRAMAN FRAMEWORK\paling mendem\system\CodeIgniter.php(832): App\Controllers\Auth->login()
#8 D:\4. KULIAH\SMT 6\PEMROGRAMAN FRAMEWORK\paling mendem\system\CodeIgniter.php(419): CodeIgniter\CodeIgniter->runController(Object(App\Controllers\Auth))
#9 D:\4. KULIAH\SMT 6\PEMROGRAMAN FRAMEWORK\paling mendem\system\CodeIgniter.php(326): CodeIgniter\CodeIgniter->handleRequest(NULL, Object(Config\Cache), false)
#10 D:\4. KULIAH\SMT 6\PEMROGRAMAN FRAMEWORK\paling mendem\public\index.php(37): CodeIgniter\CodeIgniter->run()
#11 D:\4. KULIAH\SMT 6\PEMROGRAMAN FRAMEWORK\paling mendem\system\Commands\Server\rewrite.php(43): require_once('D:\\4. KULIAH\\SM...')
#12 {main}
CRITICAL - 2022-06-29 10:00:31 --> password_hash() expects at least 2 arguments, 1 given
#0 C:\Users\krisna\Downloads\Compressed\paling mendem\paling mendem\app\Controllers\Auth.php(81): password_hash('$2y$10$Yd6zbIVQ...')
#1 C:\Users\krisna\Downloads\Compressed\paling mendem\paling mendem\system\CodeIgniter.php(832): App\Controllers\Auth->login()
#2 C:\Users\krisna\Downloads\Compressed\paling mendem\paling mendem\system\CodeIgniter.php(419): CodeIgniter\CodeIgniter->runController(Object(App\Controllers\Auth))
#3 C:\Users\krisna\Downloads\Compressed\paling mendem\paling mendem\system\CodeIgniter.php(326): CodeIgniter\CodeIgniter->handleRequest(NULL, Object(Config\Cache), false)
#4 C:\Users\krisna\Downloads\Compressed\paling mendem\paling mendem\public\index.php(37): CodeIgniter\CodeIgniter->run()
#5 C:\Users\krisna\Downloads\Compressed\paling mendem\paling mendem\system\Commands\Server\rewrite.php(43): require_once('C:\\Users\\krisna...')
#6 {main}
CRITICAL - 2022-06-29 19:20:12 --> Call to undefined function Config\get()
#0 C:\Users\krisna\Downloads\Compressed\paling mendem\paling mendem\system\CodeIgniter.php(713): require()
#1 C:\Users\krisna\Downloads\Compressed\paling mendem\paling mendem\system\CodeIgniter.php(368): CodeIgniter\CodeIgniter->tryToRouteIt(Object(CodeIgniter\Router\RouteCollection))
#2 C:\Users\krisna\Downloads\Compressed\paling mendem\paling mendem\system\CodeIgniter.php(326): CodeIgniter\CodeIgniter->handleRequest(NULL, Object(Config\Cache), false)
#3 C:\Users\krisna\Downloads\Compressed\paling mendem\paling mendem\system\CLI\Console.php(48): CodeIgniter\CodeIgniter->run()
#4 C:\Users\krisna\Downloads\Compressed\paling mendem\paling mendem\spark(63): CodeIgniter\CLI\Console->run()
#5 {main}
CRITICAL - 2022-06-29 19:20:52 --> Call to undefined function Config\get()
#0 C:\Users\krisna\Downloads\Compressed\paling mendem\paling mendem\system\CodeIgniter.php(713): require()
#1 C:\Users\krisna\Downloads\Compressed\paling mendem\paling mendem\system\CodeIgniter.php(368): CodeIgniter\CodeIgniter->tryToRouteIt(Object(CodeIgniter\Router\RouteCollection))
#2 C:\Users\krisna\Downloads\Compressed\paling mendem\paling mendem\system\CodeIgniter.php(326): CodeIgniter\CodeIgniter->handleRequest(NULL, Object(Config\Cache), false)
#3 C:\Users\krisna\Downloads\Compressed\paling mendem\paling mendem\system\CLI\Console.php(48): CodeIgniter\CodeIgniter->run()
#4 C:\Users\krisna\Downloads\Compressed\paling mendem\paling mendem\spark(63): CodeIgniter\CLI\Console->run()
#5 {main}
CRITICAL - 2022-06-29 20:49:55 --> Undefined constant "App\Controllers\LAB_"
#0 C:\Users\krisna\Downloads\Compressed\paling mendem\paling mendem\system\CodeIgniter.php(832): App\Controllers\Lab->reservedLab()
#1 C:\Users\krisna\Downloads\Compressed\paling mendem\paling mendem\system\CodeIgniter.php(419): CodeIgniter\CodeIgniter->runController(Object(App\Controllers\Lab))
#2 C:\Users\krisna\Downloads\Compressed\paling mendem\paling mendem\system\CodeIgniter.php(326): CodeIgniter\CodeIgniter->handleRequest(NULL, Object(Config\Cache), false)
#3 C:\Users\krisna\Downloads\Compressed\paling mendem\paling mendem\public\index.php(37): CodeIgniter\CodeIgniter->run()
#4 C:\Users\krisna\Downloads\Compressed\paling mendem\paling mendem\system\Commands\Server\rewrite.php(43): require_once('C:\\Users\\krisna...')
#5 {main}
CRITICAL - 2022-06-29 20:56:11 --> Undefined constant "App\Controllers\LAB"
#0 C:\Users\krisna\Downloads\Compressed\paling mendem\paling mendem\system\CodeIgniter.php(832): App\Controllers\Lab->reservedLab()
#1 C:\Users\krisna\Downloads\Compressed\paling mendem\paling mendem\system\CodeIgniter.php(419): CodeIgniter\CodeIgniter->runController(Object(App\Controllers\Lab))
#2 C:\Users\krisna\Downloads\Compressed\paling mendem\paling mendem\system\CodeIgniter.php(326): CodeIgniter\CodeIgniter->handleRequest(NULL, Object(Config\Cache), false)
#3 C:\Users\krisna\Downloads\Compressed\paling mendem\paling mendem\public\index.php(37): CodeIgniter\CodeIgniter->run()
#4 C:\Users\krisna\Downloads\Compressed\paling mendem\paling mendem\system\Commands\Server\rewrite.php(43): require_once('C:\\Users\\krisna...')
#5 {main}
CRITICAL - 2022-06-29 20:56:34 --> Unsupported operand types: string + int
#0 C:\Users\krisna\Downloads\Compressed\paling mendem\paling mendem\system\CodeIgniter.php(832): App\Controllers\Lab->reservedLab()
#1 C:\Users\krisna\Downloads\Compressed\paling mendem\paling mendem\system\CodeIgniter.php(419): CodeIgniter\CodeIgniter->runController(Object(App\Controllers\Lab))
#2 C:\Users\krisna\Downloads\Compressed\paling mendem\paling mendem\system\CodeIgniter.php(326): CodeIgniter\CodeIgniter->handleRequest(NULL, Object(Config\Cache), false)
#3 C:\Users\krisna\Downloads\Compressed\paling mendem\paling mendem\public\index.php(37): CodeIgniter\CodeIgniter->run()
#4 C:\Users\krisna\Downloads\Compressed\paling mendem\paling mendem\system\Commands\Server\rewrite.php(43): require_once('C:\\Users\\krisna...')
#5 {main}
CRITICAL - 2022-06-29 21:05:51 --> Undefined property: App\Controllers\Lab::$user
#0 C:\Users\krisna\Downloads\Compressed\paling mendem\paling mendem\app\Controllers\Lab.php(133): CodeIgniter\Debug\Exceptions->errorHandler(2, 'Undefined prope...', 'C:\\Users\\krisna...', 133)
#1 C:\Users\krisna\Downloads\Compressed\paling mendem\paling mendem\system\CodeIgniter.php(832): App\Controllers\Lab->reservedLab()
#2 C:\Users\krisna\Downloads\Compressed\paling mendem\paling mendem\system\CodeIgniter.php(419): CodeIgniter\CodeIgniter->runController(Object(App\Controllers\Lab))
#3 C:\Users\krisna\Downloads\Compressed\paling mendem\paling mendem\system\CodeIgniter.php(326): CodeIgniter\CodeIgniter->handleRequest(NULL, Object(Config\Cache), false)
#4 C:\Users\krisna\Downloads\Compressed\paling mendem\paling mendem\public\index.php(37): CodeIgniter\CodeIgniter->run()
#5 C:\Users\krisna\Downloads\Compressed\paling mendem\paling mendem\system\Commands\Server\rewrite.php(43): require_once('C:\\Users\\krisna...')
#6 {main}
CRITICAL - 2022-06-29 22:36:42 --> Allowed fields must be specified for model: App\Models\AdminReservasi
#0 C:\Users\krisna\Downloads\Compressed\paling mendem\paling mendem\system\BaseModel.php(1138): CodeIgniter\Database\Exceptions\DataException::forInvalidAllowedFields('App\\Models\\Admi...')
#1 C:\Users\krisna\Downloads\Compressed\paling mendem\paling mendem\system\BaseModel.php(713): CodeIgniter\BaseModel->doProtectFields(Array)
#2 C:\Users\krisna\Downloads\Compressed\paling mendem\paling mendem\system\Model.php(625): CodeIgniter\BaseModel->insert(Array, false)
#3 C:\Users\krisna\Downloads\Compressed\paling mendem\paling mendem\system\BaseModel.php(658): CodeIgniter\Model->insert(Array, false)
#4 C:\Users\krisna\Downloads\Compressed\paling mendem\paling mendem\app\Controllers\Lab.php(135): CodeIgniter\BaseModel->save(Array)
#5 C:\Users\krisna\Downloads\Compressed\paling mendem\paling mendem\system\CodeIgniter.php(832): App\Controllers\Lab->reservedLab()
#6 C:\Users\krisna\Downloads\Compressed\paling mendem\paling mendem\system\CodeIgniter.php(419): CodeIgniter\CodeIgniter->runController(Object(App\Controllers\Lab))
#7 C:\Users\krisna\Downloads\Compressed\paling mendem\paling mendem\system\CodeIgniter.php(326): CodeIgniter\CodeIgniter->handleRequest(NULL, Object(Config\Cache), false)
#8 C:\Users\krisna\Downloads\Compressed\paling mendem\paling mendem\public\index.php(37): CodeIgniter\CodeIgniter->run()
#9 C:\Users\krisna\Downloads\Compressed\paling mendem\paling mendem\system\Commands\Server\rewrite.php(43): require_once('C:\\Users\\krisna...')
#10 {main}
