CRITICAL - 2022-06-19 13:01:22 --> Undefined variable $koneksi
#0 D:\4. KULIAH\SMT 6\PEMROGRAMAN FRAMEWORK\Update kedua\ktb-lab\app\Views\log\log_login.php(16): CodeIgniter\Debug\Exceptions->errorHandler(2, 'Undefined varia...', 'D:\\4. KULIAH\\SM...', 16)
#1 D:\4. KULIAH\SMT 6\PEMROGRAMAN FRAMEWORK\Update kedua\ktb-lab\system\View\View.php(210): include('D:\\4. KULIAH\\SM...')
#2 D:\4. KULIAH\SMT 6\PEMROGRAMAN FRAMEWORK\Update kedua\ktb-lab\system\View\View.php(213): CodeIgniter\View\View->CodeIgniter\View\{closure}()
#3 D:\4. KULIAH\SMT 6\PEMROGRAMAN FRAMEWORK\Update kedua\ktb-lab\system\Common.php(1089): CodeIgniter\View\View->render('log/log_login', Array, true)
#4 D:\4. KULIAH\SMT 6\PEMROGRAMAN FRAMEWORK\Update kedua\ktb-lab\app\Controllers\Lab.php(64): view('log/log_login', Array)
#5 D:\4. KULIAH\SMT 6\PEMROGRAMAN FRAMEWORK\Update kedua\ktb-lab\system\CodeIgniter.php(832): App\Controllers\Lab->l_login()
#6 D:\4. KULIAH\SMT 6\PEMROGRAMAN FRAMEWORK\Update kedua\ktb-lab\system\CodeIgniter.php(419): CodeIgniter\CodeIgniter->runController(Object(App\Controllers\Lab))
#7 D:\4. KULIAH\SMT 6\PEMROGRAMAN FRAMEWORK\Update kedua\ktb-lab\system\CodeIgniter.php(326): CodeIgniter\CodeIgniter->handleRequest(NULL, Object(Config\Cache), false)
#8 D:\4. KULIAH\SMT 6\PEMROGRAMAN FRAMEWORK\Update kedua\ktb-lab\public\index.php(37): CodeIgniter\CodeIgniter->run()
#9 D:\4. KULIAH\SMT 6\PEMROGRAMAN FRAMEWORK\Update kedua\ktb-lab\system\Commands\Server\rewrite.php(43): require_once('D:\\4. KULIAH\\SM...')
#10 {main}
CRITICAL - 2022-06-19 13:05:59 --> Undefined variable $koneksi
#0 D:\4. KULIAH\SMT 6\PEMROGRAMAN FRAMEWORK\Update kedua\ktb-lab\app\Views\log\log_login.php(16): CodeIgniter\Debug\Exceptions->errorHandler(2, 'Undefined varia...', 'D:\\4. KULIAH\\SM...', 16)
#1 D:\4. KULIAH\SMT 6\PEMROGRAMAN FRAMEWORK\Update kedua\ktb-lab\system\View\View.php(210): include('D:\\4. KULIAH\\SM...')
#2 D:\4. KULIAH\SMT 6\PEMROGRAMAN FRAMEWORK\Update kedua\ktb-lab\system\View\View.php(213): CodeIgniter\View\View->CodeIgniter\View\{closure}()
#3 D:\4. KULIAH\SMT 6\PEMROGRAMAN FRAMEWORK\Update kedua\ktb-lab\system\Common.php(1089): CodeIgniter\View\View->render('log/log_login', Array, true)
#4 D:\4. KULIAH\SMT 6\PEMROGRAMAN FRAMEWORK\Update kedua\ktb-lab\app\Controllers\Lab.php(64): view('log/log_login', Array)
#5 D:\4. KULIAH\SMT 6\PEMROGRAMAN FRAMEWORK\Update kedua\ktb-lab\system\CodeIgniter.php(832): App\Controllers\Lab->l_login()
#6 D:\4. KULIAH\SMT 6\PEMROGRAMAN FRAMEWORK\Update kedua\ktb-lab\system\CodeIgniter.php(419): CodeIgniter\CodeIgniter->runController(Object(App\Controllers\Lab))
#7 D:\4. KULIAH\SMT 6\PEMROGRAMAN FRAMEWORK\Update kedua\ktb-lab\system\CodeIgniter.php(326): CodeIgniter\CodeIgniter->handleRequest(NULL, Object(Config\Cache), false)
#8 D:\4. KULIAH\SMT 6\PEMROGRAMAN FRAMEWORK\Update kedua\ktb-lab\public\index.php(37): CodeIgniter\CodeIgniter->run()
#9 D:\4. KULIAH\SMT 6\PEMROGRAMAN FRAMEWORK\Update kedua\ktb-lab\system\Commands\Server\rewrite.php(43): require_once('D:\\4. KULIAH\\SM...')
#10 {main}
CRITICAL - 2022-06-19 13:20:19 --> Undefined variable $nama_file
#0 D:\4. KULIAH\SMT 6\PEMROGRAMAN FRAMEWORK\Update kedua\ktb-lab\app\Views\log\log_register.php(20): CodeIgniter\Debug\Exceptions->errorHandler(2, 'Undefined varia...', 'D:\\4. KULIAH\\SM...', 20)
#1 D:\4. KULIAH\SMT 6\PEMROGRAMAN FRAMEWORK\Update kedua\ktb-lab\system\View\View.php(210): include('D:\\4. KULIAH\\SM...')
#2 D:\4. KULIAH\SMT 6\PEMROGRAMAN FRAMEWORK\Update kedua\ktb-lab\system\View\View.php(213): CodeIgniter\View\View->CodeIgniter\View\{closure}()
#3 D:\4. KULIAH\SMT 6\PEMROGRAMAN FRAMEWORK\Update kedua\ktb-lab\system\Common.php(1089): CodeIgniter\View\View->render('log/log_registe...', Array, true)
#4 D:\4. KULIAH\SMT 6\PEMROGRAMAN FRAMEWORK\Update kedua\ktb-lab\app\Controllers\Lab.php(69): view('log/log_registe...', Array)
#5 D:\4. KULIAH\SMT 6\PEMROGRAMAN FRAMEWORK\Update kedua\ktb-lab\system\CodeIgniter.php(832): App\Controllers\Lab->l_register()
#6 D:\4. KULIAH\SMT 6\PEMROGRAMAN FRAMEWORK\Update kedua\ktb-lab\system\CodeIgniter.php(419): CodeIgniter\CodeIgniter->runController(Object(App\Controllers\Lab))
#7 D:\4. KULIAH\SMT 6\PEMROGRAMAN FRAMEWORK\Update kedua\ktb-lab\system\CodeIgniter.php(326): CodeIgniter\CodeIgniter->handleRequest(NULL, Object(Config\Cache), false)
#8 D:\4. KULIAH\SMT 6\PEMROGRAMAN FRAMEWORK\Update kedua\ktb-lab\public\index.php(37): CodeIgniter\CodeIgniter->run()
#9 D:\4. KULIAH\SMT 6\PEMROGRAMAN FRAMEWORK\Update kedua\ktb-lab\system\Commands\Server\rewrite.php(43): require_once('D:\\4. KULIAH\\SM...')
#10 {main}
CRITICAL - 2022-06-19 13:26:00 --> Undefined variable $nama_file
#0 D:\4. KULIAH\SMT 6\PEMROGRAMAN FRAMEWORK\Update kedua\ktb-lab\app\Views\log\log_register.php(20): CodeIgniter\Debug\Exceptions->errorHandler(2, 'Undefined varia...', 'D:\\4. KULIAH\\SM...', 20)
#1 D:\4. KULIAH\SMT 6\PEMROGRAMAN FRAMEWORK\Update kedua\ktb-lab\system\View\View.php(210): include('D:\\4. KULIAH\\SM...')
#2 D:\4. KULIAH\SMT 6\PEMROGRAMAN FRAMEWORK\Update kedua\ktb-lab\system\View\View.php(213): CodeIgniter\View\View->CodeIgniter\View\{closure}()
#3 D:\4. KULIAH\SMT 6\PEMROGRAMAN FRAMEWORK\Update kedua\ktb-lab\system\Common.php(1089): CodeIgniter\View\View->render('log/log_registe...', Array, true)
#4 D:\4. KULIAH\SMT 6\PEMROGRAMAN FRAMEWORK\Update kedua\ktb-lab\app\Controllers\Lab.php(69): view('log/log_registe...', Array)
#5 D:\4. KULIAH\SMT 6\PEMROGRAMAN FRAMEWORK\Update kedua\ktb-lab\system\CodeIgniter.php(832): App\Controllers\Lab->l_register()
#6 D:\4. KULIAH\SMT 6\PEMROGRAMAN FRAMEWORK\Update kedua\ktb-lab\system\CodeIgniter.php(419): CodeIgniter\CodeIgniter->runController(Object(App\Controllers\Lab))
#7 D:\4. KULIAH\SMT 6\PEMROGRAMAN FRAMEWORK\Update kedua\ktb-lab\system\CodeIgniter.php(326): CodeIgniter\CodeIgniter->handleRequest(NULL, Object(Config\Cache), false)
#8 D:\4. KULIAH\SMT 6\PEMROGRAMAN FRAMEWORK\Update kedua\ktb-lab\public\index.php(37): CodeIgniter\CodeIgniter->run()
#9 D:\4. KULIAH\SMT 6\PEMROGRAMAN FRAMEWORK\Update kedua\ktb-lab\system\Commands\Server\rewrite.php(43): require_once('D:\\4. KULIAH\\SM...')
#10 {main}
CRITICAL - 2022-06-19 13:26:16 --> Undefined variable $koneksi
#0 D:\4. KULIAH\SMT 6\PEMROGRAMAN FRAMEWORK\Update kedua\ktb-lab\app\Views\log\log_login.php(16): CodeIgniter\Debug\Exceptions->errorHandler(2, 'Undefined varia...', 'D:\\4. KULIAH\\SM...', 16)
#1 D:\4. KULIAH\SMT 6\PEMROGRAMAN FRAMEWORK\Update kedua\ktb-lab\system\View\View.php(210): include('D:\\4. KULIAH\\SM...')
#2 D:\4. KULIAH\SMT 6\PEMROGRAMAN FRAMEWORK\Update kedua\ktb-lab\system\View\View.php(213): CodeIgniter\View\View->CodeIgniter\View\{closure}()
#3 D:\4. KULIAH\SMT 6\PEMROGRAMAN FRAMEWORK\Update kedua\ktb-lab\system\Common.php(1089): CodeIgniter\View\View->render('log/log_login', Array, true)
#4 D:\4. KULIAH\SMT 6\PEMROGRAMAN FRAMEWORK\Update kedua\ktb-lab\app\Controllers\Lab.php(64): view('log/log_login', Array)
#5 D:\4. KULIAH\SMT 6\PEMROGRAMAN FRAMEWORK\Update kedua\ktb-lab\system\CodeIgniter.php(832): App\Controllers\Lab->l_login()
#6 D:\4. KULIAH\SMT 6\PEMROGRAMAN FRAMEWORK\Update kedua\ktb-lab\system\CodeIgniter.php(419): CodeIgniter\CodeIgniter->runController(Object(App\Controllers\Lab))
#7 D:\4. KULIAH\SMT 6\PEMROGRAMAN FRAMEWORK\Update kedua\ktb-lab\system\CodeIgniter.php(326): CodeIgniter\CodeIgniter->handleRequest(NULL, Object(Config\Cache), false)
#8 D:\4. KULIAH\SMT 6\PEMROGRAMAN FRAMEWORK\Update kedua\ktb-lab\public\index.php(37): CodeIgniter\CodeIgniter->run()
#9 D:\4. KULIAH\SMT 6\PEMROGRAMAN FRAMEWORK\Update kedua\ktb-lab\system\Commands\Server\rewrite.php(43): require_once('D:\\4. KULIAH\\SM...')
#10 {main}
CRITICAL - 2022-06-19 18:07:33 --> Undefined variable $koneksi
#0 D:\4. KULIAH\SMT 6\PEMROGRAMAN FRAMEWORK\Update kedua\ktb-lab\app\Views\log\log_register.php(21): CodeIgniter\Debug\Exceptions->errorHandler(2, 'Undefined varia...', 'D:\\4. KULIAH\\SM...', 21)
#1 D:\4. KULIAH\SMT 6\PEMROGRAMAN FRAMEWORK\Update kedua\ktb-lab\system\View\View.php(210): include('D:\\4. KULIAH\\SM...')
#2 D:\4. KULIAH\SMT 6\PEMROGRAMAN FRAMEWORK\Update kedua\ktb-lab\system\View\View.php(213): CodeIgniter\View\View->CodeIgniter\View\{closure}()
#3 D:\4. KULIAH\SMT 6\PEMROGRAMAN FRAMEWORK\Update kedua\ktb-lab\system\Common.php(1089): CodeIgniter\View\View->render('log/log_registe...', Array, true)
#4 D:\4. KULIAH\SMT 6\PEMROGRAMAN FRAMEWORK\Update kedua\ktb-lab\app\Controllers\Lab.php(69): view('log/log_registe...', Array)
#5 D:\4. KULIAH\SMT 6\PEMROGRAMAN FRAMEWORK\Update kedua\ktb-lab\system\CodeIgniter.php(832): App\Controllers\Lab->l_register()
#6 D:\4. KULIAH\SMT 6\PEMROGRAMAN FRAMEWORK\Update kedua\ktb-lab\system\CodeIgniter.php(419): CodeIgniter\CodeIgniter->runController(Object(App\Controllers\Lab))
#7 D:\4. KULIAH\SMT 6\PEMROGRAMAN FRAMEWORK\Update kedua\ktb-lab\system\CodeIgniter.php(326): CodeIgniter\CodeIgniter->handleRequest(NULL, Object(Config\Cache), false)
#8 D:\4. KULIAH\SMT 6\PEMROGRAMAN FRAMEWORK\Update kedua\ktb-lab\public\index.php(37): CodeIgniter\CodeIgniter->run()
#9 D:\4. KULIAH\SMT 6\PEMROGRAMAN FRAMEWORK\Update kedua\ktb-lab\system\Commands\Server\rewrite.php(43): require_once('D:\\4. KULIAH\\SM...')
#10 {main}
CRITICAL - 2022-06-19 18:26:07 --> Invalid file: log/l_contact.php
#0 D:\4. KULIAH\SMT 6\PEMROGRAMAN FRAMEWORK\Update kedua\ktb-lab\system\View\View.php(198): CodeIgniter\Exceptions\FrameworkException::forInvalidFile('log/l_contact.p...')
#1 D:\4. KULIAH\SMT 6\PEMROGRAMAN FRAMEWORK\Update kedua\ktb-lab\system\Common.php(1089): CodeIgniter\View\View->render('log/l_contact', Array, true)
#2 D:\4. KULIAH\SMT 6\PEMROGRAMAN FRAMEWORK\Update kedua\ktb-lab\app\Controllers\Lab.php(74): view('log/l_contact', Array)
#3 D:\4. KULIAH\SMT 6\PEMROGRAMAN FRAMEWORK\Update kedua\ktb-lab\system\CodeIgniter.php(832): App\Controllers\Lab->l_contact()
#4 D:\4. KULIAH\SMT 6\PEMROGRAMAN FRAMEWORK\Update kedua\ktb-lab\system\CodeIgniter.php(419): CodeIgniter\CodeIgniter->runController(Object(App\Controllers\Lab))
#5 D:\4. KULIAH\SMT 6\PEMROGRAMAN FRAMEWORK\Update kedua\ktb-lab\system\CodeIgniter.php(326): CodeIgniter\CodeIgniter->handleRequest(NULL, Object(Config\Cache), false)
#6 D:\4. KULIAH\SMT 6\PEMROGRAMAN FRAMEWORK\Update kedua\ktb-lab\public\index.php(37): CodeIgniter\CodeIgniter->run()
#7 D:\4. KULIAH\SMT 6\PEMROGRAMAN FRAMEWORK\Update kedua\ktb-lab\system\Commands\Server\rewrite.php(43): require_once('D:\\4. KULIAH\\SM...')
#8 {main}
CRITICAL - 2022-06-19 18:26:08 --> Invalid file: log/l_contact.php
#0 D:\4. KULIAH\SMT 6\PEMROGRAMAN FRAMEWORK\Update kedua\ktb-lab\system\View\View.php(198): CodeIgniter\Exceptions\FrameworkException::forInvalidFile('log/l_contact.p...')
#1 D:\4. KULIAH\SMT 6\PEMROGRAMAN FRAMEWORK\Update kedua\ktb-lab\system\Common.php(1089): CodeIgniter\View\View->render('log/l_contact', Array, true)
#2 D:\4. KULIAH\SMT 6\PEMROGRAMAN FRAMEWORK\Update kedua\ktb-lab\app\Controllers\Lab.php(74): view('log/l_contact', Array)
#3 D:\4. KULIAH\SMT 6\PEMROGRAMAN FRAMEWORK\Update kedua\ktb-lab\system\CodeIgniter.php(832): App\Controllers\Lab->l_contact()
#4 D:\4. KULIAH\SMT 6\PEMROGRAMAN FRAMEWORK\Update kedua\ktb-lab\system\CodeIgniter.php(419): CodeIgniter\CodeIgniter->runController(Object(App\Controllers\Lab))
#5 D:\4. KULIAH\SMT 6\PEMROGRAMAN FRAMEWORK\Update kedua\ktb-lab\system\CodeIgniter.php(326): CodeIgniter\CodeIgniter->handleRequest(NULL, Object(Config\Cache), false)
#6 D:\4. KULIAH\SMT 6\PEMROGRAMAN FRAMEWORK\Update kedua\ktb-lab\public\index.php(37): CodeIgniter\CodeIgniter->run()
#7 D:\4. KULIAH\SMT 6\PEMROGRAMAN FRAMEWORK\Update kedua\ktb-lab\system\Commands\Server\rewrite.php(43): require_once('D:\\4. KULIAH\\SM...')
#8 {main}
CRITICAL - 2022-06-19 18:27:31 --> Invalid file: log/l_contact.php
#0 D:\4. KULIAH\SMT 6\PEMROGRAMAN FRAMEWORK\Update kedua\ktb-lab\system\View\View.php(198): CodeIgniter\Exceptions\FrameworkException::forInvalidFile('log/l_contact.p...')
#1 D:\4. KULIAH\SMT 6\PEMROGRAMAN FRAMEWORK\Update kedua\ktb-lab\system\Common.php(1089): CodeIgniter\View\View->render('log/l_contact', Array, true)
#2 D:\4. KULIAH\SMT 6\PEMROGRAMAN FRAMEWORK\Update kedua\ktb-lab\app\Controllers\Lab.php(74): view('log/l_contact', Array)
#3 D:\4. KULIAH\SMT 6\PEMROGRAMAN FRAMEWORK\Update kedua\ktb-lab\system\CodeIgniter.php(832): App\Controllers\Lab->l_contact()
#4 D:\4. KULIAH\SMT 6\PEMROGRAMAN FRAMEWORK\Update kedua\ktb-lab\system\CodeIgniter.php(419): CodeIgniter\CodeIgniter->runController(Object(App\Controllers\Lab))
#5 D:\4. KULIAH\SMT 6\PEMROGRAMAN FRAMEWORK\Update kedua\ktb-lab\system\CodeIgniter.php(326): CodeIgniter\CodeIgniter->handleRequest(NULL, Object(Config\Cache), false)
#6 D:\4. KULIAH\SMT 6\PEMROGRAMAN FRAMEWORK\Update kedua\ktb-lab\public\index.php(37): CodeIgniter\CodeIgniter->run()
#7 D:\4. KULIAH\SMT 6\PEMROGRAMAN FRAMEWORK\Update kedua\ktb-lab\system\Commands\Server\rewrite.php(43): require_once('D:\\4. KULIAH\\SM...')
#8 {main}
CRITICAL - 2022-06-19 18:28:24 --> Invalid file: log/l_contact.php
#0 D:\4. KULIAH\SMT 6\PEMROGRAMAN FRAMEWORK\Update kedua\ktb-lab\system\View\View.php(198): CodeIgniter\Exceptions\FrameworkException::forInvalidFile('log/l_contact.p...')
#1 D:\4. KULIAH\SMT 6\PEMROGRAMAN FRAMEWORK\Update kedua\ktb-lab\system\Common.php(1089): CodeIgniter\View\View->render('log/l_contact', Array, true)
#2 D:\4. KULIAH\SMT 6\PEMROGRAMAN FRAMEWORK\Update kedua\ktb-lab\app\Controllers\Lab.php(74): view('log/l_contact', Array)
#3 D:\4. KULIAH\SMT 6\PEMROGRAMAN FRAMEWORK\Update kedua\ktb-lab\system\CodeIgniter.php(832): App\Controllers\Lab->l_contact()
#4 D:\4. KULIAH\SMT 6\PEMROGRAMAN FRAMEWORK\Update kedua\ktb-lab\system\CodeIgniter.php(419): CodeIgniter\CodeIgniter->runController(Object(App\Controllers\Lab))
#5 D:\4. KULIAH\SMT 6\PEMROGRAMAN FRAMEWORK\Update kedua\ktb-lab\system\CodeIgniter.php(326): CodeIgniter\CodeIgniter->handleRequest(NULL, Object(Config\Cache), false)
#6 D:\4. KULIAH\SMT 6\PEMROGRAMAN FRAMEWORK\Update kedua\ktb-lab\public\index.php(37): CodeIgniter\CodeIgniter->run()
#7 D:\4. KULIAH\SMT 6\PEMROGRAMAN FRAMEWORK\Update kedua\ktb-lab\system\Commands\Server\rewrite.php(43): require_once('D:\\4. KULIAH\\SM...')
#8 {main}
CRITICAL - 2022-06-19 18:31:47 --> Invalid file: log/l_contact.php
#0 D:\4. KULIAH\SMT 6\PEMROGRAMAN FRAMEWORK\Update kedua\ktb-lab\system\View\View.php(198): CodeIgniter\Exceptions\FrameworkException::forInvalidFile('log/l_contact.p...')
#1 D:\4. KULIAH\SMT 6\PEMROGRAMAN FRAMEWORK\Update kedua\ktb-lab\system\Common.php(1089): CodeIgniter\View\View->render('log/l_contact', Array, true)
#2 D:\4. KULIAH\SMT 6\PEMROGRAMAN FRAMEWORK\Update kedua\ktb-lab\app\Controllers\Lab.php(74): view('log/l_contact', Array)
#3 D:\4. KULIAH\SMT 6\PEMROGRAMAN FRAMEWORK\Update kedua\ktb-lab\system\CodeIgniter.php(832): App\Controllers\Lab->l_contact()
#4 D:\4. KULIAH\SMT 6\PEMROGRAMAN FRAMEWORK\Update kedua\ktb-lab\system\CodeIgniter.php(419): CodeIgniter\CodeIgniter->runController(Object(App\Controllers\Lab))
#5 D:\4. KULIAH\SMT 6\PEMROGRAMAN FRAMEWORK\Update kedua\ktb-lab\system\CodeIgniter.php(326): CodeIgniter\CodeIgniter->handleRequest(NULL, Object(Config\Cache), false)
#6 D:\4. KULIAH\SMT 6\PEMROGRAMAN FRAMEWORK\Update kedua\ktb-lab\public\index.php(37): CodeIgniter\CodeIgniter->run()
#7 D:\4. KULIAH\SMT 6\PEMROGRAMAN FRAMEWORK\Update kedua\ktb-lab\system\Commands\Server\rewrite.php(43): require_once('D:\\4. KULIAH\\SM...')
#8 {main}
CRITICAL - 2022-06-19 18:32:19 --> Invalid file: log/l_contact.php
#0 D:\4. KULIAH\SMT 6\PEMROGRAMAN FRAMEWORK\Update kedua\ktb-lab\system\View\View.php(198): CodeIgniter\Exceptions\FrameworkException::forInvalidFile('log/l_contact.p...')
#1 D:\4. KULIAH\SMT 6\PEMROGRAMAN FRAMEWORK\Update kedua\ktb-lab\system\Common.php(1089): CodeIgniter\View\View->render('log/l_contact', Array, true)
#2 D:\4. KULIAH\SMT 6\PEMROGRAMAN FRAMEWORK\Update kedua\ktb-lab\app\Controllers\Lab.php(74): view('log/l_contact', Array)
#3 D:\4. KULIAH\SMT 6\PEMROGRAMAN FRAMEWORK\Update kedua\ktb-lab\system\CodeIgniter.php(832): App\Controllers\Lab->l_contact()
#4 D:\4. KULIAH\SMT 6\PEMROGRAMAN FRAMEWORK\Update kedua\ktb-lab\system\CodeIgniter.php(419): CodeIgniter\CodeIgniter->runController(Object(App\Controllers\Lab))
#5 D:\4. KULIAH\SMT 6\PEMROGRAMAN FRAMEWORK\Update kedua\ktb-lab\system\CodeIgniter.php(326): CodeIgniter\CodeIgniter->handleRequest(NULL, Object(Config\Cache), false)
#6 D:\4. KULIAH\SMT 6\PEMROGRAMAN FRAMEWORK\Update kedua\ktb-lab\public\index.php(37): CodeIgniter\CodeIgniter->run()
#7 D:\4. KULIAH\SMT 6\PEMROGRAMAN FRAMEWORK\Update kedua\ktb-lab\system\Commands\Server\rewrite.php(43): require_once('D:\\4. KULIAH\\SM...')
#8 {main}
CRITICAL - 2022-06-19 18:34:33 --> Invalid file: log/l_contact.php
#0 D:\4. KULIAH\SMT 6\PEMROGRAMAN FRAMEWORK\Update kedua\ktb-lab\system\View\View.php(198): CodeIgniter\Exceptions\FrameworkException::forInvalidFile('log/l_contact.p...')
#1 D:\4. KULIAH\SMT 6\PEMROGRAMAN FRAMEWORK\Update kedua\ktb-lab\system\Common.php(1089): CodeIgniter\View\View->render('log/l_contact', Array, true)
#2 D:\4. KULIAH\SMT 6\PEMROGRAMAN FRAMEWORK\Update kedua\ktb-lab\app\Controllers\Lab.php(74): view('log/l_contact', Array)
#3 D:\4. KULIAH\SMT 6\PEMROGRAMAN FRAMEWORK\Update kedua\ktb-lab\system\CodeIgniter.php(832): App\Controllers\Lab->l_contact()
#4 D:\4. KULIAH\SMT 6\PEMROGRAMAN FRAMEWORK\Update kedua\ktb-lab\system\CodeIgniter.php(419): CodeIgniter\CodeIgniter->runController(Object(App\Controllers\Lab))
#5 D:\4. KULIAH\SMT 6\PEMROGRAMAN FRAMEWORK\Update kedua\ktb-lab\system\CodeIgniter.php(326): CodeIgniter\CodeIgniter->handleRequest(NULL, Object(Config\Cache), false)
#6 D:\4. KULIAH\SMT 6\PEMROGRAMAN FRAMEWORK\Update kedua\ktb-lab\public\index.php(37): CodeIgniter\CodeIgniter->run()
#7 D:\4. KULIAH\SMT 6\PEMROGRAMAN FRAMEWORK\Update kedua\ktb-lab\system\Commands\Server\rewrite.php(43): require_once('D:\\4. KULIAH\\SM...')
#8 {main}
