CRITICAL - 2022-06-27 00:17:33 --> Undefined variable: i
#0 C:\xampp\htdocs\ktb-lab\app\Views\admin\fasilitas.php(71): CodeIgniter\Debug\Exceptions->errorHandler(8, 'Undefined varia...', 'C:\\xampp\\htdocs...', 71, Array)
#1 C:\xampp\htdocs\ktb-lab\system\View\View.php(210): include('C:\\xampp\\htdocs...')
#2 C:\xampp\htdocs\ktb-lab\system\View\View.php(213): CodeIgniter\View\View->CodeIgniter\View\{closure}()
#3 C:\xampp\htdocs\ktb-lab\system\Common.php(1089): CodeIgniter\View\View->render('admin/fasilitas', Array, true)
#4 C:\xampp\htdocs\ktb-lab\app\Controllers\Admin.php(51): view('admin/fasilitas', Array)
#5 C:\xampp\htdocs\ktb-lab\system\CodeIgniter.php(832): App\Controllers\Admin->hal_fasilitas()
#6 C:\xampp\htdocs\ktb-lab\system\CodeIgniter.php(419): CodeIgniter\CodeIgniter->runController(Object(App\Controllers\Admin))
#7 C:\xampp\htdocs\ktb-lab\system\CodeIgniter.php(326): CodeIgniter\CodeIgniter->handleRequest(NULL, Object(Config\Cache), false)
#8 C:\xampp\htdocs\ktb-lab\public\index.php(37): CodeIgniter\CodeIgniter->run()
#9 C:\xampp\htdocs\ktb-lab\system\Commands\Server\rewrite.php(43): require_once('C:\\xampp\\htdocs...')
#10 {main}
CRITICAL - 2022-06-27 00:25:58 --> Undefined variable: data
#0 C:\xampp\htdocs\ktb-lab\app\Views\admin\fasilitas.php(150): CodeIgniter\Debug\Exceptions->errorHandler(8, 'Undefined varia...', 'C:\\xampp\\htdocs...', 150, Array)
#1 C:\xampp\htdocs\ktb-lab\system\View\View.php(210): include('C:\\xampp\\htdocs...')
#2 C:\xampp\htdocs\ktb-lab\system\View\View.php(213): CodeIgniter\View\View->CodeIgniter\View\{closure}()
#3 C:\xampp\htdocs\ktb-lab\system\Common.php(1089): CodeIgniter\View\View->render('admin/fasilitas', Array, true)
#4 C:\xampp\htdocs\ktb-lab\app\Controllers\Admin.php(51): view('admin/fasilitas', Array)
#5 C:\xampp\htdocs\ktb-lab\system\CodeIgniter.php(832): App\Controllers\Admin->hal_fasilitas()
#6 C:\xampp\htdocs\ktb-lab\system\CodeIgniter.php(419): CodeIgniter\CodeIgniter->runController(Object(App\Controllers\Admin))
#7 C:\xampp\htdocs\ktb-lab\system\CodeIgniter.php(326): CodeIgniter\CodeIgniter->handleRequest(NULL, Object(Config\Cache), false)
#8 C:\xampp\htdocs\ktb-lab\public\index.php(37): CodeIgniter\CodeIgniter->run()
#9 C:\xampp\htdocs\ktb-lab\system\Commands\Server\rewrite.php(43): require_once('C:\\xampp\\htdocs...')
#10 {main}
CRITICAL - 2022-06-27 00:47:35 --> Undefined variable: category
#0 C:\xampp\htdocs\ktb-lab\app\Views\admin\fasilitas.php(164): CodeIgniter\Debug\Exceptions->errorHandler(8, 'Undefined varia...', 'C:\\xampp\\htdocs...', 164, Array)
#1 C:\xampp\htdocs\ktb-lab\system\View\View.php(210): include('C:\\xampp\\htdocs...')
#2 C:\xampp\htdocs\ktb-lab\system\View\View.php(213): CodeIgniter\View\View->CodeIgniter\View\{closure}()
#3 C:\xampp\htdocs\ktb-lab\system\Common.php(1089): CodeIgniter\View\View->render('admin/fasilitas', Array, true)
#4 C:\xampp\htdocs\ktb-lab\app\Controllers\Admin.php(51): view('admin/fasilitas', Array)
#5 C:\xampp\htdocs\ktb-lab\system\CodeIgniter.php(832): App\Controllers\Admin->hal_fasilitas()
#6 C:\xampp\htdocs\ktb-lab\system\CodeIgniter.php(419): CodeIgniter\CodeIgniter->runController(Object(App\Controllers\Admin))
#7 C:\xampp\htdocs\ktb-lab\system\CodeIgniter.php(326): CodeIgniter\CodeIgniter->handleRequest(NULL, Object(Config\Cache), false)
#8 C:\xampp\htdocs\ktb-lab\public\index.php(37): CodeIgniter\CodeIgniter->run()
#9 C:\xampp\htdocs\ktb-lab\system\Commands\Server\rewrite.php(43): require_once('C:\\xampp\\htdocs...')
#10 {main}
CRITICAL - 2022-06-27 01:04:58 --> Undefined variable: category
#0 C:\xampp\htdocs\ktb-lab\app\Views\admin\fasilitas.php(164): CodeIgniter\Debug\Exceptions->errorHandler(8, 'Undefined varia...', 'C:\\xampp\\htdocs...', 164, Array)
#1 C:\xampp\htdocs\ktb-lab\system\View\View.php(210): include('C:\\xampp\\htdocs...')
#2 C:\xampp\htdocs\ktb-lab\system\View\View.php(213): CodeIgniter\View\View->CodeIgniter\View\{closure}()
#3 C:\xampp\htdocs\ktb-lab\system\Common.php(1089): CodeIgniter\View\View->render('admin/fasilitas', Array, true)
#4 C:\xampp\htdocs\ktb-lab\app\Controllers\Admin.php(51): view('admin/fasilitas', Array)
#5 C:\xampp\htdocs\ktb-lab\system\CodeIgniter.php(832): App\Controllers\Admin->hal_fasilitas()
#6 C:\xampp\htdocs\ktb-lab\system\CodeIgniter.php(419): CodeIgniter\CodeIgniter->runController(Object(App\Controllers\Admin))
#7 C:\xampp\htdocs\ktb-lab\system\CodeIgniter.php(326): CodeIgniter\CodeIgniter->handleRequest(NULL, Object(Config\Cache), false)
#8 C:\xampp\htdocs\ktb-lab\public\index.php(37): CodeIgniter\CodeIgniter->run()
#9 C:\xampp\htdocs\ktb-lab\system\Commands\Server\rewrite.php(43): require_once('C:\\xampp\\htdocs...')
#10 {main}
CRITICAL - 2022-06-27 08:32:20 --> Undefined index: ruangan
#0 C:\xampp\htdocs\ktb-lab\app\Views\admin\lab.php(52): CodeIgniter\Debug\Exceptions->errorHandler(8, 'Undefined index...', 'C:\\xampp\\htdocs...', 52, Array)
#1 C:\xampp\htdocs\ktb-lab\system\View\View.php(210): include('C:\\xampp\\htdocs...')
#2 C:\xampp\htdocs\ktb-lab\system\View\View.php(213): CodeIgniter\View\View->CodeIgniter\View\{closure}()
#3 C:\xampp\htdocs\ktb-lab\system\Common.php(1089): CodeIgniter\View\View->render('admin/lab', Array, true)
#4 C:\xampp\htdocs\ktb-lab\app\Controllers\Admin.php(55): view('admin/lab', Array)
#5 C:\xampp\htdocs\ktb-lab\system\CodeIgniter.php(832): App\Controllers\Admin->hal_lab()
#6 C:\xampp\htdocs\ktb-lab\system\CodeIgniter.php(419): CodeIgniter\CodeIgniter->runController(Object(App\Controllers\Admin))
#7 C:\xampp\htdocs\ktb-lab\system\CodeIgniter.php(326): CodeIgniter\CodeIgniter->handleRequest(NULL, Object(Config\Cache), false)
#8 C:\xampp\htdocs\ktb-lab\public\index.php(37): CodeIgniter\CodeIgniter->run()
#9 C:\xampp\htdocs\ktb-lab\system\Commands\Server\rewrite.php(43): require_once('C:\\xampp\\htdocs...')
#10 {main}
CRITICAL - 2022-06-27 08:34:24 --> Undefined index: nama_barang
#0 C:\xampp\htdocs\ktb-lab\app\Views\admin\lab.php(61): CodeIgniter\Debug\Exceptions->errorHandler(8, 'Undefined index...', 'C:\\xampp\\htdocs...', 61, Array)
#1 C:\xampp\htdocs\ktb-lab\system\View\View.php(210): include('C:\\xampp\\htdocs...')
#2 C:\xampp\htdocs\ktb-lab\system\View\View.php(213): CodeIgniter\View\View->CodeIgniter\View\{closure}()
#3 C:\xampp\htdocs\ktb-lab\system\Common.php(1089): CodeIgniter\View\View->render('admin/lab', Array, true)
#4 C:\xampp\htdocs\ktb-lab\app\Controllers\Admin.php(55): view('admin/lab', Array)
#5 C:\xampp\htdocs\ktb-lab\system\CodeIgniter.php(832): App\Controllers\Admin->hal_lab()
#6 C:\xampp\htdocs\ktb-lab\system\CodeIgniter.php(419): CodeIgniter\CodeIgniter->runController(Object(App\Controllers\Admin))
#7 C:\xampp\htdocs\ktb-lab\system\CodeIgniter.php(326): CodeIgniter\CodeIgniter->handleRequest(NULL, Object(Config\Cache), false)
#8 C:\xampp\htdocs\ktb-lab\public\index.php(37): CodeIgniter\CodeIgniter->run()
#9 C:\xampp\htdocs\ktb-lab\system\Commands\Server\rewrite.php(43): require_once('C:\\xampp\\htdocs...')
#10 {main}
CRITICAL - 2022-06-27 08:34:48 --> Undefined index: ruangan
#0 C:\xampp\htdocs\ktb-lab\app\Views\admin\lab.php(72): CodeIgniter\Debug\Exceptions->errorHandler(8, 'Undefined index...', 'C:\\xampp\\htdocs...', 72, Array)
#1 C:\xampp\htdocs\ktb-lab\system\View\View.php(210): include('C:\\xampp\\htdocs...')
#2 C:\xampp\htdocs\ktb-lab\system\View\View.php(213): CodeIgniter\View\View->CodeIgniter\View\{closure}()
#3 C:\xampp\htdocs\ktb-lab\system\Common.php(1089): CodeIgniter\View\View->render('admin/lab', Array, true)
#4 C:\xampp\htdocs\ktb-lab\app\Controllers\Admin.php(55): view('admin/lab', Array)
#5 C:\xampp\htdocs\ktb-lab\system\CodeIgniter.php(832): App\Controllers\Admin->hal_lab()
#6 C:\xampp\htdocs\ktb-lab\system\CodeIgniter.php(419): CodeIgniter\CodeIgniter->runController(Object(App\Controllers\Admin))
#7 C:\xampp\htdocs\ktb-lab\system\CodeIgniter.php(326): CodeIgniter\CodeIgniter->handleRequest(NULL, Object(Config\Cache), false)
#8 C:\xampp\htdocs\ktb-lab\public\index.php(37): CodeIgniter\CodeIgniter->run()
#9 C:\xampp\htdocs\ktb-lab\system\Commands\Server\rewrite.php(43): require_once('C:\\xampp\\htdocs...')
#10 {main}
ERROR - 2022-06-27 10:10:52 --> Table 'uaswf.reservasi' doesn't exist
CRITICAL - 2022-06-27 10:10:52 --> Table 'uaswf.reservasi' doesn't exist
#0 C:\xampp\htdocs\ktb-lab\system\Database\MySQLi\Connection.php(292): mysqli->query('SELECT *\nFROM `...', 0)
#1 C:\xampp\htdocs\ktb-lab\system\Database\BaseConnection.php(670): CodeIgniter\Database\MySQLi\Connection->execute('SELECT *\nFROM `...')
#2 C:\xampp\htdocs\ktb-lab\system\Database\BaseConnection.php(598): CodeIgniter\Database\BaseConnection->simpleQuery('SELECT *\nFROM `...')
#3 C:\xampp\htdocs\ktb-lab\system\Database\BaseBuilder.php(1455): CodeIgniter\Database\BaseConnection->query('SELECT *\nFROM `...', Array, false)
#4 C:\xampp\htdocs\ktb-lab\system\Model.php(183): CodeIgniter\Database\BaseBuilder->get()
#5 C:\xampp\htdocs\ktb-lab\system\BaseModel.php(584): CodeIgniter\Model->doFindAll(0, 0)
#6 C:\xampp\htdocs\ktb-lab\app\Controllers\Admin.php(170): CodeIgniter\BaseModel->findAll()
#7 C:\xampp\htdocs\ktb-lab\system\CodeIgniter.php(832): App\Controllers\Admin->reservasi()
#8 C:\xampp\htdocs\ktb-lab\system\CodeIgniter.php(419): CodeIgniter\CodeIgniter->runController(Object(App\Controllers\Admin))
#9 C:\xampp\htdocs\ktb-lab\system\CodeIgniter.php(326): CodeIgniter\CodeIgniter->handleRequest(NULL, Object(Config\Cache), false)
#10 C:\xampp\htdocs\ktb-lab\public\index.php(37): CodeIgniter\CodeIgniter->run()
#11 C:\xampp\htdocs\ktb-lab\system\Commands\Server\rewrite.php(43): require_once('C:\\xampp\\htdocs...')
#12 {main}
CRITICAL - 2022-06-27 10:28:28 --> Too few arguments to function App\Controllers\Admin::reservasi(), 0 passed in C:\xampp\htdocs\ktb-lab\system\CodeIgniter.php on line 832 and exactly 1 expected
#0 C:\xampp\htdocs\ktb-lab\system\CodeIgniter.php(832): App\Controllers\Admin->reservasi()
#1 C:\xampp\htdocs\ktb-lab\system\CodeIgniter.php(419): CodeIgniter\CodeIgniter->runController(Object(App\Controllers\Admin))
#2 C:\xampp\htdocs\ktb-lab\system\CodeIgniter.php(326): CodeIgniter\CodeIgniter->handleRequest(NULL, Object(Config\Cache), false)
#3 C:\xampp\htdocs\ktb-lab\public\index.php(37): CodeIgniter\CodeIgniter->run()
#4 C:\xampp\htdocs\ktb-lab\system\Commands\Server\rewrite.php(43): require_once('C:\\xampp\\htdocs...')
#5 {main}
ERROR - 2022-06-27 10:32:44 --> Unknown column 'status' in 'field list'
CRITICAL - 2022-06-27 10:32:44 --> Unknown column 'status' in 'field list'
#0 C:\xampp\htdocs\ktb-lab\system\Database\MySQLi\Connection.php(292): mysqli->query('UPDATE `fasilit...', 0)
#1 C:\xampp\htdocs\ktb-lab\system\Database\BaseConnection.php(670): CodeIgniter\Database\MySQLi\Connection->execute('UPDATE `fasilit...')
#2 C:\xampp\htdocs\ktb-lab\system\Database\BaseConnection.php(598): CodeIgniter\Database\BaseConnection->simpleQuery('UPDATE `fasilit...')
#3 C:\xampp\htdocs\ktb-lab\system\Database\BaseBuilder.php(1913): CodeIgniter\Database\BaseConnection->query('UPDATE `fasilit...', Array, false)
#4 C:\xampp\htdocs\ktb-lab\app\Models\AdminFasilitas.php(50): CodeIgniter\Database\BaseBuilder->update(Array, Array)
#5 C:\xampp\htdocs\ktb-lab\app\Controllers\Admin.php(182): App\Models\AdminFasilitas->updateFasilitas(Array, NULL)
#6 C:\xampp\htdocs\ktb-lab\system\CodeIgniter.php(832): App\Controllers\Admin->selesaikan()
#7 C:\xampp\htdocs\ktb-lab\system\CodeIgniter.php(419): CodeIgniter\CodeIgniter->runController(Object(App\Controllers\Admin))
#8 C:\xampp\htdocs\ktb-lab\system\CodeIgniter.php(326): CodeIgniter\CodeIgniter->handleRequest(NULL, Object(Config\Cache), false)
#9 C:\xampp\htdocs\ktb-lab\public\index.php(37): CodeIgniter\CodeIgniter->run()
#10 C:\xampp\htdocs\ktb-lab\system\Commands\Server\rewrite.php(43): require_once('C:\\xampp\\htdocs...')
#11 {main}
CRITICAL - 2022-06-27 10:33:31 --> Call to undefined method App\Models\AdminFasilitas::updateStatus
#0 C:\xampp\htdocs\ktb-lab\app\Controllers\Admin.php(182): CodeIgniter\Model->__call('updateStatus', Array)
#1 C:\xampp\htdocs\ktb-lab\system\CodeIgniter.php(832): App\Controllers\Admin->selesaikan()
#2 C:\xampp\htdocs\ktb-lab\system\CodeIgniter.php(419): CodeIgniter\CodeIgniter->runController(Object(App\Controllers\Admin))
#3 C:\xampp\htdocs\ktb-lab\system\CodeIgniter.php(326): CodeIgniter\CodeIgniter->handleRequest(NULL, Object(Config\Cache), false)
#4 C:\xampp\htdocs\ktb-lab\public\index.php(37): CodeIgniter\CodeIgniter->run()
#5 C:\xampp\htdocs\ktb-lab\system\Commands\Server\rewrite.php(43): require_once('C:\\xampp\\htdocs...')
#6 {main}
CRITICAL - 2022-06-27 10:34:50 --> Call to undefined method App\Models\AdminFasilitas::updateStatus
#0 C:\xampp\htdocs\ktb-lab\app\Controllers\Admin.php(182): CodeIgniter\Model->__call('updateStatus', Array)
#1 C:\xampp\htdocs\ktb-lab\system\CodeIgniter.php(832): App\Controllers\Admin->selesaikan()
#2 C:\xampp\htdocs\ktb-lab\system\CodeIgniter.php(419): CodeIgniter\CodeIgniter->runController(Object(App\Controllers\Admin))
#3 C:\xampp\htdocs\ktb-lab\system\CodeIgniter.php(326): CodeIgniter\CodeIgniter->handleRequest(NULL, Object(Config\Cache), false)
#4 C:\xampp\htdocs\ktb-lab\public\index.php(37): CodeIgniter\CodeIgniter->run()
#5 C:\xampp\htdocs\ktb-lab\system\Commands\Server\rewrite.php(43): require_once('C:\\xampp\\htdocs...')
#6 {main}
CRITICAL - 2022-06-27 10:35:19 --> Call to undefined method App\Models\AdminFasilitas::updateStatus
#0 C:\xampp\htdocs\ktb-lab\app\Controllers\Admin.php(182): CodeIgniter\Model->__call('updateStatus', Array)
#1 C:\xampp\htdocs\ktb-lab\system\CodeIgniter.php(832): App\Controllers\Admin->selesaikan()
#2 C:\xampp\htdocs\ktb-lab\system\CodeIgniter.php(419): CodeIgniter\CodeIgniter->runController(Object(App\Controllers\Admin))
#3 C:\xampp\htdocs\ktb-lab\system\CodeIgniter.php(326): CodeIgniter\CodeIgniter->handleRequest(NULL, Object(Config\Cache), false)
#4 C:\xampp\htdocs\ktb-lab\public\index.php(37): CodeIgniter\CodeIgniter->run()
#5 C:\xampp\htdocs\ktb-lab\system\Commands\Server\rewrite.php(43): require_once('C:\\xampp\\htdocs...')
#6 {main}
CRITICAL - 2022-06-27 10:35:55 --> Call to undefined method App\Models\AdminFasilitas::updateStatus
#0 C:\xampp\htdocs\ktb-lab\app\Controllers\Admin.php(182): CodeIgniter\Model->__call('updateStatus', Array)
#1 C:\xampp\htdocs\ktb-lab\system\CodeIgniter.php(832): App\Controllers\Admin->selesaikan()
#2 C:\xampp\htdocs\ktb-lab\system\CodeIgniter.php(419): CodeIgniter\CodeIgniter->runController(Object(App\Controllers\Admin))
#3 C:\xampp\htdocs\ktb-lab\system\CodeIgniter.php(326): CodeIgniter\CodeIgniter->handleRequest(NULL, Object(Config\Cache), false)
#4 C:\xampp\htdocs\ktb-lab\public\index.php(37): CodeIgniter\CodeIgniter->run()
#5 C:\xampp\htdocs\ktb-lab\system\Commands\Server\rewrite.php(43): require_once('C:\\xampp\\htdocs...')
#6 {main}
CRITICAL - 2022-06-27 10:36:03 --> Call to undefined method App\Models\AdminFasilitas::updateStatus
#0 C:\xampp\htdocs\ktb-lab\app\Controllers\Admin.php(182): CodeIgniter\Model->__call('updateStatus', Array)
#1 C:\xampp\htdocs\ktb-lab\system\CodeIgniter.php(832): App\Controllers\Admin->selesaikan()
#2 C:\xampp\htdocs\ktb-lab\system\CodeIgniter.php(419): CodeIgniter\CodeIgniter->runController(Object(App\Controllers\Admin))
#3 C:\xampp\htdocs\ktb-lab\system\CodeIgniter.php(326): CodeIgniter\CodeIgniter->handleRequest(NULL, Object(Config\Cache), false)
#4 C:\xampp\htdocs\ktb-lab\public\index.php(37): CodeIgniter\CodeIgniter->run()
#5 C:\xampp\htdocs\ktb-lab\system\Commands\Server\rewrite.php(43): require_once('C:\\xampp\\htdocs...')
#6 {main}
CRITICAL - 2022-06-27 10:36:57 --> Call to undefined method App\Models\AdminFasilitas::updateStatus
#0 C:\xampp\htdocs\ktb-lab\app\Controllers\Admin.php(180): CodeIgniter\Model->__call('updateStatus', Array)
#1 C:\xampp\htdocs\ktb-lab\system\CodeIgniter.php(832): App\Controllers\Admin->selesaikan()
#2 C:\xampp\htdocs\ktb-lab\system\CodeIgniter.php(419): CodeIgniter\CodeIgniter->runController(Object(App\Controllers\Admin))
#3 C:\xampp\htdocs\ktb-lab\system\CodeIgniter.php(326): CodeIgniter\CodeIgniter->handleRequest(NULL, Object(Config\Cache), false)
#4 C:\xampp\htdocs\ktb-lab\public\index.php(37): CodeIgniter\CodeIgniter->run()
#5 C:\xampp\htdocs\ktb-lab\system\Commands\Server\rewrite.php(43): require_once('C:\\xampp\\htdocs...')
#6 {main}
CRITICAL - 2022-06-27 10:37:40 --> Call to undefined method App\Models\AdminFasilitas::updateStatus
#0 C:\xampp\htdocs\ktb-lab\app\Controllers\Admin.php(180): CodeIgniter\Model->__call('updateStatus', Array)
#1 C:\xampp\htdocs\ktb-lab\system\CodeIgniter.php(832): App\Controllers\Admin->selesaikan()
#2 C:\xampp\htdocs\ktb-lab\system\CodeIgniter.php(419): CodeIgniter\CodeIgniter->runController(Object(App\Controllers\Admin))
#3 C:\xampp\htdocs\ktb-lab\system\CodeIgniter.php(326): CodeIgniter\CodeIgniter->handleRequest(NULL, Object(Config\Cache), false)
#4 C:\xampp\htdocs\ktb-lab\public\index.php(37): CodeIgniter\CodeIgniter->run()
#5 C:\xampp\htdocs\ktb-lab\system\Commands\Server\rewrite.php(43): require_once('C:\\xampp\\htdocs...')
#6 {main}
CRITICAL - 2022-06-27 10:38:02 --> Call to undefined method App\Models\AdminFasilitas::updateStatus
#0 C:\xampp\htdocs\ktb-lab\app\Controllers\Admin.php(180): CodeIgniter\Model->__call('updateStatus', Array)
#1 C:\xampp\htdocs\ktb-lab\system\CodeIgniter.php(832): App\Controllers\Admin->selesaikan()
#2 C:\xampp\htdocs\ktb-lab\system\CodeIgniter.php(419): CodeIgniter\CodeIgniter->runController(Object(App\Controllers\Admin))
#3 C:\xampp\htdocs\ktb-lab\system\CodeIgniter.php(326): CodeIgniter\CodeIgniter->handleRequest(NULL, Object(Config\Cache), false)
#4 C:\xampp\htdocs\ktb-lab\public\index.php(37): CodeIgniter\CodeIgniter->run()
#5 C:\xampp\htdocs\ktb-lab\system\Commands\Server\rewrite.php(43): require_once('C:\\xampp\\htdocs...')
#6 {main}
CRITICAL - 2022-06-27 10:38:22 --> Argument 1 passed to CodeIgniter\Database\BaseBuilder::update() must be of the type array or null, string given, called in C:\xampp\htdocs\ktb-lab\app\Models\AdminReservasi.php on line 45
#0 C:\xampp\htdocs\ktb-lab\app\Models\AdminReservasi.php(45): CodeIgniter\Database\BaseBuilder->update('1', Array)
#1 C:\xampp\htdocs\ktb-lab\app\Controllers\Admin.php(180): App\Models\AdminReservasi->updateStatus('1', '3')
#2 C:\xampp\htdocs\ktb-lab\system\CodeIgniter.php(832): App\Controllers\Admin->selesaikan()
#3 C:\xampp\htdocs\ktb-lab\system\CodeIgniter.php(419): CodeIgniter\CodeIgniter->runController(Object(App\Controllers\Admin))
#4 C:\xampp\htdocs\ktb-lab\system\CodeIgniter.php(326): CodeIgniter\CodeIgniter->handleRequest(NULL, Object(Config\Cache), false)
#5 C:\xampp\htdocs\ktb-lab\public\index.php(37): CodeIgniter\CodeIgniter->run()
#6 C:\xampp\htdocs\ktb-lab\system\Commands\Server\rewrite.php(43): require_once('C:\\xampp\\htdocs...')
#7 {main}
