CRITICAL - 2022-06-18 00:41:19 --> Trying to access array offset on value of type null
#0 D:\Belajar\Framework\ktb-lab\ktb-lab\app\Views\laboratorium\tkj.php(13): CodeIgniter\Debug\Exceptions->errorHandler(2, 'Trying to acces...', 'D:\\Belajar\\Fram...', 13)
#1 D:\Belajar\Framework\ktb-lab\ktb-lab\system\View\View.php(210): include('D:\\Belajar\\Fram...')
#2 D:\Belajar\Framework\ktb-lab\ktb-lab\system\View\View.php(213): CodeIgniter\View\View->CodeIgniter\View\{closure}()
#3 D:\Belajar\Framework\ktb-lab\ktb-lab\system\Common.php(1089): CodeIgniter\View\View->render('laboratorium/tk...', Array, true)
#4 D:\Belajar\Framework\ktb-lab\ktb-lab\app\Controllers\Lab.php(41): view('laboratorium/tk...', Array)
#5 D:\Belajar\Framework\ktb-lab\ktb-lab\system\CodeIgniter.php(832): App\Controllers\Lab->tkj()
#6 D:\Belajar\Framework\ktb-lab\ktb-lab\system\CodeIgniter.php(419): CodeIgniter\CodeIgniter->runController(Object(App\Controllers\Lab))
#7 D:\Belajar\Framework\ktb-lab\ktb-lab\system\CodeIgniter.php(326): CodeIgniter\CodeIgniter->handleRequest(NULL, Object(Config\Cache), false)
#8 D:\Belajar\Framework\ktb-lab\ktb-lab\public\index.php(37): CodeIgniter\CodeIgniter->run()
#9 D:\Belajar\Framework\ktb-lab\ktb-lab\system\Commands\Server\rewrite.php(43): require_once('D:\\Belajar\\Fram...')
#10 {main}
CRITICAL - 2022-06-18 05:15:36 --> Undefined variable $page
#0 D:\Belajar\Framework\ktb-lab\ktb-lab\app\Views\template\nav.php(101): CodeIgniter\Debug\Exceptions->errorHandler(2, 'Undefined varia...', 'D:\\Belajar\\Fram...', 101)
#1 D:\Belajar\Framework\ktb-lab\ktb-lab\system\View\View.php(210): include('D:\\Belajar\\Fram...')
#2 D:\Belajar\Framework\ktb-lab\ktb-lab\system\View\View.php(213): CodeIgniter\View\View->CodeIgniter\View\{closure}()
#3 D:\Belajar\Framework\ktb-lab\ktb-lab\system\View\View.php(424): CodeIgniter\View\View->render('template/nav', NULL, true)
#4 D:\Belajar\Framework\ktb-lab\ktb-lab\app\Views\layout.php(2): CodeIgniter\View\View->include('template/nav')
#5 D:\Belajar\Framework\ktb-lab\ktb-lab\system\View\View.php(210): include('D:\\Belajar\\Fram...')
#6 D:\Belajar\Framework\ktb-lab\ktb-lab\system\View\View.php(213): CodeIgniter\View\View->CodeIgniter\View\{closure}()
#7 D:\Belajar\Framework\ktb-lab\ktb-lab\system\View\View.php(226): CodeIgniter\View\View->render('layout', Array, true)
#8 D:\Belajar\Framework\ktb-lab\ktb-lab\system\Common.php(1089): CodeIgniter\View\View->render('fasilitas/fasil...', Array, true)
#9 D:\Belajar\Framework\ktb-lab\ktb-lab\app\Controllers\Lab.php(51): view('fasilitas/fasil...')
#10 D:\Belajar\Framework\ktb-lab\ktb-lab\system\CodeIgniter.php(832): App\Controllers\Lab->fac_rpl()
#11 D:\Belajar\Framework\ktb-lab\ktb-lab\system\CodeIgniter.php(419): CodeIgniter\CodeIgniter->runController(Object(App\Controllers\Lab))
#12 D:\Belajar\Framework\ktb-lab\ktb-lab\system\CodeIgniter.php(326): CodeIgniter\CodeIgniter->handleRequest(NULL, Object(Config\Cache), false)
#13 D:\Belajar\Framework\ktb-lab\ktb-lab\public\index.php(37): CodeIgniter\CodeIgniter->run()
#14 D:\Belajar\Framework\ktb-lab\ktb-lab\system\Commands\Server\rewrite.php(43): require_once('D:\\Belajar\\Fram...')
#15 {main}
CRITICAL - 2022-06-18 05:16:27 --> Undefined variable $page
#0 D:\Belajar\Framework\ktb-lab\ktb-lab\app\Views\template\nav.php(101): CodeIgniter\Debug\Exceptions->errorHandler(2, 'Undefined varia...', 'D:\\Belajar\\Fram...', 101)
#1 D:\Belajar\Framework\ktb-lab\ktb-lab\system\View\View.php(210): include('D:\\Belajar\\Fram...')
#2 D:\Belajar\Framework\ktb-lab\ktb-lab\system\View\View.php(213): CodeIgniter\View\View->CodeIgniter\View\{closure}()
#3 D:\Belajar\Framework\ktb-lab\ktb-lab\system\View\View.php(424): CodeIgniter\View\View->render('template/nav', NULL, true)
#4 D:\Belajar\Framework\ktb-lab\ktb-lab\app\Views\layout.php(2): CodeIgniter\View\View->include('template/nav')
#5 D:\Belajar\Framework\ktb-lab\ktb-lab\system\View\View.php(210): include('D:\\Belajar\\Fram...')
#6 D:\Belajar\Framework\ktb-lab\ktb-lab\system\View\View.php(213): CodeIgniter\View\View->CodeIgniter\View\{closure}()
#7 D:\Belajar\Framework\ktb-lab\ktb-lab\system\View\View.php(226): CodeIgniter\View\View->render('layout', Array, true)
#8 D:\Belajar\Framework\ktb-lab\ktb-lab\system\Common.php(1089): CodeIgniter\View\View->render('fasilitas/fasil...', Array, true)
#9 D:\Belajar\Framework\ktb-lab\ktb-lab\app\Controllers\Lab.php(53): view('fasilitas/fasil...')
#10 D:\Belajar\Framework\ktb-lab\ktb-lab\system\CodeIgniter.php(832): App\Controllers\Lab->fac_rpl()
#11 D:\Belajar\Framework\ktb-lab\ktb-lab\system\CodeIgniter.php(419): CodeIgniter\CodeIgniter->runController(Object(App\Controllers\Lab))
#12 D:\Belajar\Framework\ktb-lab\ktb-lab\system\CodeIgniter.php(326): CodeIgniter\CodeIgniter->handleRequest(NULL, Object(Config\Cache), false)
#13 D:\Belajar\Framework\ktb-lab\ktb-lab\public\index.php(37): CodeIgniter\CodeIgniter->run()
#14 D:\Belajar\Framework\ktb-lab\ktb-lab\system\Commands\Server\rewrite.php(43): require_once('D:\\Belajar\\Fram...')
#15 {main}
CRITICAL - 2022-06-18 05:16:28 --> Undefined variable $page
#0 D:\Belajar\Framework\ktb-lab\ktb-lab\app\Views\template\nav.php(101): CodeIgniter\Debug\Exceptions->errorHandler(2, 'Undefined varia...', 'D:\\Belajar\\Fram...', 101)
#1 D:\Belajar\Framework\ktb-lab\ktb-lab\system\View\View.php(210): include('D:\\Belajar\\Fram...')
#2 D:\Belajar\Framework\ktb-lab\ktb-lab\system\View\View.php(213): CodeIgniter\View\View->CodeIgniter\View\{closure}()
#3 D:\Belajar\Framework\ktb-lab\ktb-lab\system\View\View.php(424): CodeIgniter\View\View->render('template/nav', NULL, true)
#4 D:\Belajar\Framework\ktb-lab\ktb-lab\app\Views\layout.php(2): CodeIgniter\View\View->include('template/nav')
#5 D:\Belajar\Framework\ktb-lab\ktb-lab\system\View\View.php(210): include('D:\\Belajar\\Fram...')
#6 D:\Belajar\Framework\ktb-lab\ktb-lab\system\View\View.php(213): CodeIgniter\View\View->CodeIgniter\View\{closure}()
#7 D:\Belajar\Framework\ktb-lab\ktb-lab\system\View\View.php(226): CodeIgniter\View\View->render('layout', Array, true)
#8 D:\Belajar\Framework\ktb-lab\ktb-lab\system\Common.php(1089): CodeIgniter\View\View->render('fasilitas/fasil...', Array, true)
#9 D:\Belajar\Framework\ktb-lab\ktb-lab\app\Controllers\Lab.php(53): view('fasilitas/fasil...')
#10 D:\Belajar\Framework\ktb-lab\ktb-lab\system\CodeIgniter.php(832): App\Controllers\Lab->fac_rpl()
#11 D:\Belajar\Framework\ktb-lab\ktb-lab\system\CodeIgniter.php(419): CodeIgniter\CodeIgniter->runController(Object(App\Controllers\Lab))
#12 D:\Belajar\Framework\ktb-lab\ktb-lab\system\CodeIgniter.php(326): CodeIgniter\CodeIgniter->handleRequest(NULL, Object(Config\Cache), false)
#13 D:\Belajar\Framework\ktb-lab\ktb-lab\public\index.php(37): CodeIgniter\CodeIgniter->run()
#14 D:\Belajar\Framework\ktb-lab\ktb-lab\system\Commands\Server\rewrite.php(43): require_once('D:\\Belajar\\Fram...')
#15 {main}
CRITICAL - 2022-06-18 05:16:29 --> Undefined variable $page
#0 D:\Belajar\Framework\ktb-lab\ktb-lab\app\Views\template\nav.php(101): CodeIgniter\Debug\Exceptions->errorHandler(2, 'Undefined varia...', 'D:\\Belajar\\Fram...', 101)
#1 D:\Belajar\Framework\ktb-lab\ktb-lab\system\View\View.php(210): include('D:\\Belajar\\Fram...')
#2 D:\Belajar\Framework\ktb-lab\ktb-lab\system\View\View.php(213): CodeIgniter\View\View->CodeIgniter\View\{closure}()
#3 D:\Belajar\Framework\ktb-lab\ktb-lab\system\View\View.php(424): CodeIgniter\View\View->render('template/nav', NULL, true)
#4 D:\Belajar\Framework\ktb-lab\ktb-lab\app\Views\layout.php(2): CodeIgniter\View\View->include('template/nav')
#5 D:\Belajar\Framework\ktb-lab\ktb-lab\system\View\View.php(210): include('D:\\Belajar\\Fram...')
#6 D:\Belajar\Framework\ktb-lab\ktb-lab\system\View\View.php(213): CodeIgniter\View\View->CodeIgniter\View\{closure}()
#7 D:\Belajar\Framework\ktb-lab\ktb-lab\system\View\View.php(226): CodeIgniter\View\View->render('layout', Array, true)
#8 D:\Belajar\Framework\ktb-lab\ktb-lab\system\Common.php(1089): CodeIgniter\View\View->render('fasilitas/fasil...', Array, true)
#9 D:\Belajar\Framework\ktb-lab\ktb-lab\app\Controllers\Lab.php(53): view('fasilitas/fasil...')
#10 D:\Belajar\Framework\ktb-lab\ktb-lab\system\CodeIgniter.php(832): App\Controllers\Lab->fac_rpl()
#11 D:\Belajar\Framework\ktb-lab\ktb-lab\system\CodeIgniter.php(419): CodeIgniter\CodeIgniter->runController(Object(App\Controllers\Lab))
#12 D:\Belajar\Framework\ktb-lab\ktb-lab\system\CodeIgniter.php(326): CodeIgniter\CodeIgniter->handleRequest(NULL, Object(Config\Cache), false)
#13 D:\Belajar\Framework\ktb-lab\ktb-lab\public\index.php(37): CodeIgniter\CodeIgniter->run()
#14 D:\Belajar\Framework\ktb-lab\ktb-lab\system\Commands\Server\rewrite.php(43): require_once('D:\\Belajar\\Fram...')
#15 {main}
CRITICAL - 2022-06-18 05:18:33 --> Undefined variable $page
#0 D:\Belajar\Framework\ktb-lab\ktb-lab\app\Views\template\nav.php(101): CodeIgniter\Debug\Exceptions->errorHandler(2, 'Undefined varia...', 'D:\\Belajar\\Fram...', 101)
#1 D:\Belajar\Framework\ktb-lab\ktb-lab\system\View\View.php(210): include('D:\\Belajar\\Fram...')
#2 D:\Belajar\Framework\ktb-lab\ktb-lab\system\View\View.php(213): CodeIgniter\View\View->CodeIgniter\View\{closure}()
#3 D:\Belajar\Framework\ktb-lab\ktb-lab\system\View\View.php(424): CodeIgniter\View\View->render('template/nav', NULL, true)
#4 D:\Belajar\Framework\ktb-lab\ktb-lab\app\Views\layout.php(2): CodeIgniter\View\View->include('template/nav')
#5 D:\Belajar\Framework\ktb-lab\ktb-lab\system\View\View.php(210): include('D:\\Belajar\\Fram...')
#6 D:\Belajar\Framework\ktb-lab\ktb-lab\system\View\View.php(213): CodeIgniter\View\View->CodeIgniter\View\{closure}()
#7 D:\Belajar\Framework\ktb-lab\ktb-lab\system\View\View.php(226): CodeIgniter\View\View->render('layout', Array, true)
#8 D:\Belajar\Framework\ktb-lab\ktb-lab\system\Common.php(1089): CodeIgniter\View\View->render('fasilitas/fasil...', Array, true)
#9 D:\Belajar\Framework\ktb-lab\ktb-lab\app\Controllers\Lab.php(53): view('fasilitas/fasil...')
#10 D:\Belajar\Framework\ktb-lab\ktb-lab\system\CodeIgniter.php(832): App\Controllers\Lab->fac_rpl()
#11 D:\Belajar\Framework\ktb-lab\ktb-lab\system\CodeIgniter.php(419): CodeIgniter\CodeIgniter->runController(Object(App\Controllers\Lab))
#12 D:\Belajar\Framework\ktb-lab\ktb-lab\system\CodeIgniter.php(326): CodeIgniter\CodeIgniter->handleRequest(NULL, Object(Config\Cache), false)
#13 D:\Belajar\Framework\ktb-lab\ktb-lab\public\index.php(37): CodeIgniter\CodeIgniter->run()
#14 D:\Belajar\Framework\ktb-lab\ktb-lab\system\Commands\Server\rewrite.php(43): require_once('D:\\Belajar\\Fram...')
#15 {main}
CRITICAL - 2022-06-18 05:18:34 --> Undefined variable $page
#0 D:\Belajar\Framework\ktb-lab\ktb-lab\app\Views\template\nav.php(101): CodeIgniter\Debug\Exceptions->errorHandler(2, 'Undefined varia...', 'D:\\Belajar\\Fram...', 101)
#1 D:\Belajar\Framework\ktb-lab\ktb-lab\system\View\View.php(210): include('D:\\Belajar\\Fram...')
#2 D:\Belajar\Framework\ktb-lab\ktb-lab\system\View\View.php(213): CodeIgniter\View\View->CodeIgniter\View\{closure}()
#3 D:\Belajar\Framework\ktb-lab\ktb-lab\system\View\View.php(424): CodeIgniter\View\View->render('template/nav', NULL, true)
#4 D:\Belajar\Framework\ktb-lab\ktb-lab\app\Views\layout.php(2): CodeIgniter\View\View->include('template/nav')
#5 D:\Belajar\Framework\ktb-lab\ktb-lab\system\View\View.php(210): include('D:\\Belajar\\Fram...')
#6 D:\Belajar\Framework\ktb-lab\ktb-lab\system\View\View.php(213): CodeIgniter\View\View->CodeIgniter\View\{closure}()
#7 D:\Belajar\Framework\ktb-lab\ktb-lab\system\View\View.php(226): CodeIgniter\View\View->render('layout', Array, true)
#8 D:\Belajar\Framework\ktb-lab\ktb-lab\system\Common.php(1089): CodeIgniter\View\View->render('fasilitas/fasil...', Array, true)
#9 D:\Belajar\Framework\ktb-lab\ktb-lab\app\Controllers\Lab.php(53): view('fasilitas/fasil...')
#10 D:\Belajar\Framework\ktb-lab\ktb-lab\system\CodeIgniter.php(832): App\Controllers\Lab->fac_rpl()
#11 D:\Belajar\Framework\ktb-lab\ktb-lab\system\CodeIgniter.php(419): CodeIgniter\CodeIgniter->runController(Object(App\Controllers\Lab))
#12 D:\Belajar\Framework\ktb-lab\ktb-lab\system\CodeIgniter.php(326): CodeIgniter\CodeIgniter->handleRequest(NULL, Object(Config\Cache), false)
#13 D:\Belajar\Framework\ktb-lab\ktb-lab\public\index.php(37): CodeIgniter\CodeIgniter->run()
#14 D:\Belajar\Framework\ktb-lab\ktb-lab\system\Commands\Server\rewrite.php(43): require_once('D:\\Belajar\\Fram...')
#15 {main}
CRITICAL - 2022-06-18 05:18:35 --> Undefined variable $page
#0 D:\Belajar\Framework\ktb-lab\ktb-lab\app\Views\template\nav.php(101): CodeIgniter\Debug\Exceptions->errorHandler(2, 'Undefined varia...', 'D:\\Belajar\\Fram...', 101)
#1 D:\Belajar\Framework\ktb-lab\ktb-lab\system\View\View.php(210): include('D:\\Belajar\\Fram...')
#2 D:\Belajar\Framework\ktb-lab\ktb-lab\system\View\View.php(213): CodeIgniter\View\View->CodeIgniter\View\{closure}()
#3 D:\Belajar\Framework\ktb-lab\ktb-lab\system\View\View.php(424): CodeIgniter\View\View->render('template/nav', NULL, true)
#4 D:\Belajar\Framework\ktb-lab\ktb-lab\app\Views\layout.php(2): CodeIgniter\View\View->include('template/nav')
#5 D:\Belajar\Framework\ktb-lab\ktb-lab\system\View\View.php(210): include('D:\\Belajar\\Fram...')
#6 D:\Belajar\Framework\ktb-lab\ktb-lab\system\View\View.php(213): CodeIgniter\View\View->CodeIgniter\View\{closure}()
#7 D:\Belajar\Framework\ktb-lab\ktb-lab\system\View\View.php(226): CodeIgniter\View\View->render('layout', Array, true)
#8 D:\Belajar\Framework\ktb-lab\ktb-lab\system\Common.php(1089): CodeIgniter\View\View->render('fasilitas/fasil...', Array, true)
#9 D:\Belajar\Framework\ktb-lab\ktb-lab\app\Controllers\Lab.php(53): view('fasilitas/fasil...')
#10 D:\Belajar\Framework\ktb-lab\ktb-lab\system\CodeIgniter.php(832): App\Controllers\Lab->fac_rpl()
#11 D:\Belajar\Framework\ktb-lab\ktb-lab\system\CodeIgniter.php(419): CodeIgniter\CodeIgniter->runController(Object(App\Controllers\Lab))
#12 D:\Belajar\Framework\ktb-lab\ktb-lab\system\CodeIgniter.php(326): CodeIgniter\CodeIgniter->handleRequest(NULL, Object(Config\Cache), false)
#13 D:\Belajar\Framework\ktb-lab\ktb-lab\public\index.php(37): CodeIgniter\CodeIgniter->run()
#14 D:\Belajar\Framework\ktb-lab\ktb-lab\system\Commands\Server\rewrite.php(43): require_once('D:\\Belajar\\Fram...')
#15 {main}
CRITICAL - 2022-06-18 05:18:36 --> Undefined variable $page
#0 D:\Belajar\Framework\ktb-lab\ktb-lab\app\Views\template\nav.php(101): CodeIgniter\Debug\Exceptions->errorHandler(2, 'Undefined varia...', 'D:\\Belajar\\Fram...', 101)
#1 D:\Belajar\Framework\ktb-lab\ktb-lab\system\View\View.php(210): include('D:\\Belajar\\Fram...')
#2 D:\Belajar\Framework\ktb-lab\ktb-lab\system\View\View.php(213): CodeIgniter\View\View->CodeIgniter\View\{closure}()
#3 D:\Belajar\Framework\ktb-lab\ktb-lab\system\View\View.php(424): CodeIgniter\View\View->render('template/nav', NULL, true)
#4 D:\Belajar\Framework\ktb-lab\ktb-lab\app\Views\layout.php(2): CodeIgniter\View\View->include('template/nav')
#5 D:\Belajar\Framework\ktb-lab\ktb-lab\system\View\View.php(210): include('D:\\Belajar\\Fram...')
#6 D:\Belajar\Framework\ktb-lab\ktb-lab\system\View\View.php(213): CodeIgniter\View\View->CodeIgniter\View\{closure}()
#7 D:\Belajar\Framework\ktb-lab\ktb-lab\system\View\View.php(226): CodeIgniter\View\View->render('layout', Array, true)
#8 D:\Belajar\Framework\ktb-lab\ktb-lab\system\Common.php(1089): CodeIgniter\View\View->render('fasilitas/fasil...', Array, true)
#9 D:\Belajar\Framework\ktb-lab\ktb-lab\app\Controllers\Lab.php(53): view('fasilitas/fasil...')
#10 D:\Belajar\Framework\ktb-lab\ktb-lab\system\CodeIgniter.php(832): App\Controllers\Lab->fac_rpl()
#11 D:\Belajar\Framework\ktb-lab\ktb-lab\system\CodeIgniter.php(419): CodeIgniter\CodeIgniter->runController(Object(App\Controllers\Lab))
#12 D:\Belajar\Framework\ktb-lab\ktb-lab\system\CodeIgniter.php(326): CodeIgniter\CodeIgniter->handleRequest(NULL, Object(Config\Cache), false)
#13 D:\Belajar\Framework\ktb-lab\ktb-lab\public\index.php(37): CodeIgniter\CodeIgniter->run()
#14 D:\Belajar\Framework\ktb-lab\ktb-lab\system\Commands\Server\rewrite.php(43): require_once('D:\\Belajar\\Fram...')
#15 {main}
CRITICAL - 2022-06-18 05:18:58 --> Undefined variable $page
#0 D:\Belajar\Framework\ktb-lab\ktb-lab\app\Views\template\nav.php(101): CodeIgniter\Debug\Exceptions->errorHandler(2, 'Undefined varia...', 'D:\\Belajar\\Fram...', 101)
#1 D:\Belajar\Framework\ktb-lab\ktb-lab\system\View\View.php(210): include('D:\\Belajar\\Fram...')
#2 D:\Belajar\Framework\ktb-lab\ktb-lab\system\View\View.php(213): CodeIgniter\View\View->CodeIgniter\View\{closure}()
#3 D:\Belajar\Framework\ktb-lab\ktb-lab\system\View\View.php(424): CodeIgniter\View\View->render('template/nav', NULL, true)
#4 D:\Belajar\Framework\ktb-lab\ktb-lab\app\Views\layout.php(2): CodeIgniter\View\View->include('template/nav')
#5 D:\Belajar\Framework\ktb-lab\ktb-lab\system\View\View.php(210): include('D:\\Belajar\\Fram...')
#6 D:\Belajar\Framework\ktb-lab\ktb-lab\system\View\View.php(213): CodeIgniter\View\View->CodeIgniter\View\{closure}()
#7 D:\Belajar\Framework\ktb-lab\ktb-lab\system\View\View.php(226): CodeIgniter\View\View->render('layout', Array, true)
#8 D:\Belajar\Framework\ktb-lab\ktb-lab\system\Common.php(1089): CodeIgniter\View\View->render('fasilitas/fasil...', Array, true)
#9 D:\Belajar\Framework\ktb-lab\ktb-lab\app\Controllers\Lab.php(53): view('fasilitas/fasil...')
#10 D:\Belajar\Framework\ktb-lab\ktb-lab\system\CodeIgniter.php(832): App\Controllers\Lab->fac_rpl()
#11 D:\Belajar\Framework\ktb-lab\ktb-lab\system\CodeIgniter.php(419): CodeIgniter\CodeIgniter->runController(Object(App\Controllers\Lab))
#12 D:\Belajar\Framework\ktb-lab\ktb-lab\system\CodeIgniter.php(326): CodeIgniter\CodeIgniter->handleRequest(NULL, Object(Config\Cache), false)
#13 D:\Belajar\Framework\ktb-lab\ktb-lab\public\index.php(37): CodeIgniter\CodeIgniter->run()
#14 D:\Belajar\Framework\ktb-lab\ktb-lab\system\Commands\Server\rewrite.php(43): require_once('D:\\Belajar\\Fram...')
#15 {main}
